-- Install configuration: ""
-- Up-to-date: /home/innovator/2025-Team-Innovators-Docs/IT/week-3/ros2_ws/install/tekbot_description/share/ament_index/resource_index/package_run_dependencies/tekbot_description
-- Up-to-date: /home/innovator/2025-Team-Innovators-Docs/IT/week-3/ros2_ws/install/tekbot_description/share/ament_index/resource_index/parent_prefix_path/tekbot_description
-- Up-to-date: /home/innovator/2025-Team-Innovators-Docs/IT/week-3/ros2_ws/install/tekbot_description/share/tekbot_description/environment/ament_prefix_path.sh
-- Up-to-date: /home/innovator/2025-Team-Innovators-Docs/IT/week-3/ros2_ws/install/tekbot_description/share/tekbot_description/environment/ament_prefix_path.dsv
-- Up-to-date: /home/innovator/2025-Team-Innovators-Docs/IT/week-3/ros2_ws/install/tekbot_description/share/tekbot_description/environment/path.sh
-- Up-to-date: /home/innovator/2025-Team-Innovators-Docs/IT/week-3/ros2_ws/install/tekbot_description/share/tekbot_description/environment/path.dsv
-- Up-to-date: /home/innovator/2025-Team-Innovators-Docs/IT/week-3/ros2_ws/install/tekbot_description/share/tekbot_description/local_setup.bash
-- Up-to-date: /home/innovator/2025-Team-Innovators-Docs/IT/week-3/ros2_ws/install/tekbot_description/share/tekbot_description/local_setup.sh
-- Up-to-date: /home/innovator/2025-Team-Innovators-Docs/IT/week-3/ros2_ws/install/tekbot_description/share/tekbot_description/local_setup.zsh
-- Up-to-date: /home/innovator/2025-Team-Innovators-Docs/IT/week-3/ros2_ws/install/tekbot_description/share/tekbot_description/local_setup.dsv
-- Installing: /home/innovator/2025-Team-Innovators-Docs/IT/week-3/ros2_ws/install/tekbot_description/share/tekbot_description/package.dsv
-- Up-to-date: /home/innovator/2025-Team-Innovators-Docs/IT/week-3/ros2_ws/install/tekbot_description/share/ament_index/resource_index/packages/tekbot_description
-- Up-to-date: /home/innovator/2025-Team-Innovators-Docs/IT/week-3/ros2_ws/install/tekbot_description/share/tekbot_description/cmake/ament_cmake_export_dependencies-extras.cmake
-- Up-to-date: /home/innovator/2025-Team-Innovators-Docs/IT/week-3/ros2_ws/install/tekbot_description/share/tekbot_description/cmake/tekbot_descriptionConfig.cmake
-- Up-to-date: /home/innovator/2025-Team-Innovators-Docs/IT/week-3/ros2_ws/install/tekbot_description/share/tekbot_description/cmake/tekbot_descriptionConfig-version.cmake
-- Up-to-date: /home/innovator/2025-Team-Innovators-Docs/IT/week-3/ros2_ws/install/tekbot_description/share/tekbot_description/package.xml
-- Up-to-date: /home/innovator/2025-Team-Innovators-Docs/IT/week-3/ros2_ws/install/tekbot_description/share/tekbot_description/launch
-- Up-to-date: /home/innovator/2025-Team-Innovators-Docs/IT/week-3/ros2_ws/install/tekbot_description/share/tekbot_description/launch/description.launch.py
-- Up-to-date: /home/innovator/2025-Team-Innovators-Docs/IT/week-3/ros2_ws/install/tekbot_description/share/tekbot_description/launch/rviz.launch.py
-- Up-to-date: /home/innovator/2025-Team-Innovators-Docs/IT/week-3/ros2_ws/install/tekbot_description/share/tekbot_description/launch/gazebo.launch.py
-- Up-to-date: /home/innovator/2025-Team-Innovators-Docs/IT/week-3/ros2_ws/install/tekbot_description/share/tekbot_description/urdf
-- Up-to-date: /home/innovator/2025-Team-Innovators-Docs/IT/week-3/ros2_ws/install/tekbot_description/share/tekbot_description/urdf/wheel.urdf.xacro
-- Up-to-date: /home/innovator/2025-Team-Innovators-Docs/IT/week-3/ros2_ws/install/tekbot_description/share/tekbot_description/urdf/cylinder.urdf.xacro
-- Up-to-date: /home/innovator/2025-Team-Innovators-Docs/IT/week-3/ros2_ws/install/tekbot_description/share/tekbot_description/urdf/tekbot.urdf
-- Up-to-date: /home/innovator/2025-Team-Innovators-Docs/IT/week-3/ros2_ws/install/tekbot_description/share/tekbot_description/rviz
-- Up-to-date: /home/innovator/2025-Team-Innovators-Docs/IT/week-3/ros2_ws/install/tekbot_description/share/tekbot_description/rviz/tekbot_des.rviz
-- Up-to-date: /home/innovator/2025-Team-Innovators-Docs/IT/week-3/ros2_ws/install/tekbot_description/share/tekbot_description/meshes
-- Up-to-date: /home/innovator/2025-Team-Innovators-Docs/IT/week-3/ros2_ws/install/tekbot_description/share/tekbot_description/meshes/robot_base.stl
-- Up-to-date: /home/innovator/2025-Team-Innovators-Docs/IT/week-3/ros2_ws/install/tekbot_description/share/tekbot_description/meshes/wheel.stl
-- Up-to-date: /home/innovator/2025-Team-Innovators-Docs/IT/week-3/ros2_ws/install/tekbot_description/share/tekbot_description/meshes/tire.stl
