[0.119s] DEBUG:colcon:Command line arguments: ['/usr/bin/colcon', 'build']
[0.119s] DEBUG:colcon:Parsed command line arguments: Namespace(log_base=None, log_level=None, verb_name='build', build_base='build', install_base='install', merge_install=False, symlink_install=False, test_result_base=None, continue_on_error=False, executor='parallel', parallel_workers=4, event_handlers=None, ignore_user_meta=False, metas=['./colcon.meta'], base_paths=['.'], packages_ignore=None, packages_ignore_regex=None, paths=None, packages_up_to=None, packages_up_to_regex=None, packages_above=None, packages_above_and_dependencies=None, packages_above_depth=None, packages_select_by_dep=None, packages_skip_by_dep=None, packages_skip_up_to=None, packages_select_build_failed=False, packages_skip_build_finished=False, packages_select_test_failures=False, packages_skip_test_passed=False, packages_select=None, packages_skip=None, packages_select_regex=None, packages_skip_regex=None, packages_start=None, packages_end=None, allow_overriding=[], cmake_args=None, cmake_target=None, cmake_target_skip_unavailable=False, cmake_clean_cache=False, cmake_clean_first=False, cmake_force_configure=False, ament_cmake_args=None, catkin_cmake_args=None, catkin_skip_building_tests=False, mixin_files=None, mixin=None, verb_parser=<colcon_mixin.mixin.mixin_argument.MixinArgumentDecorator object at 0x77185b524d90>, verb_extension=<colcon_core.verb.build.BuildVerb object at 0x77185b649d20>, main=<bound method BuildVerb.main of <colcon_core.verb.build.BuildVerb object at 0x77185b649d20>>, mixin_verb=('build',))
[0.269s] Level 1:colcon.colcon_core.package_discovery:discover_packages(colcon_meta) check parameters
[0.269s] Level 1:colcon.colcon_core.package_discovery:discover_packages(recursive) check parameters
[0.269s] Level 1:colcon.colcon_core.package_discovery:discover_packages(ignore) check parameters
[0.269s] Level 1:colcon.colcon_core.package_discovery:discover_packages(path) check parameters
[0.269s] Level 1:colcon.colcon_core.package_discovery:discover_packages(colcon_meta) discover
[0.269s] Level 1:colcon.colcon_core.package_discovery:discover_packages(recursive) discover
[0.269s] INFO:colcon.colcon_core.package_discovery:Crawling recursively for packages in '/home/innovator/2025-Team-Innovators-Docs/IT/week-3/ros2_ws'
[0.269s] Level 1:colcon.colcon_core.package_identification:_identify(.) by extensions ['ignore', 'ignore_ament_install']
[0.270s] Level 1:colcon.colcon_core.package_identification:_identify(.) by extension 'ignore'
[0.270s] Level 1:colcon.colcon_core.package_identification:_identify(.) by extension 'ignore_ament_install'
[0.270s] Level 1:colcon.colcon_core.package_identification:_identify(.) by extensions ['colcon_pkg']
[0.270s] Level 1:colcon.colcon_core.package_identification:_identify(.) by extension 'colcon_pkg'
[0.270s] Level 1:colcon.colcon_core.package_identification:_identify(.) by extensions ['colcon_meta']
[0.270s] Level 1:colcon.colcon_core.package_identification:_identify(.) by extension 'colcon_meta'
[0.270s] Level 1:colcon.colcon_core.package_identification:_identify(.) by extensions ['ros']
[0.270s] Level 1:colcon.colcon_core.package_identification:_identify(.) by extension 'ros'
[0.283s] Level 1:colcon.colcon_core.package_identification:_identify(.) by extensions ['cmake', 'python']
[0.283s] Level 1:colcon.colcon_core.package_identification:_identify(.) by extension 'cmake'
[0.283s] Level 1:colcon.colcon_core.package_identification:_identify(.) by extension 'python'
[0.283s] Level 1:colcon.colcon_core.package_identification:_identify(.) by extensions ['python_setup_py']
[0.283s] Level 1:colcon.colcon_core.package_identification:_identify(.) by extension 'python_setup_py'
[0.283s] Level 1:colcon.colcon_core.package_identification:_identify(build) by extensions ['ignore', 'ignore_ament_install']
[0.283s] Level 1:colcon.colcon_core.package_identification:_identify(build) by extension 'ignore'
[0.283s] Level 1:colcon.colcon_core.package_identification:_identify(build) ignored
[0.283s] Level 1:colcon.colcon_core.package_identification:_identify(install) by extensions ['ignore', 'ignore_ament_install']
[0.283s] Level 1:colcon.colcon_core.package_identification:_identify(install) by extension 'ignore'
[0.283s] Level 1:colcon.colcon_core.package_identification:_identify(install) ignored
[0.284s] Level 1:colcon.colcon_core.package_identification:_identify(log) by extensions ['ignore', 'ignore_ament_install']
[0.284s] Level 1:colcon.colcon_core.package_identification:_identify(log) by extension 'ignore'
[0.284s] Level 1:colcon.colcon_core.package_identification:_identify(log) ignored
[0.284s] Level 1:colcon.colcon_core.package_identification:_identify(src) by extensions ['ignore', 'ignore_ament_install']
[0.284s] Level 1:colcon.colcon_core.package_identification:_identify(src) by extension 'ignore'
[0.284s] Level 1:colcon.colcon_core.package_identification:_identify(src) by extension 'ignore_ament_install'
[0.284s] Level 1:colcon.colcon_core.package_identification:_identify(src) by extensions ['colcon_pkg']
[0.284s] Level 1:colcon.colcon_core.package_identification:_identify(src) by extension 'colcon_pkg'
[0.284s] Level 1:colcon.colcon_core.package_identification:_identify(src) by extensions ['colcon_meta']
[0.284s] Level 1:colcon.colcon_core.package_identification:_identify(src) by extension 'colcon_meta'
[0.284s] Level 1:colcon.colcon_core.package_identification:_identify(src) by extensions ['ros']
[0.284s] Level 1:colcon.colcon_core.package_identification:_identify(src) by extension 'ros'
[0.284s] Level 1:colcon.colcon_core.package_identification:_identify(src) by extensions ['cmake', 'python']
[0.284s] Level 1:colcon.colcon_core.package_identification:_identify(src) by extension 'cmake'
[0.284s] Level 1:colcon.colcon_core.package_identification:_identify(src) by extension 'python'
[0.284s] Level 1:colcon.colcon_core.package_identification:_identify(src) by extensions ['python_setup_py']
[0.284s] Level 1:colcon.colcon_core.package_identification:_identify(src) by extension 'python_setup_py'
[0.284s] Level 1:colcon.colcon_core.package_identification:_identify(src/pathfinding_nav) by extensions ['ignore', 'ignore_ament_install']
[0.285s] Level 1:colcon.colcon_core.package_identification:_identify(src/pathfinding_nav) by extension 'ignore'
[0.285s] Level 1:colcon.colcon_core.package_identification:_identify(src/pathfinding_nav) by extension 'ignore_ament_install'
[0.285s] Level 1:colcon.colcon_core.package_identification:_identify(src/pathfinding_nav) by extensions ['colcon_pkg']
[0.285s] Level 1:colcon.colcon_core.package_identification:_identify(src/pathfinding_nav) by extension 'colcon_pkg'
[0.285s] Level 1:colcon.colcon_core.package_identification:_identify(src/pathfinding_nav) by extensions ['colcon_meta']
[0.285s] Level 1:colcon.colcon_core.package_identification:_identify(src/pathfinding_nav) by extension 'colcon_meta'
[0.285s] Level 1:colcon.colcon_core.package_identification:_identify(src/pathfinding_nav) by extensions ['ros']
[0.285s] Level 1:colcon.colcon_core.package_identification:_identify(src/pathfinding_nav) by extension 'ros'
[0.287s] DEBUG:colcon.colcon_core.package_identification:Package 'src/pathfinding_nav' with type 'ros.ament_python' and name 'pathfinding_nav'
[0.288s] Level 1:colcon.colcon_core.package_identification:_identify(src/tekbot_sim) by extensions ['ignore', 'ignore_ament_install']
[0.288s] Level 1:colcon.colcon_core.package_identification:_identify(src/tekbot_sim) by extension 'ignore'
[0.288s] Level 1:colcon.colcon_core.package_identification:_identify(src/tekbot_sim) by extension 'ignore_ament_install'
[0.288s] Level 1:colcon.colcon_core.package_identification:_identify(src/tekbot_sim) by extensions ['colcon_pkg']
[0.288s] Level 1:colcon.colcon_core.package_identification:_identify(src/tekbot_sim) by extension 'colcon_pkg'
[0.288s] Level 1:colcon.colcon_core.package_identification:_identify(src/tekbot_sim) by extensions ['colcon_meta']
[0.288s] Level 1:colcon.colcon_core.package_identification:_identify(src/tekbot_sim) by extension 'colcon_meta'
[0.288s] Level 1:colcon.colcon_core.package_identification:_identify(src/tekbot_sim) by extensions ['ros']
[0.288s] Level 1:colcon.colcon_core.package_identification:_identify(src/tekbot_sim) by extension 'ros'
[0.288s] Level 1:colcon.colcon_core.package_identification:_identify(src/tekbot_sim) by extensions ['cmake', 'python']
[0.288s] Level 1:colcon.colcon_core.package_identification:_identify(src/tekbot_sim) by extension 'cmake'
[0.288s] Level 1:colcon.colcon_core.package_identification:_identify(src/tekbot_sim) by extension 'python'
[0.288s] Level 1:colcon.colcon_core.package_identification:_identify(src/tekbot_sim) by extensions ['python_setup_py']
[0.288s] Level 1:colcon.colcon_core.package_identification:_identify(src/tekbot_sim) by extension 'python_setup_py'
[0.288s] Level 1:colcon.colcon_core.package_identification:_identify(src/tekbot_sim/maze_solving) by extensions ['ignore', 'ignore_ament_install']
[0.289s] Level 1:colcon.colcon_core.package_identification:_identify(src/tekbot_sim/maze_solving) by extension 'ignore'
[0.289s] Level 1:colcon.colcon_core.package_identification:_identify(src/tekbot_sim/maze_solving) by extension 'ignore_ament_install'
[0.289s] Level 1:colcon.colcon_core.package_identification:_identify(src/tekbot_sim/maze_solving) by extensions ['colcon_pkg']
[0.289s] Level 1:colcon.colcon_core.package_identification:_identify(src/tekbot_sim/maze_solving) by extension 'colcon_pkg'
[0.289s] Level 1:colcon.colcon_core.package_identification:_identify(src/tekbot_sim/maze_solving) by extensions ['colcon_meta']
[0.289s] Level 1:colcon.colcon_core.package_identification:_identify(src/tekbot_sim/maze_solving) by extension 'colcon_meta'
[0.289s] Level 1:colcon.colcon_core.package_identification:_identify(src/tekbot_sim/maze_solving) by extensions ['ros']
[0.289s] Level 1:colcon.colcon_core.package_identification:_identify(src/tekbot_sim/maze_solving) by extension 'ros'
[0.290s] DEBUG:colcon.colcon_core.package_identification:Package 'src/tekbot_sim/maze_solving' with type 'ros.ament_cmake' and name 'maze_solving'
[0.290s] Level 1:colcon.colcon_core.package_identification:_identify(src/tekbot_sim/tekbot) by extensions ['ignore', 'ignore_ament_install']
[0.290s] Level 1:colcon.colcon_core.package_identification:_identify(src/tekbot_sim/tekbot) by extension 'ignore'
[0.290s] Level 1:colcon.colcon_core.package_identification:_identify(src/tekbot_sim/tekbot) by extension 'ignore_ament_install'
[0.290s] Level 1:colcon.colcon_core.package_identification:_identify(src/tekbot_sim/tekbot) by extensions ['colcon_pkg']
[0.290s] Level 1:colcon.colcon_core.package_identification:_identify(src/tekbot_sim/tekbot) by extension 'colcon_pkg'
[0.290s] Level 1:colcon.colcon_core.package_identification:_identify(src/tekbot_sim/tekbot) by extensions ['colcon_meta']
[0.290s] Level 1:colcon.colcon_core.package_identification:_identify(src/tekbot_sim/tekbot) by extension 'colcon_meta'
[0.290s] Level 1:colcon.colcon_core.package_identification:_identify(src/tekbot_sim/tekbot) by extensions ['ros']
[0.290s] Level 1:colcon.colcon_core.package_identification:_identify(src/tekbot_sim/tekbot) by extension 'ros'
[0.290s] Level 1:colcon.colcon_core.package_identification:_identify(src/tekbot_sim/tekbot) by extensions ['cmake', 'python']
[0.290s] Level 1:colcon.colcon_core.package_identification:_identify(src/tekbot_sim/tekbot) by extension 'cmake'
[0.290s] Level 1:colcon.colcon_core.package_identification:_identify(src/tekbot_sim/tekbot) by extension 'python'
[0.290s] Level 1:colcon.colcon_core.package_identification:_identify(src/tekbot_sim/tekbot) by extensions ['python_setup_py']
[0.290s] Level 1:colcon.colcon_core.package_identification:_identify(src/tekbot_sim/tekbot) by extension 'python_setup_py'
[0.291s] Level 1:colcon.colcon_core.package_identification:_identify(src/tekbot_sim/tekbot/tekbot_control) by extensions ['ignore', 'ignore_ament_install']
[0.291s] Level 1:colcon.colcon_core.package_identification:_identify(src/tekbot_sim/tekbot/tekbot_control) by extension 'ignore'
[0.291s] Level 1:colcon.colcon_core.package_identification:_identify(src/tekbot_sim/tekbot/tekbot_control) by extension 'ignore_ament_install'
[0.291s] Level 1:colcon.colcon_core.package_identification:_identify(src/tekbot_sim/tekbot/tekbot_control) by extensions ['colcon_pkg']
[0.291s] Level 1:colcon.colcon_core.package_identification:_identify(src/tekbot_sim/tekbot/tekbot_control) by extension 'colcon_pkg'
[0.291s] Level 1:colcon.colcon_core.package_identification:_identify(src/tekbot_sim/tekbot/tekbot_control) by extensions ['colcon_meta']
[0.291s] Level 1:colcon.colcon_core.package_identification:_identify(src/tekbot_sim/tekbot/tekbot_control) by extension 'colcon_meta'
[0.291s] Level 1:colcon.colcon_core.package_identification:_identify(src/tekbot_sim/tekbot/tekbot_control) by extensions ['ros']
[0.291s] Level 1:colcon.colcon_core.package_identification:_identify(src/tekbot_sim/tekbot/tekbot_control) by extension 'ros'
[0.293s] DEBUG:colcon.colcon_core.package_identification:Package 'src/tekbot_sim/tekbot/tekbot_control' with type 'ros.ament_cmake' and name 'tekbot_control'
[0.293s] Level 1:colcon.colcon_core.package_identification:_identify(src/tekbot_sim/tekbot/tekbot_description) by extensions ['ignore', 'ignore_ament_install']
[0.293s] Level 1:colcon.colcon_core.package_identification:_identify(src/tekbot_sim/tekbot/tekbot_description) by extension 'ignore'
[0.293s] Level 1:colcon.colcon_core.package_identification:_identify(src/tekbot_sim/tekbot/tekbot_description) by extension 'ignore_ament_install'
[0.293s] Level 1:colcon.colcon_core.package_identification:_identify(src/tekbot_sim/tekbot/tekbot_description) by extensions ['colcon_pkg']
[0.293s] Level 1:colcon.colcon_core.package_identification:_identify(src/tekbot_sim/tekbot/tekbot_description) by extension 'colcon_pkg'
[0.293s] Level 1:colcon.colcon_core.package_identification:_identify(src/tekbot_sim/tekbot/tekbot_description) by extensions ['colcon_meta']
[0.294s] Level 1:colcon.colcon_core.package_identification:_identify(src/tekbot_sim/tekbot/tekbot_description) by extension 'colcon_meta'
[0.294s] Level 1:colcon.colcon_core.package_identification:_identify(src/tekbot_sim/tekbot/tekbot_description) by extensions ['ros']
[0.294s] Level 1:colcon.colcon_core.package_identification:_identify(src/tekbot_sim/tekbot/tekbot_description) by extension 'ros'
[0.294s] DEBUG:colcon.colcon_core.package_identification:Package 'src/tekbot_sim/tekbot/tekbot_description' with type 'ros.ament_cmake' and name 'tekbot_description'
[0.295s] Level 1:colcon.colcon_core.package_discovery:discover_packages(recursive) using defaults
[0.295s] Level 1:colcon.colcon_core.package_discovery:discover_packages(ignore) discover
[0.295s] Level 1:colcon.colcon_core.package_discovery:discover_packages(ignore) using defaults
[0.295s] Level 1:colcon.colcon_core.package_discovery:discover_packages(path) discover
[0.295s] Level 1:colcon.colcon_core.package_discovery:discover_packages(path) using defaults
[0.317s] Level 1:colcon.colcon_core.package_discovery:discover_packages(prefix_path) check parameters
[0.317s] Level 1:colcon.colcon_core.package_discovery:discover_packages(prefix_path) discover
[0.318s] Level 1:colcon.colcon_core.package_discovery:discover_packages(prefix_path) using defaults
[0.319s] Level 5:colcon.colcon_core.verb:set package 'maze_solving' build argument 'cmake_args' from command line to 'None'
[0.319s] Level 5:colcon.colcon_core.verb:set package 'maze_solving' build argument 'cmake_target' from command line to 'None'
[0.319s] Level 5:colcon.colcon_core.verb:set package 'maze_solving' build argument 'cmake_target_skip_unavailable' from command line to 'False'
[0.319s] Level 5:colcon.colcon_core.verb:set package 'maze_solving' build argument 'cmake_clean_cache' from command line to 'False'
[0.319s] Level 5:colcon.colcon_core.verb:set package 'maze_solving' build argument 'cmake_clean_first' from command line to 'False'
[0.319s] Level 5:colcon.colcon_core.verb:set package 'maze_solving' build argument 'cmake_force_configure' from command line to 'False'
[0.319s] Level 5:colcon.colcon_core.verb:set package 'maze_solving' build argument 'ament_cmake_args' from command line to 'None'
[0.319s] Level 5:colcon.colcon_core.verb:set package 'maze_solving' build argument 'catkin_cmake_args' from command line to 'None'
[0.319s] Level 5:colcon.colcon_core.verb:set package 'maze_solving' build argument 'catkin_skip_building_tests' from command line to 'False'
[0.319s] DEBUG:colcon.colcon_core.verb:Building package 'maze_solving' with the following arguments: {'ament_cmake_args': None, 'build_base': '/home/innovator/2025-Team-Innovators-Docs/IT/week-3/ros2_ws/build/maze_solving', 'catkin_cmake_args': None, 'catkin_skip_building_tests': False, 'cmake_args': None, 'cmake_clean_cache': False, 'cmake_clean_first': False, 'cmake_force_configure': False, 'cmake_target': None, 'cmake_target_skip_unavailable': False, 'install_base': '/home/innovator/2025-Team-Innovators-Docs/IT/week-3/ros2_ws/install/maze_solving', 'merge_install': False, 'path': '/home/innovator/2025-Team-Innovators-Docs/IT/week-3/ros2_ws/src/tekbot_sim/maze_solving', 'symlink_install': False, 'test_result_base': None}
[0.320s] Level 5:colcon.colcon_core.verb:set package 'pathfinding_nav' build argument 'cmake_args' from command line to 'None'
[0.320s] Level 5:colcon.colcon_core.verb:set package 'pathfinding_nav' build argument 'cmake_target' from command line to 'None'
[0.320s] Level 5:colcon.colcon_core.verb:set package 'pathfinding_nav' build argument 'cmake_target_skip_unavailable' from command line to 'False'
[0.320s] Level 5:colcon.colcon_core.verb:set package 'pathfinding_nav' build argument 'cmake_clean_cache' from command line to 'False'
[0.320s] Level 5:colcon.colcon_core.verb:set package 'pathfinding_nav' build argument 'cmake_clean_first' from command line to 'False'
[0.320s] Level 5:colcon.colcon_core.verb:set package 'pathfinding_nav' build argument 'cmake_force_configure' from command line to 'False'
[0.320s] Level 5:colcon.colcon_core.verb:set package 'pathfinding_nav' build argument 'ament_cmake_args' from command line to 'None'
[0.320s] Level 5:colcon.colcon_core.verb:set package 'pathfinding_nav' build argument 'catkin_cmake_args' from command line to 'None'
[0.320s] Level 5:colcon.colcon_core.verb:set package 'pathfinding_nav' build argument 'catkin_skip_building_tests' from command line to 'False'
[0.320s] DEBUG:colcon.colcon_core.verb:Building package 'pathfinding_nav' with the following arguments: {'ament_cmake_args': None, 'build_base': '/home/innovator/2025-Team-Innovators-Docs/IT/week-3/ros2_ws/build/pathfinding_nav', 'catkin_cmake_args': None, 'catkin_skip_building_tests': False, 'cmake_args': None, 'cmake_clean_cache': False, 'cmake_clean_first': False, 'cmake_force_configure': False, 'cmake_target': None, 'cmake_target_skip_unavailable': False, 'install_base': '/home/innovator/2025-Team-Innovators-Docs/IT/week-3/ros2_ws/install/pathfinding_nav', 'merge_install': False, 'path': '/home/innovator/2025-Team-Innovators-Docs/IT/week-3/ros2_ws/src/pathfinding_nav', 'symlink_install': False, 'test_result_base': None}
[0.320s] Level 5:colcon.colcon_core.verb:set package 'tekbot_control' build argument 'cmake_args' from command line to 'None'
[0.320s] Level 5:colcon.colcon_core.verb:set package 'tekbot_control' build argument 'cmake_target' from command line to 'None'
[0.320s] Level 5:colcon.colcon_core.verb:set package 'tekbot_control' build argument 'cmake_target_skip_unavailable' from command line to 'False'
[0.320s] Level 5:colcon.colcon_core.verb:set package 'tekbot_control' build argument 'cmake_clean_cache' from command line to 'False'
[0.320s] Level 5:colcon.colcon_core.verb:set package 'tekbot_control' build argument 'cmake_clean_first' from command line to 'False'
[0.321s] Level 5:colcon.colcon_core.verb:set package 'tekbot_control' build argument 'cmake_force_configure' from command line to 'False'
[0.321s] Level 5:colcon.colcon_core.verb:set package 'tekbot_control' build argument 'ament_cmake_args' from command line to 'None'
[0.321s] Level 5:colcon.colcon_core.verb:set package 'tekbot_control' build argument 'catkin_cmake_args' from command line to 'None'
[0.321s] Level 5:colcon.colcon_core.verb:set package 'tekbot_control' build argument 'catkin_skip_building_tests' from command line to 'False'
[0.321s] DEBUG:colcon.colcon_core.verb:Building package 'tekbot_control' with the following arguments: {'ament_cmake_args': None, 'build_base': '/home/innovator/2025-Team-Innovators-Docs/IT/week-3/ros2_ws/build/tekbot_control', 'catkin_cmake_args': None, 'catkin_skip_building_tests': False, 'cmake_args': None, 'cmake_clean_cache': False, 'cmake_clean_first': False, 'cmake_force_configure': False, 'cmake_target': None, 'cmake_target_skip_unavailable': False, 'install_base': '/home/innovator/2025-Team-Innovators-Docs/IT/week-3/ros2_ws/install/tekbot_control', 'merge_install': False, 'path': '/home/innovator/2025-Team-Innovators-Docs/IT/week-3/ros2_ws/src/tekbot_sim/tekbot/tekbot_control', 'symlink_install': False, 'test_result_base': None}
[0.321s] Level 5:colcon.colcon_core.verb:set package 'tekbot_description' build argument 'cmake_args' from command line to 'None'
[0.321s] Level 5:colcon.colcon_core.verb:set package 'tekbot_description' build argument 'cmake_target' from command line to 'None'
[0.321s] Level 5:colcon.colcon_core.verb:set package 'tekbot_description' build argument 'cmake_target_skip_unavailable' from command line to 'False'
[0.321s] Level 5:colcon.colcon_core.verb:set package 'tekbot_description' build argument 'cmake_clean_cache' from command line to 'False'
[0.321s] Level 5:colcon.colcon_core.verb:set package 'tekbot_description' build argument 'cmake_clean_first' from command line to 'False'
[0.321s] Level 5:colcon.colcon_core.verb:set package 'tekbot_description' build argument 'cmake_force_configure' from command line to 'False'
[0.321s] Level 5:colcon.colcon_core.verb:set package 'tekbot_description' build argument 'ament_cmake_args' from command line to 'None'
[0.321s] Level 5:colcon.colcon_core.verb:set package 'tekbot_description' build argument 'catkin_cmake_args' from command line to 'None'
[0.321s] Level 5:colcon.colcon_core.verb:set package 'tekbot_description' build argument 'catkin_skip_building_tests' from command line to 'False'
[0.321s] DEBUG:colcon.colcon_core.verb:Building package 'tekbot_description' with the following arguments: {'ament_cmake_args': None, 'build_base': '/home/innovator/2025-Team-Innovators-Docs/IT/week-3/ros2_ws/build/tekbot_description', 'catkin_cmake_args': None, 'catkin_skip_building_tests': False, 'cmake_args': None, 'cmake_clean_cache': False, 'cmake_clean_first': False, 'cmake_force_configure': False, 'cmake_target': None, 'cmake_target_skip_unavailable': False, 'install_base': '/home/innovator/2025-Team-Innovators-Docs/IT/week-3/ros2_ws/install/tekbot_description', 'merge_install': False, 'path': '/home/innovator/2025-Team-Innovators-Docs/IT/week-3/ros2_ws/src/tekbot_sim/tekbot/tekbot_description', 'symlink_install': False, 'test_result_base': None}
[0.321s] INFO:colcon.colcon_core.executor:Executing jobs using 'parallel' executor
[0.322s] DEBUG:colcon.colcon_parallel_executor.executor.parallel:run_until_complete
[0.323s] INFO:colcon.colcon_ros.task.ament_cmake.build:Building ROS package in '/home/innovator/2025-Team-Innovators-Docs/IT/week-3/ros2_ws/src/tekbot_sim/maze_solving' with build type 'ament_cmake'
[0.323s] INFO:colcon.colcon_cmake.task.cmake.build:Building CMake package in '/home/innovator/2025-Team-Innovators-Docs/IT/week-3/ros2_ws/src/tekbot_sim/maze_solving'
[0.325s] INFO:colcon.colcon_core.plugin_system:Skipping extension 'colcon_core.shell.bat': Not used on non-Windows systems
[0.326s] INFO:colcon.colcon_core.shell:Skip shell extension 'powershell' for command environment: Not usable outside of PowerShell
[0.326s] DEBUG:colcon.colcon_core.shell:Skip shell extension 'dsv' for command environment
[0.327s] INFO:colcon.colcon_ros.task.ament_python.build:Building ROS package in '/home/innovator/2025-Team-Innovators-Docs/IT/week-3/ros2_ws/src/pathfinding_nav' with build type 'ament_python'
[0.327s] Level 1:colcon.colcon_core.shell:create_environment_hook('pathfinding_nav', 'ament_prefix_path')
[0.328s] INFO:colcon.colcon_core.shell:Creating environment hook '/home/innovator/2025-Team-Innovators-Docs/IT/week-3/ros2_ws/install/pathfinding_nav/share/pathfinding_nav/hook/ament_prefix_path.ps1'
[0.329s] INFO:colcon.colcon_core.shell:Creating environment descriptor '/home/innovator/2025-Team-Innovators-Docs/IT/week-3/ros2_ws/install/pathfinding_nav/share/pathfinding_nav/hook/ament_prefix_path.dsv'
[0.329s] INFO:colcon.colcon_core.shell:Creating environment hook '/home/innovator/2025-Team-Innovators-Docs/IT/week-3/ros2_ws/install/pathfinding_nav/share/pathfinding_nav/hook/ament_prefix_path.sh'
[0.330s] INFO:colcon.colcon_core.shell:Skip shell extension 'powershell' for command environment: Not usable outside of PowerShell
[0.330s] DEBUG:colcon.colcon_core.shell:Skip shell extension 'dsv' for command environment
[0.331s] INFO:colcon.colcon_ros.task.ament_cmake.build:Building ROS package in '/home/innovator/2025-Team-Innovators-Docs/IT/week-3/ros2_ws/src/tekbot_sim/tekbot/tekbot_control' with build type 'ament_cmake'
[0.332s] INFO:colcon.colcon_cmake.task.cmake.build:Building CMake package in '/home/innovator/2025-Team-Innovators-Docs/IT/week-3/ros2_ws/src/tekbot_sim/tekbot/tekbot_control'
[0.332s] INFO:colcon.colcon_core.shell:Skip shell extension 'powershell' for command environment: Not usable outside of PowerShell
[0.332s] DEBUG:colcon.colcon_core.shell:Skip shell extension 'dsv' for command environment
[0.333s] INFO:colcon.colcon_ros.task.ament_cmake.build:Building ROS package in '/home/innovator/2025-Team-Innovators-Docs/IT/week-3/ros2_ws/src/tekbot_sim/tekbot/tekbot_description' with build type 'ament_cmake'
[0.334s] INFO:colcon.colcon_cmake.task.cmake.build:Building CMake package in '/home/innovator/2025-Team-Innovators-Docs/IT/week-3/ros2_ws/src/tekbot_sim/tekbot/tekbot_description'
[0.334s] INFO:colcon.colcon_core.shell:Skip shell extension 'powershell' for command environment: Not usable outside of PowerShell
[0.334s] DEBUG:colcon.colcon_core.shell:Skip shell extension 'dsv' for command environment
[0.344s] DEBUG:colcon.colcon_core.event_handler.log_command:Invoking command in '/home/innovator/2025-Team-Innovators-Docs/IT/week-3/ros2_ws/build/maze_solving': /usr/bin/cmake --build /home/innovator/2025-Team-Innovators-Docs/IT/week-3/ros2_ws/build/maze_solving -- -j4 -l4
[0.599s] WARNING:colcon.colcon_ros.task.ament_python.build:Package 'pathfinding_nav' doesn't explicitly install a marker in the package index (colcon-ros currently does it implicitly but that fallback will be removed in the future)
[0.599s] INFO:colcon.colcon_core.task.python.build:Building Python package in '/home/innovator/2025-Team-Innovators-Docs/IT/week-3/ros2_ws/src/pathfinding_nav'
[0.600s] INFO:colcon.colcon_core.shell:Skip shell extension 'powershell' for command environment: Not usable outside of PowerShell
[0.600s] DEBUG:colcon.colcon_core.shell:Skip shell extension 'dsv' for command environment
[0.606s] DEBUG:colcon.colcon_core.event_handler.log_command:Invoking command in '/home/innovator/2025-Team-Innovators-Docs/IT/week-3/ros2_ws/build/tekbot_control': /usr/bin/cmake --build /home/innovator/2025-Team-Innovators-Docs/IT/week-3/ros2_ws/build/tekbot_control -- -j4 -l4
[0.612s] DEBUG:colcon.colcon_core.event_handler.log_command:Invoking command in '/home/innovator/2025-Team-Innovators-Docs/IT/week-3/ros2_ws/build/tekbot_description': /usr/bin/cmake --build /home/innovator/2025-Team-Innovators-Docs/IT/week-3/ros2_ws/build/tekbot_description -- -j4 -l4
[0.613s] DEBUG:colcon.colcon_core.event_handler.log_command:Invoked command in '/home/innovator/2025-Team-Innovators-Docs/IT/week-3/ros2_ws/build/maze_solving' returned '0': /usr/bin/cmake --build /home/innovator/2025-Team-Innovators-Docs/IT/week-3/ros2_ws/build/maze_solving -- -j4 -l4
[0.627s] DEBUG:colcon.colcon_core.event_handler.log_command:Invoking command in '/home/innovator/2025-Team-Innovators-Docs/IT/week-3/ros2_ws/build/maze_solving': /usr/bin/cmake --install /home/innovator/2025-Team-Innovators-Docs/IT/week-3/ros2_ws/build/maze_solving
[0.690s] Level 1:colcon.colcon_core.environment:create_environment_scripts_only(tekbot_control)
[0.722s] Level 1:colcon.colcon_core.environment:checking '/home/innovator/2025-Team-Innovators-Docs/IT/week-3/ros2_ws/install/tekbot_control' for CMake module files
[0.726s] Level 1:colcon.colcon_core.environment:checking '/home/innovator/2025-Team-Innovators-Docs/IT/week-3/ros2_ws/install/tekbot_control' for CMake config files
[0.738s] Level 1:colcon.colcon_core.shell:create_environment_hook('tekbot_control', 'cmake_prefix_path')
[0.738s] INFO:colcon.colcon_core.shell:Creating environment hook '/home/innovator/2025-Team-Innovators-Docs/IT/week-3/ros2_ws/install/tekbot_control/share/tekbot_control/hook/cmake_prefix_path.ps1'
[0.741s] INFO:colcon.colcon_core.shell:Creating environment descriptor '/home/innovator/2025-Team-Innovators-Docs/IT/week-3/ros2_ws/install/tekbot_control/share/tekbot_control/hook/cmake_prefix_path.dsv'
[0.744s] INFO:colcon.colcon_core.shell:Creating environment hook '/home/innovator/2025-Team-Innovators-Docs/IT/week-3/ros2_ws/install/tekbot_control/share/tekbot_control/hook/cmake_prefix_path.sh'
[0.748s] Level 1:colcon.colcon_core.environment:checking '/home/innovator/2025-Team-Innovators-Docs/IT/week-3/ros2_ws/install/tekbot_control/bin'
[0.749s] Level 1:colcon.colcon_core.environment:checking '/home/innovator/2025-Team-Innovators-Docs/IT/week-3/ros2_ws/install/tekbot_control/lib/pkgconfig/tekbot_control.pc'
[0.749s] Level 1:colcon.colcon_core.environment:checking '/home/innovator/2025-Team-Innovators-Docs/IT/week-3/ros2_ws/install/tekbot_control/lib/python3.10/site-packages'
[0.750s] Level 1:colcon.colcon_core.environment:checking '/home/innovator/2025-Team-Innovators-Docs/IT/week-3/ros2_ws/install/tekbot_control/bin'
[0.751s] INFO:colcon.colcon_core.shell:Creating package script '/home/innovator/2025-Team-Innovators-Docs/IT/week-3/ros2_ws/install/tekbot_control/share/tekbot_control/package.ps1'
[0.754s] INFO:colcon.colcon_core.shell:Creating package descriptor '/home/innovator/2025-Team-Innovators-Docs/IT/week-3/ros2_ws/install/tekbot_control/share/tekbot_control/package.dsv'
[0.756s] INFO:colcon.colcon_core.shell:Creating package script '/home/innovator/2025-Team-Innovators-Docs/IT/week-3/ros2_ws/install/tekbot_control/share/tekbot_control/package.sh'
[0.759s] INFO:colcon.colcon_core.shell:Creating package script '/home/innovator/2025-Team-Innovators-Docs/IT/week-3/ros2_ws/install/tekbot_control/share/tekbot_control/package.bash'
[0.761s] INFO:colcon.colcon_core.shell:Creating package script '/home/innovator/2025-Team-Innovators-Docs/IT/week-3/ros2_ws/install/tekbot_control/share/tekbot_control/package.zsh'
[0.763s] Level 1:colcon.colcon_core.environment:create_file_with_runtime_dependencies(/home/innovator/2025-Team-Innovators-Docs/IT/week-3/ros2_ws/install/tekbot_control/share/colcon-core/packages/tekbot_control)
[0.767s] Level 1:colcon.colcon_core.environment:create_environment_scripts_only(tekbot_control)
[0.767s] Level 1:colcon.colcon_core.environment:checking '/home/innovator/2025-Team-Innovators-Docs/IT/week-3/ros2_ws/install/tekbot_control' for CMake module files
[0.771s] Level 1:colcon.colcon_core.environment:checking '/home/innovator/2025-Team-Innovators-Docs/IT/week-3/ros2_ws/install/tekbot_control' for CMake config files
[0.785s] DEBUG:colcon.colcon_core.event_handler.log_command:Invoked command in '/home/innovator/2025-Team-Innovators-Docs/IT/week-3/ros2_ws/build/tekbot_control' returned '0': /usr/bin/cmake --build /home/innovator/2025-Team-Innovators-Docs/IT/week-3/ros2_ws/build/tekbot_control -- -j4 -l4
[0.785s] DEBUG:colcon.colcon_core.event_handler.log_command:Invoking command in '/home/innovator/2025-Team-Innovators-Docs/IT/week-3/ros2_ws/build/tekbot_control': /usr/bin/cmake --install /home/innovator/2025-Team-Innovators-Docs/IT/week-3/ros2_ws/build/tekbot_control
[0.788s] Level 1:colcon.colcon_core.shell:create_environment_hook('tekbot_control', 'cmake_prefix_path')
[0.789s] INFO:colcon.colcon_core.shell:Creating environment hook '/home/innovator/2025-Team-Innovators-Docs/IT/week-3/ros2_ws/install/tekbot_control/share/tekbot_control/hook/cmake_prefix_path.ps1'
[0.791s] INFO:colcon.colcon_core.shell:Creating environment descriptor '/home/innovator/2025-Team-Innovators-Docs/IT/week-3/ros2_ws/install/tekbot_control/share/tekbot_control/hook/cmake_prefix_path.dsv'
[0.794s] INFO:colcon.colcon_core.shell:Creating environment hook '/home/innovator/2025-Team-Innovators-Docs/IT/week-3/ros2_ws/install/tekbot_control/share/tekbot_control/hook/cmake_prefix_path.sh'
[0.800s] Level 1:colcon.colcon_core.environment:checking '/home/innovator/2025-Team-Innovators-Docs/IT/week-3/ros2_ws/install/tekbot_control/bin'
[0.801s] Level 1:colcon.colcon_core.environment:checking '/home/innovator/2025-Team-Innovators-Docs/IT/week-3/ros2_ws/install/tekbot_control/lib/pkgconfig/tekbot_control.pc'
[0.802s] Level 1:colcon.colcon_core.environment:checking '/home/innovator/2025-Team-Innovators-Docs/IT/week-3/ros2_ws/install/tekbot_control/lib/python3.10/site-packages'
[0.802s] Level 1:colcon.colcon_core.environment:checking '/home/innovator/2025-Team-Innovators-Docs/IT/week-3/ros2_ws/install/tekbot_control/bin'
[0.803s] INFO:colcon.colcon_core.shell:Creating package script '/home/innovator/2025-Team-Innovators-Docs/IT/week-3/ros2_ws/install/tekbot_control/share/tekbot_control/package.ps1'
[0.806s] INFO:colcon.colcon_core.shell:Creating package descriptor '/home/innovator/2025-Team-Innovators-Docs/IT/week-3/ros2_ws/install/tekbot_control/share/tekbot_control/package.dsv'
[0.810s] INFO:colcon.colcon_core.shell:Creating package script '/home/innovator/2025-Team-Innovators-Docs/IT/week-3/ros2_ws/install/tekbot_control/share/tekbot_control/package.sh'
[0.813s] INFO:colcon.colcon_core.shell:Creating package script '/home/innovator/2025-Team-Innovators-Docs/IT/week-3/ros2_ws/install/tekbot_control/share/tekbot_control/package.bash'
[0.817s] INFO:colcon.colcon_core.shell:Creating package script '/home/innovator/2025-Team-Innovators-Docs/IT/week-3/ros2_ws/install/tekbot_control/share/tekbot_control/package.zsh'
[0.821s] Level 1:colcon.colcon_core.environment:create_file_with_runtime_dependencies(/home/innovator/2025-Team-Innovators-Docs/IT/week-3/ros2_ws/install/tekbot_control/share/colcon-core/packages/tekbot_control)
[0.825s] Level 1:colcon.colcon_core.environment:create_environment_scripts_only(tekbot_description)
[0.825s] Level 1:colcon.colcon_core.environment:checking '/home/innovator/2025-Team-Innovators-Docs/IT/week-3/ros2_ws/install/tekbot_description' for CMake module files
[0.831s] DEBUG:colcon.colcon_core.event_handler.log_command:Invoked command in '/home/innovator/2025-Team-Innovators-Docs/IT/week-3/ros2_ws/build/tekbot_description' returned '0': /usr/bin/cmake --build /home/innovator/2025-Team-Innovators-Docs/IT/week-3/ros2_ws/build/tekbot_description -- -j4 -l4
[0.831s] DEBUG:colcon.colcon_core.event_handler.log_command:Invoking command in '/home/innovator/2025-Team-Innovators-Docs/IT/week-3/ros2_ws/build/tekbot_description': /usr/bin/cmake --install /home/innovator/2025-Team-Innovators-Docs/IT/week-3/ros2_ws/build/tekbot_description
[0.840s] Level 1:colcon.colcon_core.environment:checking '/home/innovator/2025-Team-Innovators-Docs/IT/week-3/ros2_ws/install/tekbot_description' for CMake config files
[0.848s] DEBUG:colcon.colcon_core.event_handler.log_command:Invoked command in '/home/innovator/2025-Team-Innovators-Docs/IT/week-3/ros2_ws/build/tekbot_control' returned '0': /usr/bin/cmake --install /home/innovator/2025-Team-Innovators-Docs/IT/week-3/ros2_ws/build/tekbot_control
[0.862s] Level 1:colcon.colcon_core.shell:create_environment_hook('tekbot_description', 'cmake_prefix_path')
[0.863s] INFO:colcon.colcon_core.shell:Creating environment hook '/home/innovator/2025-Team-Innovators-Docs/IT/week-3/ros2_ws/install/tekbot_description/share/tekbot_description/hook/cmake_prefix_path.ps1'
[0.866s] INFO:colcon.colcon_core.shell:Creating environment descriptor '/home/innovator/2025-Team-Innovators-Docs/IT/week-3/ros2_ws/install/tekbot_description/share/tekbot_description/hook/cmake_prefix_path.dsv'
[0.869s] INFO:colcon.colcon_core.shell:Creating environment hook '/home/innovator/2025-Team-Innovators-Docs/IT/week-3/ros2_ws/install/tekbot_description/share/tekbot_description/hook/cmake_prefix_path.sh'
[0.872s] Level 1:colcon.colcon_core.environment:checking '/home/innovator/2025-Team-Innovators-Docs/IT/week-3/ros2_ws/install/tekbot_description/bin'
[0.873s] Level 1:colcon.colcon_core.environment:checking '/home/innovator/2025-Team-Innovators-Docs/IT/week-3/ros2_ws/install/tekbot_description/lib/pkgconfig/tekbot_description.pc'
[0.873s] Level 1:colcon.colcon_core.environment:checking '/home/innovator/2025-Team-Innovators-Docs/IT/week-3/ros2_ws/install/tekbot_description/lib/python3.10/site-packages'
[0.873s] Level 1:colcon.colcon_core.environment:checking '/home/innovator/2025-Team-Innovators-Docs/IT/week-3/ros2_ws/install/tekbot_description/bin'
[0.874s] INFO:colcon.colcon_core.shell:Creating package script '/home/innovator/2025-Team-Innovators-Docs/IT/week-3/ros2_ws/install/tekbot_description/share/tekbot_description/package.ps1'
[0.875s] INFO:colcon.colcon_core.shell:Creating package descriptor '/home/innovator/2025-Team-Innovators-Docs/IT/week-3/ros2_ws/install/tekbot_description/share/tekbot_description/package.dsv'
[0.877s] INFO:colcon.colcon_core.shell:Creating package script '/home/innovator/2025-Team-Innovators-Docs/IT/week-3/ros2_ws/install/tekbot_description/share/tekbot_description/package.sh'
[0.878s] INFO:colcon.colcon_core.shell:Creating package script '/home/innovator/2025-Team-Innovators-Docs/IT/week-3/ros2_ws/install/tekbot_description/share/tekbot_description/package.bash'
[0.884s] INFO:colcon.colcon_core.shell:Creating package script '/home/innovator/2025-Team-Innovators-Docs/IT/week-3/ros2_ws/install/tekbot_description/share/tekbot_description/package.zsh'
[0.888s] Level 1:colcon.colcon_core.environment:create_file_with_runtime_dependencies(/home/innovator/2025-Team-Innovators-Docs/IT/week-3/ros2_ws/install/tekbot_description/share/colcon-core/packages/tekbot_description)
[0.896s] Level 1:colcon.colcon_core.environment:create_environment_scripts_only(tekbot_description)
[0.896s] Level 1:colcon.colcon_core.environment:checking '/home/innovator/2025-Team-Innovators-Docs/IT/week-3/ros2_ws/install/tekbot_description' for CMake module files
[0.903s] Level 1:colcon.colcon_core.environment:checking '/home/innovator/2025-Team-Innovators-Docs/IT/week-3/ros2_ws/install/tekbot_description' for CMake config files
[0.923s] Level 1:colcon.colcon_core.shell:create_environment_hook('tekbot_description', 'cmake_prefix_path')
[0.924s] INFO:colcon.colcon_core.shell:Creating environment hook '/home/innovator/2025-Team-Innovators-Docs/IT/week-3/ros2_ws/install/tekbot_description/share/tekbot_description/hook/cmake_prefix_path.ps1'
[0.927s] INFO:colcon.colcon_core.shell:Creating environment descriptor '/home/innovator/2025-Team-Innovators-Docs/IT/week-3/ros2_ws/install/tekbot_description/share/tekbot_description/hook/cmake_prefix_path.dsv'
[0.933s] INFO:colcon.colcon_core.shell:Creating environment hook '/home/innovator/2025-Team-Innovators-Docs/IT/week-3/ros2_ws/install/tekbot_description/share/tekbot_description/hook/cmake_prefix_path.sh'
[0.942s] Level 1:colcon.colcon_core.environment:checking '/home/innovator/2025-Team-Innovators-Docs/IT/week-3/ros2_ws/install/tekbot_description/bin'
[0.942s] Level 1:colcon.colcon_core.environment:checking '/home/innovator/2025-Team-Innovators-Docs/IT/week-3/ros2_ws/install/tekbot_description/lib/pkgconfig/tekbot_description.pc'
[0.943s] Level 1:colcon.colcon_core.environment:checking '/home/innovator/2025-Team-Innovators-Docs/IT/week-3/ros2_ws/install/tekbot_description/lib/python3.10/site-packages'
[0.943s] Level 1:colcon.colcon_core.environment:checking '/home/innovator/2025-Team-Innovators-Docs/IT/week-3/ros2_ws/install/tekbot_description/bin'
[0.944s] INFO:colcon.colcon_core.shell:Creating package script '/home/innovator/2025-Team-Innovators-Docs/IT/week-3/ros2_ws/install/tekbot_description/share/tekbot_description/package.ps1'
[0.947s] INFO:colcon.colcon_core.shell:Creating package descriptor '/home/innovator/2025-Team-Innovators-Docs/IT/week-3/ros2_ws/install/tekbot_description/share/tekbot_description/package.dsv'
[0.952s] INFO:colcon.colcon_core.shell:Creating package script '/home/innovator/2025-Team-Innovators-Docs/IT/week-3/ros2_ws/install/tekbot_description/share/tekbot_description/package.sh'
[0.956s] INFO:colcon.colcon_core.shell:Creating package script '/home/innovator/2025-Team-Innovators-Docs/IT/week-3/ros2_ws/install/tekbot_description/share/tekbot_description/package.bash'
[0.959s] INFO:colcon.colcon_core.shell:Creating package script '/home/innovator/2025-Team-Innovators-Docs/IT/week-3/ros2_ws/install/tekbot_description/share/tekbot_description/package.zsh'
[0.961s] Level 1:colcon.colcon_core.environment:create_file_with_runtime_dependencies(/home/innovator/2025-Team-Innovators-Docs/IT/week-3/ros2_ws/install/tekbot_description/share/colcon-core/packages/tekbot_description)
[0.964s] Level 1:colcon.colcon_core.environment:create_environment_scripts_only(maze_solving)
[0.964s] Level 1:colcon.colcon_core.environment:checking '/home/innovator/2025-Team-Innovators-Docs/IT/week-3/ros2_ws/install/maze_solving' for CMake module files
[0.971s] Level 1:colcon.colcon_core.environment:checking '/home/innovator/2025-Team-Innovators-Docs/IT/week-3/ros2_ws/install/maze_solving' for CMake config files
[0.988s] Level 1:colcon.colcon_core.shell:create_environment_hook('maze_solving', 'cmake_prefix_path')
[0.989s] INFO:colcon.colcon_core.shell:Creating environment hook '/home/innovator/2025-Team-Innovators-Docs/IT/week-3/ros2_ws/install/maze_solving/share/maze_solving/hook/cmake_prefix_path.ps1'
[0.993s] INFO:colcon.colcon_core.shell:Creating environment descriptor '/home/innovator/2025-Team-Innovators-Docs/IT/week-3/ros2_ws/install/maze_solving/share/maze_solving/hook/cmake_prefix_path.dsv'
[0.999s] INFO:colcon.colcon_core.shell:Creating environment hook '/home/innovator/2025-Team-Innovators-Docs/IT/week-3/ros2_ws/install/maze_solving/share/maze_solving/hook/cmake_prefix_path.sh'
[1.002s] DEBUG:colcon.colcon_core.event_handler.log_command:Invoked command in '/home/innovator/2025-Team-Innovators-Docs/IT/week-3/ros2_ws/build/tekbot_description' returned '0': /usr/bin/cmake --install /home/innovator/2025-Team-Innovators-Docs/IT/week-3/ros2_ws/build/tekbot_description
[1.002s] Level 1:colcon.colcon_core.environment:checking '/home/innovator/2025-Team-Innovators-Docs/IT/week-3/ros2_ws/install/maze_solving/bin'
[1.002s] Level 1:colcon.colcon_core.environment:checking '/home/innovator/2025-Team-Innovators-Docs/IT/week-3/ros2_ws/install/maze_solving/lib/pkgconfig/maze_solving.pc'
[1.003s] Level 1:colcon.colcon_core.environment:checking '/home/innovator/2025-Team-Innovators-Docs/IT/week-3/ros2_ws/install/maze_solving/lib/python3.10/site-packages'
[1.003s] Level 1:colcon.colcon_core.environment:checking '/home/innovator/2025-Team-Innovators-Docs/IT/week-3/ros2_ws/install/maze_solving/bin'
[1.004s] INFO:colcon.colcon_core.shell:Creating package script '/home/innovator/2025-Team-Innovators-Docs/IT/week-3/ros2_ws/install/maze_solving/share/maze_solving/package.ps1'
[1.005s] DEBUG:colcon.colcon_core.event_handler.log_command:Invoked command in '/home/innovator/2025-Team-Innovators-Docs/IT/week-3/ros2_ws/build/maze_solving' returned '0': /usr/bin/cmake --install /home/innovator/2025-Team-Innovators-Docs/IT/week-3/ros2_ws/build/maze_solving
[1.006s] INFO:colcon.colcon_core.shell:Creating package descriptor '/home/innovator/2025-Team-Innovators-Docs/IT/week-3/ros2_ws/install/maze_solving/share/maze_solving/package.dsv'
[1.006s] INFO:colcon.colcon_core.shell:Creating package script '/home/innovator/2025-Team-Innovators-Docs/IT/week-3/ros2_ws/install/maze_solving/share/maze_solving/package.sh'
[1.007s] INFO:colcon.colcon_core.shell:Creating package script '/home/innovator/2025-Team-Innovators-Docs/IT/week-3/ros2_ws/install/maze_solving/share/maze_solving/package.bash'
[1.007s] INFO:colcon.colcon_core.shell:Creating package script '/home/innovator/2025-Team-Innovators-Docs/IT/week-3/ros2_ws/install/maze_solving/share/maze_solving/package.zsh'
[1.008s] Level 1:colcon.colcon_core.environment:create_file_with_runtime_dependencies(/home/innovator/2025-Team-Innovators-Docs/IT/week-3/ros2_ws/install/maze_solving/share/colcon-core/packages/maze_solving)
[1.008s] Level 1:colcon.colcon_core.environment:create_environment_scripts_only(maze_solving)
[1.009s] Level 1:colcon.colcon_core.environment:checking '/home/innovator/2025-Team-Innovators-Docs/IT/week-3/ros2_ws/install/maze_solving' for CMake module files
[1.009s] Level 1:colcon.colcon_core.environment:checking '/home/innovator/2025-Team-Innovators-Docs/IT/week-3/ros2_ws/install/maze_solving' for CMake config files
[1.009s] Level 1:colcon.colcon_core.shell:create_environment_hook('maze_solving', 'cmake_prefix_path')
[1.010s] INFO:colcon.colcon_core.shell:Creating environment hook '/home/innovator/2025-Team-Innovators-Docs/IT/week-3/ros2_ws/install/maze_solving/share/maze_solving/hook/cmake_prefix_path.ps1'
[1.010s] INFO:colcon.colcon_core.shell:Creating environment descriptor '/home/innovator/2025-Team-Innovators-Docs/IT/week-3/ros2_ws/install/maze_solving/share/maze_solving/hook/cmake_prefix_path.dsv'
[1.011s] INFO:colcon.colcon_core.shell:Creating environment hook '/home/innovator/2025-Team-Innovators-Docs/IT/week-3/ros2_ws/install/maze_solving/share/maze_solving/hook/cmake_prefix_path.sh'
[1.011s] Level 1:colcon.colcon_core.environment:checking '/home/innovator/2025-Team-Innovators-Docs/IT/week-3/ros2_ws/install/maze_solving/bin'
[1.011s] Level 1:colcon.colcon_core.environment:checking '/home/innovator/2025-Team-Innovators-Docs/IT/week-3/ros2_ws/install/maze_solving/lib/pkgconfig/maze_solving.pc'
[1.012s] Level 1:colcon.colcon_core.environment:checking '/home/innovator/2025-Team-Innovators-Docs/IT/week-3/ros2_ws/install/maze_solving/lib/python3.10/site-packages'
[1.012s] Level 1:colcon.colcon_core.environment:checking '/home/innovator/2025-Team-Innovators-Docs/IT/week-3/ros2_ws/install/maze_solving/bin'
[1.013s] INFO:colcon.colcon_core.shell:Creating package script '/home/innovator/2025-Team-Innovators-Docs/IT/week-3/ros2_ws/install/maze_solving/share/maze_solving/package.ps1'
[1.014s] INFO:colcon.colcon_core.shell:Creating package descriptor '/home/innovator/2025-Team-Innovators-Docs/IT/week-3/ros2_ws/install/maze_solving/share/maze_solving/package.dsv'
[1.015s] INFO:colcon.colcon_core.shell:Creating package script '/home/innovator/2025-Team-Innovators-Docs/IT/week-3/ros2_ws/install/maze_solving/share/maze_solving/package.sh'
[1.016s] INFO:colcon.colcon_core.shell:Creating package script '/home/innovator/2025-Team-Innovators-Docs/IT/week-3/ros2_ws/install/maze_solving/share/maze_solving/package.bash'
[1.017s] INFO:colcon.colcon_core.shell:Creating package script '/home/innovator/2025-Team-Innovators-Docs/IT/week-3/ros2_ws/install/maze_solving/share/maze_solving/package.zsh'
[1.017s] Level 1:colcon.colcon_core.environment:create_file_with_runtime_dependencies(/home/innovator/2025-Team-Innovators-Docs/IT/week-3/ros2_ws/install/maze_solving/share/colcon-core/packages/maze_solving)
[1.145s] DEBUG:colcon.colcon_core.event_handler.log_command:Invoking command in '/home/innovator/2025-Team-Innovators-Docs/IT/week-3/ros2_ws/src/pathfinding_nav': PYTHONPATH=/home/innovator/2025-Team-Innovators-Docs/IT/week-3/ros2_ws/build/pathfinding_nav/prefix_override:/usr/lib/python3/dist-packages/colcon_core/task/python/colcon_distutils_commands:/home/innovator/2025-Team-Innovators-Docs/IT/week-3/ros2_ws/install/pathfinding_nav/lib/python3.10/site-packages: /usr/bin/python3 -W ignore:setup.py install is deprecated -W ignore:easy_install command is deprecated setup.py egg_info --egg-base ../../build/pathfinding_nav build --build-base /home/innovator/2025-Team-Innovators-Docs/IT/week-3/ros2_ws/build/pathfinding_nav/build install --record /home/innovator/2025-Team-Innovators-Docs/IT/week-3/ros2_ws/build/pathfinding_nav/install.log --single-version-externally-managed install_data
[1.431s] Level 1:colcon.colcon_core.environment:checking '/home/innovator/2025-Team-Innovators-Docs/IT/week-3/ros2_ws/install/pathfinding_nav' for CMake module files
[1.432s] DEBUG:colcon.colcon_core.event_handler.log_command:Invoked command in '/home/innovator/2025-Team-Innovators-Docs/IT/week-3/ros2_ws/src/pathfinding_nav' returned '0': PYTHONPATH=/home/innovator/2025-Team-Innovators-Docs/IT/week-3/ros2_ws/build/pathfinding_nav/prefix_override:/usr/lib/python3/dist-packages/colcon_core/task/python/colcon_distutils_commands:/home/innovator/2025-Team-Innovators-Docs/IT/week-3/ros2_ws/install/pathfinding_nav/lib/python3.10/site-packages: /usr/bin/python3 -W ignore:setup.py install is deprecated -W ignore:easy_install command is deprecated setup.py egg_info --egg-base ../../build/pathfinding_nav build --build-base /home/innovator/2025-Team-Innovators-Docs/IT/week-3/ros2_ws/build/pathfinding_nav/build install --record /home/innovator/2025-Team-Innovators-Docs/IT/week-3/ros2_ws/build/pathfinding_nav/install.log --single-version-externally-managed install_data
[1.433s] Level 1:colcon.colcon_core.environment:checking '/home/innovator/2025-Team-Innovators-Docs/IT/week-3/ros2_ws/install/pathfinding_nav' for CMake config files
[1.433s] Level 1:colcon.colcon_core.environment:checking '/home/innovator/2025-Team-Innovators-Docs/IT/week-3/ros2_ws/install/pathfinding_nav/lib'
[1.434s] Level 1:colcon.colcon_core.environment:checking '/home/innovator/2025-Team-Innovators-Docs/IT/week-3/ros2_ws/install/pathfinding_nav/bin'
[1.434s] Level 1:colcon.colcon_core.environment:checking '/home/innovator/2025-Team-Innovators-Docs/IT/week-3/ros2_ws/install/pathfinding_nav/lib/pkgconfig/pathfinding_nav.pc'
[1.434s] Level 1:colcon.colcon_core.environment:checking '/home/innovator/2025-Team-Innovators-Docs/IT/week-3/ros2_ws/install/pathfinding_nav/lib/python3.10/site-packages'
[1.434s] Level 1:colcon.colcon_core.shell:create_environment_hook('pathfinding_nav', 'pythonpath')
[1.435s] INFO:colcon.colcon_core.shell:Creating environment hook '/home/innovator/2025-Team-Innovators-Docs/IT/week-3/ros2_ws/install/pathfinding_nav/share/pathfinding_nav/hook/pythonpath.ps1'
[1.435s] INFO:colcon.colcon_core.shell:Creating environment descriptor '/home/innovator/2025-Team-Innovators-Docs/IT/week-3/ros2_ws/install/pathfinding_nav/share/pathfinding_nav/hook/pythonpath.dsv'
[1.435s] INFO:colcon.colcon_core.shell:Creating environment hook '/home/innovator/2025-Team-Innovators-Docs/IT/week-3/ros2_ws/install/pathfinding_nav/share/pathfinding_nav/hook/pythonpath.sh'
[1.436s] Level 1:colcon.colcon_core.environment:checking '/home/innovator/2025-Team-Innovators-Docs/IT/week-3/ros2_ws/install/pathfinding_nav/bin'
[1.436s] Level 1:colcon.colcon_core.environment:create_environment_scripts_only(pathfinding_nav)
[1.436s] INFO:colcon.colcon_core.shell:Creating package script '/home/innovator/2025-Team-Innovators-Docs/IT/week-3/ros2_ws/install/pathfinding_nav/share/pathfinding_nav/package.ps1'
[1.437s] INFO:colcon.colcon_core.shell:Creating package descriptor '/home/innovator/2025-Team-Innovators-Docs/IT/week-3/ros2_ws/install/pathfinding_nav/share/pathfinding_nav/package.dsv'
[1.438s] INFO:colcon.colcon_core.shell:Creating package script '/home/innovator/2025-Team-Innovators-Docs/IT/week-3/ros2_ws/install/pathfinding_nav/share/pathfinding_nav/package.sh'
[1.438s] INFO:colcon.colcon_core.shell:Creating package script '/home/innovator/2025-Team-Innovators-Docs/IT/week-3/ros2_ws/install/pathfinding_nav/share/pathfinding_nav/package.bash'
[1.438s] INFO:colcon.colcon_core.shell:Creating package script '/home/innovator/2025-Team-Innovators-Docs/IT/week-3/ros2_ws/install/pathfinding_nav/share/pathfinding_nav/package.zsh'
[1.439s] Level 1:colcon.colcon_core.environment:create_file_with_runtime_dependencies(/home/innovator/2025-Team-Innovators-Docs/IT/week-3/ros2_ws/install/pathfinding_nav/share/colcon-core/packages/pathfinding_nav)
[1.439s] DEBUG:colcon.colcon_parallel_executor.executor.parallel:closing loop
[1.439s] DEBUG:colcon.colcon_parallel_executor.executor.parallel:loop closed
[1.440s] DEBUG:colcon.colcon_parallel_executor.executor.parallel:run_until_complete finished with '0'
[1.440s] DEBUG:colcon.colcon_core.event_reactor:joining thread
[1.445s] INFO:colcon.colcon_core.plugin_system:Skipping extension 'colcon_notification.desktop_notification.terminal_notifier': Not used on non-Darwin systems
[1.445s] INFO:colcon.colcon_core.plugin_system:Skipping extension 'colcon_notification.desktop_notification.win32': Not used on non-Windows systems
[1.445s] INFO:colcon.colcon_notification.desktop_notification:Sending desktop notification using 'notify2'
[1.458s] DEBUG:colcon.colcon_core.event_reactor:joined thread
[1.459s] INFO:colcon.colcon_core.shell:Creating prefix script '/home/innovator/2025-Team-Innovators-Docs/IT/week-3/ros2_ws/install/local_setup.ps1'
[1.460s] INFO:colcon.colcon_core.shell:Creating prefix util module '/home/innovator/2025-Team-Innovators-Docs/IT/week-3/ros2_ws/install/_local_setup_util_ps1.py'
[1.462s] INFO:colcon.colcon_core.shell:Creating prefix chain script '/home/innovator/2025-Team-Innovators-Docs/IT/week-3/ros2_ws/install/setup.ps1'
[1.463s] INFO:colcon.colcon_core.shell:Creating prefix script '/home/innovator/2025-Team-Innovators-Docs/IT/week-3/ros2_ws/install/local_setup.sh'
[1.464s] INFO:colcon.colcon_core.shell:Creating prefix util module '/home/innovator/2025-Team-Innovators-Docs/IT/week-3/ros2_ws/install/_local_setup_util_sh.py'
[1.464s] INFO:colcon.colcon_core.shell:Creating prefix chain script '/home/innovator/2025-Team-Innovators-Docs/IT/week-3/ros2_ws/install/setup.sh'
[1.466s] INFO:colcon.colcon_core.shell:Creating prefix script '/home/innovator/2025-Team-Innovators-Docs/IT/week-3/ros2_ws/install/local_setup.bash'
[1.467s] INFO:colcon.colcon_core.shell:Creating prefix chain script '/home/innovator/2025-Team-Innovators-Docs/IT/week-3/ros2_ws/install/setup.bash'
[1.468s] INFO:colcon.colcon_core.shell:Creating prefix script '/home/innovator/2025-Team-Innovators-Docs/IT/week-3/ros2_ws/install/local_setup.zsh'
[1.469s] INFO:colcon.colcon_core.shell:Creating prefix chain script '/home/innovator/2025-Team-Innovators-Docs/IT/week-3/ros2_ws/install/setup.zsh'
