[0.137s] DEBUG:colcon:Command line arguments: ['/usr/bin/colcon', 'build']
[0.137s] DEBUG:colcon:Parsed command line arguments: Namespace(log_base=None, log_level=None, verb_name='build', build_base='build', install_base='install', merge_install=False, symlink_install=False, test_result_base=None, continue_on_error=False, executor='parallel', parallel_workers=4, event_handlers=None, ignore_user_meta=False, metas=['./colcon.meta'], base_paths=['.'], packages_ignore=None, packages_ignore_regex=None, paths=None, packages_up_to=None, packages_up_to_regex=None, packages_above=None, packages_above_and_dependencies=None, packages_above_depth=None, packages_select_by_dep=None, packages_skip_by_dep=None, packages_skip_up_to=None, packages_select_build_failed=False, packages_skip_build_finished=False, packages_select_test_failures=False, packages_skip_test_passed=False, packages_select=None, packages_skip=None, packages_select_regex=None, packages_skip_regex=None, packages_start=None, packages_end=None, allow_overriding=[], cmake_args=None, cmake_target=None, cmake_target_skip_unavailable=False, cmake_clean_cache=False, cmake_clean_first=False, cmake_force_configure=False, ament_cmake_args=None, catkin_cmake_args=None, catkin_skip_building_tests=False, mixin_files=None, mixin=None, verb_parser=<colcon_mixin.mixin.mixin_argument.MixinArgumentDecorator object at 0x7eafb1266770>, verb_extension=<colcon_core.verb.build.BuildVerb object at 0x7eafb1363700>, main=<bound method BuildVerb.main of <colcon_core.verb.build.BuildVerb object at 0x7eafb1363700>>, mixin_verb=('build',))
[0.367s] Level 1:colcon.colcon_core.package_discovery:discover_packages(colcon_meta) check parameters
[0.367s] Level 1:colcon.colcon_core.package_discovery:discover_packages(recursive) check parameters
[0.367s] Level 1:colcon.colcon_core.package_discovery:discover_packages(ignore) check parameters
[0.367s] Level 1:colcon.colcon_core.package_discovery:discover_packages(path) check parameters
[0.367s] Level 1:colcon.colcon_core.package_discovery:discover_packages(colcon_meta) discover
[0.367s] Level 1:colcon.colcon_core.package_discovery:discover_packages(recursive) discover
[0.367s] INFO:colcon.colcon_core.package_discovery:Crawling recursively for packages in '/home/innovator/2025-Team-Innovators-Docs/IT/week-3/ros2_ws'
[0.367s] Level 1:colcon.colcon_core.package_identification:_identify(.) by extensions ['ignore', 'ignore_ament_install']
[0.367s] Level 1:colcon.colcon_core.package_identification:_identify(.) by extension 'ignore'
[0.367s] Level 1:colcon.colcon_core.package_identification:_identify(.) by extension 'ignore_ament_install'
[0.367s] Level 1:colcon.colcon_core.package_identification:_identify(.) by extensions ['colcon_pkg']
[0.367s] Level 1:colcon.colcon_core.package_identification:_identify(.) by extension 'colcon_pkg'
[0.367s] Level 1:colcon.colcon_core.package_identification:_identify(.) by extensions ['colcon_meta']
[0.368s] Level 1:colcon.colcon_core.package_identification:_identify(.) by extension 'colcon_meta'
[0.368s] Level 1:colcon.colcon_core.package_identification:_identify(.) by extensions ['ros']
[0.368s] Level 1:colcon.colcon_core.package_identification:_identify(.) by extension 'ros'
[0.380s] Level 1:colcon.colcon_core.package_identification:_identify(.) by extensions ['cmake', 'python']
[0.380s] Level 1:colcon.colcon_core.package_identification:_identify(.) by extension 'cmake'
[0.380s] Level 1:colcon.colcon_core.package_identification:_identify(.) by extension 'python'
[0.380s] Level 1:colcon.colcon_core.package_identification:_identify(.) by extensions ['python_setup_py']
[0.380s] Level 1:colcon.colcon_core.package_identification:_identify(.) by extension 'python_setup_py'
[0.381s] Level 1:colcon.colcon_core.package_identification:_identify(build) by extensions ['ignore', 'ignore_ament_install']
[0.381s] Level 1:colcon.colcon_core.package_identification:_identify(build) by extension 'ignore'
[0.381s] Level 1:colcon.colcon_core.package_identification:_identify(build) ignored
[0.381s] Level 1:colcon.colcon_core.package_identification:_identify(install) by extensions ['ignore', 'ignore_ament_install']
[0.381s] Level 1:colcon.colcon_core.package_identification:_identify(install) by extension 'ignore'
[0.381s] Level 1:colcon.colcon_core.package_identification:_identify(install) ignored
[0.381s] Level 1:colcon.colcon_core.package_identification:_identify(log) by extensions ['ignore', 'ignore_ament_install']
[0.381s] Level 1:colcon.colcon_core.package_identification:_identify(log) by extension 'ignore'
[0.381s] Level 1:colcon.colcon_core.package_identification:_identify(log) ignored
[0.381s] Level 1:colcon.colcon_core.package_identification:_identify(src) by extensions ['ignore', 'ignore_ament_install']
[0.381s] Level 1:colcon.colcon_core.package_identification:_identify(src) by extension 'ignore'
[0.381s] Level 1:colcon.colcon_core.package_identification:_identify(src) by extension 'ignore_ament_install'
[0.381s] Level 1:colcon.colcon_core.package_identification:_identify(src) by extensions ['colcon_pkg']
[0.382s] Level 1:colcon.colcon_core.package_identification:_identify(src) by extension 'colcon_pkg'
[0.382s] Level 1:colcon.colcon_core.package_identification:_identify(src) by extensions ['colcon_meta']
[0.382s] Level 1:colcon.colcon_core.package_identification:_identify(src) by extension 'colcon_meta'
[0.382s] Level 1:colcon.colcon_core.package_identification:_identify(src) by extensions ['ros']
[0.382s] Level 1:colcon.colcon_core.package_identification:_identify(src) by extension 'ros'
[0.382s] Level 1:colcon.colcon_core.package_identification:_identify(src) by extensions ['cmake', 'python']
[0.382s] Level 1:colcon.colcon_core.package_identification:_identify(src) by extension 'cmake'
[0.382s] Level 1:colcon.colcon_core.package_identification:_identify(src) by extension 'python'
[0.382s] Level 1:colcon.colcon_core.package_identification:_identify(src) by extensions ['python_setup_py']
[0.382s] Level 1:colcon.colcon_core.package_identification:_identify(src) by extension 'python_setup_py'
[0.382s] Level 1:colcon.colcon_core.package_identification:_identify(src/pathfinding_nav) by extensions ['ignore', 'ignore_ament_install']
[0.382s] Level 1:colcon.colcon_core.package_identification:_identify(src/pathfinding_nav) by extension 'ignore'
[0.383s] Level 1:colcon.colcon_core.package_identification:_identify(src/pathfinding_nav) by extension 'ignore_ament_install'
[0.383s] Level 1:colcon.colcon_core.package_identification:_identify(src/pathfinding_nav) by extensions ['colcon_pkg']
[0.383s] Level 1:colcon.colcon_core.package_identification:_identify(src/pathfinding_nav) by extension 'colcon_pkg'
[0.383s] Level 1:colcon.colcon_core.package_identification:_identify(src/pathfinding_nav) by extensions ['colcon_meta']
[0.383s] Level 1:colcon.colcon_core.package_identification:_identify(src/pathfinding_nav) by extension 'colcon_meta'
[0.383s] Level 1:colcon.colcon_core.package_identification:_identify(src/pathfinding_nav) by extensions ['ros']
[0.383s] Level 1:colcon.colcon_core.package_identification:_identify(src/pathfinding_nav) by extension 'ros'
[0.387s] DEBUG:colcon.colcon_core.package_identification:Package 'src/pathfinding_nav' with type 'ros.ament_python' and name 'pathfinding_nav'
[0.387s] Level 1:colcon.colcon_core.package_identification:_identify(src/tekbot_sim) by extensions ['ignore', 'ignore_ament_install']
[0.387s] Level 1:colcon.colcon_core.package_identification:_identify(src/tekbot_sim) by extension 'ignore'
[0.387s] Level 1:colcon.colcon_core.package_identification:_identify(src/tekbot_sim) by extension 'ignore_ament_install'
[0.387s] Level 1:colcon.colcon_core.package_identification:_identify(src/tekbot_sim) by extensions ['colcon_pkg']
[0.387s] Level 1:colcon.colcon_core.package_identification:_identify(src/tekbot_sim) by extension 'colcon_pkg'
[0.387s] Level 1:colcon.colcon_core.package_identification:_identify(src/tekbot_sim) by extensions ['colcon_meta']
[0.387s] Level 1:colcon.colcon_core.package_identification:_identify(src/tekbot_sim) by extension 'colcon_meta'
[0.388s] Level 1:colcon.colcon_core.package_identification:_identify(src/tekbot_sim) by extensions ['ros']
[0.388s] Level 1:colcon.colcon_core.package_identification:_identify(src/tekbot_sim) by extension 'ros'
[0.388s] Level 1:colcon.colcon_core.package_identification:_identify(src/tekbot_sim) by extensions ['cmake', 'python']
[0.388s] Level 1:colcon.colcon_core.package_identification:_identify(src/tekbot_sim) by extension 'cmake'
[0.388s] Level 1:colcon.colcon_core.package_identification:_identify(src/tekbot_sim) by extension 'python'
[0.388s] Level 1:colcon.colcon_core.package_identification:_identify(src/tekbot_sim) by extensions ['python_setup_py']
[0.388s] Level 1:colcon.colcon_core.package_identification:_identify(src/tekbot_sim) by extension 'python_setup_py'
[0.388s] Level 1:colcon.colcon_core.package_identification:_identify(src/tekbot_sim/maze_solving) by extensions ['ignore', 'ignore_ament_install']
[0.388s] Level 1:colcon.colcon_core.package_identification:_identify(src/tekbot_sim/maze_solving) by extension 'ignore'
[0.388s] Level 1:colcon.colcon_core.package_identification:_identify(src/tekbot_sim/maze_solving) by extension 'ignore_ament_install'
[0.388s] Level 1:colcon.colcon_core.package_identification:_identify(src/tekbot_sim/maze_solving) by extensions ['colcon_pkg']
[0.389s] Level 1:colcon.colcon_core.package_identification:_identify(src/tekbot_sim/maze_solving) by extension 'colcon_pkg'
[0.389s] Level 1:colcon.colcon_core.package_identification:_identify(src/tekbot_sim/maze_solving) by extensions ['colcon_meta']
[0.389s] Level 1:colcon.colcon_core.package_identification:_identify(src/tekbot_sim/maze_solving) by extension 'colcon_meta'
[0.389s] Level 1:colcon.colcon_core.package_identification:_identify(src/tekbot_sim/maze_solving) by extensions ['ros']
[0.389s] Level 1:colcon.colcon_core.package_identification:_identify(src/tekbot_sim/maze_solving) by extension 'ros'
[0.390s] DEBUG:colcon.colcon_core.package_identification:Package 'src/tekbot_sim/maze_solving' with type 'ros.ament_cmake' and name 'maze_solving'
[0.390s] Level 1:colcon.colcon_core.package_identification:_identify(src/tekbot_sim/tekbot) by extensions ['ignore', 'ignore_ament_install']
[0.390s] Level 1:colcon.colcon_core.package_identification:_identify(src/tekbot_sim/tekbot) by extension 'ignore'
[0.390s] Level 1:colcon.colcon_core.package_identification:_identify(src/tekbot_sim/tekbot) by extension 'ignore_ament_install'
[0.390s] Level 1:colcon.colcon_core.package_identification:_identify(src/tekbot_sim/tekbot) by extensions ['colcon_pkg']
[0.390s] Level 1:colcon.colcon_core.package_identification:_identify(src/tekbot_sim/tekbot) by extension 'colcon_pkg'
[0.390s] Level 1:colcon.colcon_core.package_identification:_identify(src/tekbot_sim/tekbot) by extensions ['colcon_meta']
[0.390s] Level 1:colcon.colcon_core.package_identification:_identify(src/tekbot_sim/tekbot) by extension 'colcon_meta'
[0.390s] Level 1:colcon.colcon_core.package_identification:_identify(src/tekbot_sim/tekbot) by extensions ['ros']
[0.390s] Level 1:colcon.colcon_core.package_identification:_identify(src/tekbot_sim/tekbot) by extension 'ros'
[0.390s] Level 1:colcon.colcon_core.package_identification:_identify(src/tekbot_sim/tekbot) by extensions ['cmake', 'python']
[0.390s] Level 1:colcon.colcon_core.package_identification:_identify(src/tekbot_sim/tekbot) by extension 'cmake'
[0.390s] Level 1:colcon.colcon_core.package_identification:_identify(src/tekbot_sim/tekbot) by extension 'python'
[0.391s] Level 1:colcon.colcon_core.package_identification:_identify(src/tekbot_sim/tekbot) by extensions ['python_setup_py']
[0.391s] Level 1:colcon.colcon_core.package_identification:_identify(src/tekbot_sim/tekbot) by extension 'python_setup_py'
[0.391s] Level 1:colcon.colcon_core.package_identification:_identify(src/tekbot_sim/tekbot/tekbot_control) by extensions ['ignore', 'ignore_ament_install']
[0.391s] Level 1:colcon.colcon_core.package_identification:_identify(src/tekbot_sim/tekbot/tekbot_control) by extension 'ignore'
[0.391s] Level 1:colcon.colcon_core.package_identification:_identify(src/tekbot_sim/tekbot/tekbot_control) by extension 'ignore_ament_install'
[0.391s] Level 1:colcon.colcon_core.package_identification:_identify(src/tekbot_sim/tekbot/tekbot_control) by extensions ['colcon_pkg']
[0.391s] Level 1:colcon.colcon_core.package_identification:_identify(src/tekbot_sim/tekbot/tekbot_control) by extension 'colcon_pkg'
[0.391s] Level 1:colcon.colcon_core.package_identification:_identify(src/tekbot_sim/tekbot/tekbot_control) by extensions ['colcon_meta']
[0.391s] Level 1:colcon.colcon_core.package_identification:_identify(src/tekbot_sim/tekbot/tekbot_control) by extension 'colcon_meta'
[0.391s] Level 1:colcon.colcon_core.package_identification:_identify(src/tekbot_sim/tekbot/tekbot_control) by extensions ['ros']
[0.391s] Level 1:colcon.colcon_core.package_identification:_identify(src/tekbot_sim/tekbot/tekbot_control) by extension 'ros'
[0.392s] DEBUG:colcon.colcon_core.package_identification:Package 'src/tekbot_sim/tekbot/tekbot_control' with type 'ros.ament_cmake' and name 'tekbot_control'
[0.392s] Level 1:colcon.colcon_core.package_identification:_identify(src/tekbot_sim/tekbot/tekbot_description) by extensions ['ignore', 'ignore_ament_install']
[0.392s] Level 1:colcon.colcon_core.package_identification:_identify(src/tekbot_sim/tekbot/tekbot_description) by extension 'ignore'
[0.392s] Level 1:colcon.colcon_core.package_identification:_identify(src/tekbot_sim/tekbot/tekbot_description) by extension 'ignore_ament_install'
[0.392s] Level 1:colcon.colcon_core.package_identification:_identify(src/tekbot_sim/tekbot/tekbot_description) by extensions ['colcon_pkg']
[0.392s] Level 1:colcon.colcon_core.package_identification:_identify(src/tekbot_sim/tekbot/tekbot_description) by extension 'colcon_pkg'
[0.392s] Level 1:colcon.colcon_core.package_identification:_identify(src/tekbot_sim/tekbot/tekbot_description) by extensions ['colcon_meta']
[0.392s] Level 1:colcon.colcon_core.package_identification:_identify(src/tekbot_sim/tekbot/tekbot_description) by extension 'colcon_meta'
[0.392s] Level 1:colcon.colcon_core.package_identification:_identify(src/tekbot_sim/tekbot/tekbot_description) by extensions ['ros']
[0.392s] Level 1:colcon.colcon_core.package_identification:_identify(src/tekbot_sim/tekbot/tekbot_description) by extension 'ros'
[0.394s] DEBUG:colcon.colcon_core.package_identification:Package 'src/tekbot_sim/tekbot/tekbot_description' with type 'ros.ament_cmake' and name 'tekbot_description'
[0.394s] Level 1:colcon.colcon_core.package_discovery:discover_packages(recursive) using defaults
[0.394s] Level 1:colcon.colcon_core.package_discovery:discover_packages(ignore) discover
[0.394s] Level 1:colcon.colcon_core.package_discovery:discover_packages(ignore) using defaults
[0.394s] Level 1:colcon.colcon_core.package_discovery:discover_packages(path) discover
[0.394s] Level 1:colcon.colcon_core.package_discovery:discover_packages(path) using defaults
[0.429s] Level 1:colcon.colcon_core.package_discovery:discover_packages(prefix_path) check parameters
[0.429s] Level 1:colcon.colcon_core.package_discovery:discover_packages(prefix_path) discover
[0.430s] WARNING:colcon.colcon_ros.prefix_path.ament:The path '/home/innovator/2025-Team-Innovators-Docs/IT/week-3/ros2_ws/install/tekbot_description' in the environment variable AMENT_PREFIX_PATH doesn't exist
[0.430s] WARNING:colcon.colcon_ros.prefix_path.ament:The path '/home/innovator/2025-Team-Innovators-Docs/IT/week-3/ros2_ws/install/tekbot_control' in the environment variable AMENT_PREFIX_PATH doesn't exist
[0.430s] WARNING:colcon.colcon_ros.prefix_path.ament:The path '/home/innovator/2025-Team-Innovators-Docs/IT/week-3/ros2_ws/install/pathfinding_nav' in the environment variable AMENT_PREFIX_PATH doesn't exist
[0.430s] WARNING:colcon.colcon_ros.prefix_path.ament:The path '/home/innovator/2025-Team-Innovators-Docs/IT/week-3/ros2_ws/install/maze_solving' in the environment variable AMENT_PREFIX_PATH doesn't exist
[0.430s] WARNING:colcon.colcon_ros.prefix_path.catkin:The path '/home/innovator/2025-Team-Innovators-Docs/IT/week-3/ros2_ws/install/tekbot_description' in the environment variable CMAKE_PREFIX_PATH doesn't exist
[0.430s] WARNING:colcon.colcon_ros.prefix_path.catkin:The path '/home/innovator/2025-Team-Innovators-Docs/IT/week-3/ros2_ws/install/tekbot_control' in the environment variable CMAKE_PREFIX_PATH doesn't exist
[0.430s] WARNING:colcon.colcon_ros.prefix_path.catkin:The path '/home/innovator/2025-Team-Innovators-Docs/IT/week-3/ros2_ws/install/maze_solving' in the environment variable CMAKE_PREFIX_PATH doesn't exist
[0.431s] DEBUG:colcon.colcon_installed_package_information.package_discovery:Found 0 installed packages in /home/innovator/2025-Team-Innovators-Docs/IT/week-3/ros2_ws/install
[0.434s] DEBUG:colcon.colcon_installed_package_information.package_discovery:Found 459 installed packages in /opt/ros/humble
[0.436s] Level 1:colcon.colcon_core.package_discovery:discover_packages(prefix_path) using defaults
[0.516s] Level 5:colcon.colcon_core.verb:set package 'maze_solving' build argument 'cmake_args' from command line to 'None'
[0.516s] Level 5:colcon.colcon_core.verb:set package 'maze_solving' build argument 'cmake_target' from command line to 'None'
[0.516s] Level 5:colcon.colcon_core.verb:set package 'maze_solving' build argument 'cmake_target_skip_unavailable' from command line to 'False'
[0.516s] Level 5:colcon.colcon_core.verb:set package 'maze_solving' build argument 'cmake_clean_cache' from command line to 'False'
[0.517s] Level 5:colcon.colcon_core.verb:set package 'maze_solving' build argument 'cmake_clean_first' from command line to 'False'
[0.517s] Level 5:colcon.colcon_core.verb:set package 'maze_solving' build argument 'cmake_force_configure' from command line to 'False'
[0.517s] Level 5:colcon.colcon_core.verb:set package 'maze_solving' build argument 'ament_cmake_args' from command line to 'None'
[0.517s] Level 5:colcon.colcon_core.verb:set package 'maze_solving' build argument 'catkin_cmake_args' from command line to 'None'
[0.517s] Level 5:colcon.colcon_core.verb:set package 'maze_solving' build argument 'catkin_skip_building_tests' from command line to 'False'
[0.517s] DEBUG:colcon.colcon_core.verb:Building package 'maze_solving' with the following arguments: {'ament_cmake_args': None, 'build_base': '/home/innovator/2025-Team-Innovators-Docs/IT/week-3/ros2_ws/build/maze_solving', 'catkin_cmake_args': None, 'catkin_skip_building_tests': False, 'cmake_args': None, 'cmake_clean_cache': False, 'cmake_clean_first': False, 'cmake_force_configure': False, 'cmake_target': None, 'cmake_target_skip_unavailable': False, 'install_base': '/home/innovator/2025-Team-Innovators-Docs/IT/week-3/ros2_ws/install/maze_solving', 'merge_install': False, 'path': '/home/innovator/2025-Team-Innovators-Docs/IT/week-3/ros2_ws/src/tekbot_sim/maze_solving', 'symlink_install': False, 'test_result_base': None}
[0.517s] Level 5:colcon.colcon_core.verb:set package 'pathfinding_nav' build argument 'cmake_args' from command line to 'None'
[0.517s] Level 5:colcon.colcon_core.verb:set package 'pathfinding_nav' build argument 'cmake_target' from command line to 'None'
[0.517s] Level 5:colcon.colcon_core.verb:set package 'pathfinding_nav' build argument 'cmake_target_skip_unavailable' from command line to 'False'
[0.517s] Level 5:colcon.colcon_core.verb:set package 'pathfinding_nav' build argument 'cmake_clean_cache' from command line to 'False'
[0.517s] Level 5:colcon.colcon_core.verb:set package 'pathfinding_nav' build argument 'cmake_clean_first' from command line to 'False'
[0.517s] Level 5:colcon.colcon_core.verb:set package 'pathfinding_nav' build argument 'cmake_force_configure' from command line to 'False'
[0.517s] Level 5:colcon.colcon_core.verb:set package 'pathfinding_nav' build argument 'ament_cmake_args' from command line to 'None'
[0.517s] Level 5:colcon.colcon_core.verb:set package 'pathfinding_nav' build argument 'catkin_cmake_args' from command line to 'None'
[0.517s] Level 5:colcon.colcon_core.verb:set package 'pathfinding_nav' build argument 'catkin_skip_building_tests' from command line to 'False'
[0.517s] DEBUG:colcon.colcon_core.verb:Building package 'pathfinding_nav' with the following arguments: {'ament_cmake_args': None, 'build_base': '/home/innovator/2025-Team-Innovators-Docs/IT/week-3/ros2_ws/build/pathfinding_nav', 'catkin_cmake_args': None, 'catkin_skip_building_tests': False, 'cmake_args': None, 'cmake_clean_cache': False, 'cmake_clean_first': False, 'cmake_force_configure': False, 'cmake_target': None, 'cmake_target_skip_unavailable': False, 'install_base': '/home/innovator/2025-Team-Innovators-Docs/IT/week-3/ros2_ws/install/pathfinding_nav', 'merge_install': False, 'path': '/home/innovator/2025-Team-Innovators-Docs/IT/week-3/ros2_ws/src/pathfinding_nav', 'symlink_install': False, 'test_result_base': None}
[0.518s] Level 5:colcon.colcon_core.verb:set package 'tekbot_control' build argument 'cmake_args' from command line to 'None'
[0.518s] Level 5:colcon.colcon_core.verb:set package 'tekbot_control' build argument 'cmake_target' from command line to 'None'
[0.518s] Level 5:colcon.colcon_core.verb:set package 'tekbot_control' build argument 'cmake_target_skip_unavailable' from command line to 'False'
[0.518s] Level 5:colcon.colcon_core.verb:set package 'tekbot_control' build argument 'cmake_clean_cache' from command line to 'False'
[0.518s] Level 5:colcon.colcon_core.verb:set package 'tekbot_control' build argument 'cmake_clean_first' from command line to 'False'
[0.518s] Level 5:colcon.colcon_core.verb:set package 'tekbot_control' build argument 'cmake_force_configure' from command line to 'False'
[0.518s] Level 5:colcon.colcon_core.verb:set package 'tekbot_control' build argument 'ament_cmake_args' from command line to 'None'
[0.518s] Level 5:colcon.colcon_core.verb:set package 'tekbot_control' build argument 'catkin_cmake_args' from command line to 'None'
[0.518s] Level 5:colcon.colcon_core.verb:set package 'tekbot_control' build argument 'catkin_skip_building_tests' from command line to 'False'
[0.518s] DEBUG:colcon.colcon_core.verb:Building package 'tekbot_control' with the following arguments: {'ament_cmake_args': None, 'build_base': '/home/innovator/2025-Team-Innovators-Docs/IT/week-3/ros2_ws/build/tekbot_control', 'catkin_cmake_args': None, 'catkin_skip_building_tests': False, 'cmake_args': None, 'cmake_clean_cache': False, 'cmake_clean_first': False, 'cmake_force_configure': False, 'cmake_target': None, 'cmake_target_skip_unavailable': False, 'install_base': '/home/innovator/2025-Team-Innovators-Docs/IT/week-3/ros2_ws/install/tekbot_control', 'merge_install': False, 'path': '/home/innovator/2025-Team-Innovators-Docs/IT/week-3/ros2_ws/src/tekbot_sim/tekbot/tekbot_control', 'symlink_install': False, 'test_result_base': None}
[0.518s] Level 5:colcon.colcon_core.verb:set package 'tekbot_description' build argument 'cmake_args' from command line to 'None'
[0.518s] Level 5:colcon.colcon_core.verb:set package 'tekbot_description' build argument 'cmake_target' from command line to 'None'
[0.518s] Level 5:colcon.colcon_core.verb:set package 'tekbot_description' build argument 'cmake_target_skip_unavailable' from command line to 'False'
[0.518s] Level 5:colcon.colcon_core.verb:set package 'tekbot_description' build argument 'cmake_clean_cache' from command line to 'False'
[0.519s] Level 5:colcon.colcon_core.verb:set package 'tekbot_description' build argument 'cmake_clean_first' from command line to 'False'
[0.519s] Level 5:colcon.colcon_core.verb:set package 'tekbot_description' build argument 'cmake_force_configure' from command line to 'False'
[0.519s] Level 5:colcon.colcon_core.verb:set package 'tekbot_description' build argument 'ament_cmake_args' from command line to 'None'
[0.519s] Level 5:colcon.colcon_core.verb:set package 'tekbot_description' build argument 'catkin_cmake_args' from command line to 'None'
[0.519s] Level 5:colcon.colcon_core.verb:set package 'tekbot_description' build argument 'catkin_skip_building_tests' from command line to 'False'
[0.519s] DEBUG:colcon.colcon_core.verb:Building package 'tekbot_description' with the following arguments: {'ament_cmake_args': None, 'build_base': '/home/innovator/2025-Team-Innovators-Docs/IT/week-3/ros2_ws/build/tekbot_description', 'catkin_cmake_args': None, 'catkin_skip_building_tests': False, 'cmake_args': None, 'cmake_clean_cache': False, 'cmake_clean_first': False, 'cmake_force_configure': False, 'cmake_target': None, 'cmake_target_skip_unavailable': False, 'install_base': '/home/innovator/2025-Team-Innovators-Docs/IT/week-3/ros2_ws/install/tekbot_description', 'merge_install': False, 'path': '/home/innovator/2025-Team-Innovators-Docs/IT/week-3/ros2_ws/src/tekbot_sim/tekbot/tekbot_description', 'symlink_install': False, 'test_result_base': None}
[0.519s] INFO:colcon.colcon_core.executor:Executing jobs using 'parallel' executor
[0.520s] DEBUG:colcon.colcon_parallel_executor.executor.parallel:run_until_complete
[0.520s] INFO:colcon.colcon_ros.task.ament_cmake.build:Building ROS package in '/home/innovator/2025-Team-Innovators-Docs/IT/week-3/ros2_ws/src/tekbot_sim/maze_solving' with build type 'ament_cmake'
[0.520s] INFO:colcon.colcon_cmake.task.cmake.build:Building CMake package in '/home/innovator/2025-Team-Innovators-Docs/IT/week-3/ros2_ws/src/tekbot_sim/maze_solving'
[0.523s] INFO:colcon.colcon_core.plugin_system:Skipping extension 'colcon_core.shell.bat': Not used on non-Windows systems
[0.523s] INFO:colcon.colcon_core.shell:Skip shell extension 'powershell' for command environment: Not usable outside of PowerShell
[0.523s] DEBUG:colcon.colcon_core.shell:Skip shell extension 'dsv' for command environment
[0.527s] INFO:colcon.colcon_ros.task.ament_python.build:Building ROS package in '/home/innovator/2025-Team-Innovators-Docs/IT/week-3/ros2_ws/src/pathfinding_nav' with build type 'ament_python'
[0.527s] Level 1:colcon.colcon_core.shell:create_environment_hook('pathfinding_nav', 'ament_prefix_path')
[0.528s] INFO:colcon.colcon_core.shell:Creating environment hook '/home/innovator/2025-Team-Innovators-Docs/IT/week-3/ros2_ws/install/pathfinding_nav/share/pathfinding_nav/hook/ament_prefix_path.ps1'
[0.529s] INFO:colcon.colcon_core.shell:Creating environment descriptor '/home/innovator/2025-Team-Innovators-Docs/IT/week-3/ros2_ws/install/pathfinding_nav/share/pathfinding_nav/hook/ament_prefix_path.dsv'
[0.529s] INFO:colcon.colcon_core.shell:Creating environment hook '/home/innovator/2025-Team-Innovators-Docs/IT/week-3/ros2_ws/install/pathfinding_nav/share/pathfinding_nav/hook/ament_prefix_path.sh'
[0.530s] INFO:colcon.colcon_core.shell:Skip shell extension 'powershell' for command environment: Not usable outside of PowerShell
[0.530s] DEBUG:colcon.colcon_core.shell:Skip shell extension 'dsv' for command environment
[0.536s] INFO:colcon.colcon_ros.task.ament_cmake.build:Building ROS package in '/home/innovator/2025-Team-Innovators-Docs/IT/week-3/ros2_ws/src/tekbot_sim/tekbot/tekbot_control' with build type 'ament_cmake'
[0.537s] INFO:colcon.colcon_cmake.task.cmake.build:Building CMake package in '/home/innovator/2025-Team-Innovators-Docs/IT/week-3/ros2_ws/src/tekbot_sim/tekbot/tekbot_control'
[0.537s] INFO:colcon.colcon_core.shell:Skip shell extension 'powershell' for command environment: Not usable outside of PowerShell
[0.537s] DEBUG:colcon.colcon_core.shell:Skip shell extension 'dsv' for command environment
[0.543s] INFO:colcon.colcon_ros.task.ament_cmake.build:Building ROS package in '/home/innovator/2025-Team-Innovators-Docs/IT/week-3/ros2_ws/src/tekbot_sim/tekbot/tekbot_description' with build type 'ament_cmake'
[0.543s] INFO:colcon.colcon_cmake.task.cmake.build:Building CMake package in '/home/innovator/2025-Team-Innovators-Docs/IT/week-3/ros2_ws/src/tekbot_sim/tekbot/tekbot_description'
[0.543s] INFO:colcon.colcon_core.shell:Skip shell extension 'powershell' for command environment: Not usable outside of PowerShell
[0.544s] DEBUG:colcon.colcon_core.shell:Skip shell extension 'dsv' for command environment
[0.556s] DEBUG:colcon.colcon_core.event_handler.log_command:Invoking command in '/home/innovator/2025-Team-Innovators-Docs/IT/week-3/ros2_ws/build/maze_solving': CMAKE_PREFIX_PATH=${CMAKE_PREFIX_PATH}:/home/innovator/2025-Team-Innovators-Docs/IT/week-3/ros2_ws/install/pathfinding_nav:/opt/ros/humble /usr/bin/cmake /home/innovator/2025-Team-Innovators-Docs/IT/week-3/ros2_ws/src/tekbot_sim/maze_solving -DCMAKE_INSTALL_PREFIX=/home/innovator/2025-Team-Innovators-Docs/IT/week-3/ros2_ws/install/maze_solving
[0.934s] WARNING:colcon.colcon_ros.task.ament_python.build:Package 'pathfinding_nav' doesn't explicitly install a marker in the package index (colcon-ros currently does it implicitly but that fallback will be removed in the future)
[0.934s] INFO:colcon.colcon_core.task.python.build:Building Python package in '/home/innovator/2025-Team-Innovators-Docs/IT/week-3/ros2_ws/src/pathfinding_nav'
[0.935s] INFO:colcon.colcon_core.shell:Skip shell extension 'powershell' for command environment: Not usable outside of PowerShell
[0.935s] DEBUG:colcon.colcon_core.shell:Skip shell extension 'dsv' for command environment
[0.945s] DEBUG:colcon.colcon_core.event_handler.log_command:Invoking command in '/home/innovator/2025-Team-Innovators-Docs/IT/week-3/ros2_ws/build/tekbot_control': CMAKE_PREFIX_PATH=${CMAKE_PREFIX_PATH}:/home/innovator/2025-Team-Innovators-Docs/IT/week-3/ros2_ws/install/pathfinding_nav:/opt/ros/humble /usr/bin/cmake /home/innovator/2025-Team-Innovators-Docs/IT/week-3/ros2_ws/src/tekbot_sim/tekbot/tekbot_control -DCMAKE_INSTALL_PREFIX=/home/innovator/2025-Team-Innovators-Docs/IT/week-3/ros2_ws/install/tekbot_control
[0.955s] DEBUG:colcon.colcon_core.event_handler.log_command:Invoking command in '/home/innovator/2025-Team-Innovators-Docs/IT/week-3/ros2_ws/build/tekbot_description': CMAKE_PREFIX_PATH=${CMAKE_PREFIX_PATH}:/home/innovator/2025-Team-Innovators-Docs/IT/week-3/ros2_ws/install/pathfinding_nav:/opt/ros/humble /usr/bin/cmake /home/innovator/2025-Team-Innovators-Docs/IT/week-3/ros2_ws/src/tekbot_sim/tekbot/tekbot_description -DCMAKE_INSTALL_PREFIX=/home/innovator/2025-Team-Innovators-Docs/IT/week-3/ros2_ws/install/tekbot_description
[1.768s] DEBUG:colcon.colcon_core.event_handler.log_command:Invoking command in '/home/innovator/2025-Team-Innovators-Docs/IT/week-3/ros2_ws/src/pathfinding_nav': PYTHONPATH=/home/innovator/2025-Team-Innovators-Docs/IT/week-3/ros2_ws/build/pathfinding_nav/prefix_override:/usr/lib/python3/dist-packages/colcon_core/task/python/colcon_distutils_commands:/home/innovator/2025-Team-Innovators-Docs/IT/week-3/ros2_ws/install/pathfinding_nav/lib/python3.10/site-packages:${PYTHONPATH} /usr/bin/python3 -W ignore:setup.py install is deprecated -W ignore:easy_install command is deprecated setup.py egg_info --egg-base ../../build/pathfinding_nav build --build-base /home/innovator/2025-Team-Innovators-Docs/IT/week-3/ros2_ws/build/pathfinding_nav/build install --record /home/innovator/2025-Team-Innovators-Docs/IT/week-3/ros2_ws/build/pathfinding_nav/install.log --single-version-externally-managed install_data
[2.069s] DEBUG:colcon.colcon_core.event_handler.log_command:Invoked command in '/home/innovator/2025-Team-Innovators-Docs/IT/week-3/ros2_ws/build/maze_solving' returned '0': CMAKE_PREFIX_PATH=${CMAKE_PREFIX_PATH}:/home/innovator/2025-Team-Innovators-Docs/IT/week-3/ros2_ws/install/pathfinding_nav:/opt/ros/humble /usr/bin/cmake /home/innovator/2025-Team-Innovators-Docs/IT/week-3/ros2_ws/src/tekbot_sim/maze_solving -DCMAKE_INSTALL_PREFIX=/home/innovator/2025-Team-Innovators-Docs/IT/week-3/ros2_ws/install/maze_solving
[2.071s] DEBUG:colcon.colcon_core.event_handler.log_command:Invoking command in '/home/innovator/2025-Team-Innovators-Docs/IT/week-3/ros2_ws/build/maze_solving': CMAKE_PREFIX_PATH=${CMAKE_PREFIX_PATH}:/home/innovator/2025-Team-Innovators-Docs/IT/week-3/ros2_ws/install/pathfinding_nav:/opt/ros/humble /usr/bin/cmake --build /home/innovator/2025-Team-Innovators-Docs/IT/week-3/ros2_ws/build/maze_solving -- -j4 -l4
[2.136s] DEBUG:colcon.colcon_core.event_handler.log_command:Invoked command in '/home/innovator/2025-Team-Innovators-Docs/IT/week-3/ros2_ws/build/maze_solving' returned '0': CMAKE_PREFIX_PATH=${CMAKE_PREFIX_PATH}:/home/innovator/2025-Team-Innovators-Docs/IT/week-3/ros2_ws/install/pathfinding_nav:/opt/ros/humble /usr/bin/cmake --build /home/innovator/2025-Team-Innovators-Docs/IT/week-3/ros2_ws/build/maze_solving -- -j4 -l4
[2.153s] DEBUG:colcon.colcon_core.event_handler.log_command:Invoking command in '/home/innovator/2025-Team-Innovators-Docs/IT/week-3/ros2_ws/build/maze_solving': CMAKE_PREFIX_PATH=${CMAKE_PREFIX_PATH}:/home/innovator/2025-Team-Innovators-Docs/IT/week-3/ros2_ws/install/pathfinding_nav:/opt/ros/humble /usr/bin/cmake --install /home/innovator/2025-Team-Innovators-Docs/IT/week-3/ros2_ws/build/maze_solving
[2.381s] DEBUG:colcon.colcon_core.event_handler.log_command:Invoked command in '/home/innovator/2025-Team-Innovators-Docs/IT/week-3/ros2_ws/build/tekbot_control' returned '0': CMAKE_PREFIX_PATH=${CMAKE_PREFIX_PATH}:/home/innovator/2025-Team-Innovators-Docs/IT/week-3/ros2_ws/install/pathfinding_nav:/opt/ros/humble /usr/bin/cmake /home/innovator/2025-Team-Innovators-Docs/IT/week-3/ros2_ws/src/tekbot_sim/tekbot/tekbot_control -DCMAKE_INSTALL_PREFIX=/home/innovator/2025-Team-Innovators-Docs/IT/week-3/ros2_ws/install/tekbot_control
[2.383s] DEBUG:colcon.colcon_core.event_handler.log_command:Invoking command in '/home/innovator/2025-Team-Innovators-Docs/IT/week-3/ros2_ws/build/tekbot_control': CMAKE_PREFIX_PATH=${CMAKE_PREFIX_PATH}:/home/innovator/2025-Team-Innovators-Docs/IT/week-3/ros2_ws/install/pathfinding_nav:/opt/ros/humble /usr/bin/cmake --build /home/innovator/2025-Team-Innovators-Docs/IT/week-3/ros2_ws/build/tekbot_control -- -j4 -l4
[2.558s] Level 1:colcon.colcon_core.environment:checking '/home/innovator/2025-Team-Innovators-Docs/IT/week-3/ros2_ws/install/pathfinding_nav' for CMake module files
[2.564s] Level 1:colcon.colcon_core.environment:checking '/home/innovator/2025-Team-Innovators-Docs/IT/week-3/ros2_ws/install/pathfinding_nav' for CMake config files
[2.565s] Level 1:colcon.colcon_core.environment:checking '/home/innovator/2025-Team-Innovators-Docs/IT/week-3/ros2_ws/install/pathfinding_nav/lib'
[2.566s] Level 1:colcon.colcon_core.environment:checking '/home/innovator/2025-Team-Innovators-Docs/IT/week-3/ros2_ws/install/pathfinding_nav/bin'
[2.566s] Level 1:colcon.colcon_core.environment:checking '/home/innovator/2025-Team-Innovators-Docs/IT/week-3/ros2_ws/install/pathfinding_nav/lib/pkgconfig/pathfinding_nav.pc'
[2.567s] Level 1:colcon.colcon_core.environment:checking '/home/innovator/2025-Team-Innovators-Docs/IT/week-3/ros2_ws/install/pathfinding_nav/lib/python3.10/site-packages'
[2.567s] Level 1:colcon.colcon_core.shell:create_environment_hook('pathfinding_nav', 'pythonpath')
[2.568s] INFO:colcon.colcon_core.shell:Creating environment hook '/home/innovator/2025-Team-Innovators-Docs/IT/week-3/ros2_ws/install/pathfinding_nav/share/pathfinding_nav/hook/pythonpath.ps1'
[2.568s] INFO:colcon.colcon_core.shell:Creating environment descriptor '/home/innovator/2025-Team-Innovators-Docs/IT/week-3/ros2_ws/install/pathfinding_nav/share/pathfinding_nav/hook/pythonpath.dsv'
[2.569s] INFO:colcon.colcon_core.shell:Creating environment hook '/home/innovator/2025-Team-Innovators-Docs/IT/week-3/ros2_ws/install/pathfinding_nav/share/pathfinding_nav/hook/pythonpath.sh'
[2.573s] Level 1:colcon.colcon_core.environment:checking '/home/innovator/2025-Team-Innovators-Docs/IT/week-3/ros2_ws/install/pathfinding_nav/bin'
[2.574s] Level 1:colcon.colcon_core.environment:create_environment_scripts_only(pathfinding_nav)
[2.576s] INFO:colcon.colcon_core.shell:Creating package script '/home/innovator/2025-Team-Innovators-Docs/IT/week-3/ros2_ws/install/pathfinding_nav/share/pathfinding_nav/package.ps1'
[2.579s] INFO:colcon.colcon_core.shell:Creating package descriptor '/home/innovator/2025-Team-Innovators-Docs/IT/week-3/ros2_ws/install/pathfinding_nav/share/pathfinding_nav/package.dsv'
[2.583s] INFO:colcon.colcon_core.shell:Creating package script '/home/innovator/2025-Team-Innovators-Docs/IT/week-3/ros2_ws/install/pathfinding_nav/share/pathfinding_nav/package.sh'
[2.585s] INFO:colcon.colcon_core.shell:Creating package script '/home/innovator/2025-Team-Innovators-Docs/IT/week-3/ros2_ws/install/pathfinding_nav/share/pathfinding_nav/package.bash'
[2.589s] INFO:colcon.colcon_core.shell:Creating package script '/home/innovator/2025-Team-Innovators-Docs/IT/week-3/ros2_ws/install/pathfinding_nav/share/pathfinding_nav/package.zsh'
[2.591s] Level 1:colcon.colcon_core.environment:create_file_with_runtime_dependencies(/home/innovator/2025-Team-Innovators-Docs/IT/week-3/ros2_ws/install/pathfinding_nav/share/colcon-core/packages/pathfinding_nav)
[2.596s] Level 1:colcon.colcon_core.environment:create_environment_scripts_only(tekbot_control)
[2.596s] Level 1:colcon.colcon_core.environment:checking '/home/innovator/2025-Team-Innovators-Docs/IT/week-3/ros2_ws/install/tekbot_control' for CMake module files
[2.599s] Level 1:colcon.colcon_core.environment:checking '/home/innovator/2025-Team-Innovators-Docs/IT/week-3/ros2_ws/install/tekbot_control' for CMake config files
[2.602s] Level 1:colcon.colcon_core.shell:create_environment_hook('tekbot_control', 'cmake_prefix_path')
[2.603s] INFO:colcon.colcon_core.shell:Creating environment hook '/home/innovator/2025-Team-Innovators-Docs/IT/week-3/ros2_ws/install/tekbot_control/share/tekbot_control/hook/cmake_prefix_path.ps1'
[2.605s] INFO:colcon.colcon_core.shell:Creating environment descriptor '/home/innovator/2025-Team-Innovators-Docs/IT/week-3/ros2_ws/install/tekbot_control/share/tekbot_control/hook/cmake_prefix_path.dsv'
[2.606s] INFO:colcon.colcon_core.shell:Creating environment hook '/home/innovator/2025-Team-Innovators-Docs/IT/week-3/ros2_ws/install/tekbot_control/share/tekbot_control/hook/cmake_prefix_path.sh'
[2.607s] Level 1:colcon.colcon_core.environment:checking '/home/innovator/2025-Team-Innovators-Docs/IT/week-3/ros2_ws/install/tekbot_control/bin'
[2.607s] Level 1:colcon.colcon_core.environment:checking '/home/innovator/2025-Team-Innovators-Docs/IT/week-3/ros2_ws/install/tekbot_control/lib/pkgconfig/tekbot_control.pc'
[2.609s] Level 1:colcon.colcon_core.environment:checking '/home/innovator/2025-Team-Innovators-Docs/IT/week-3/ros2_ws/install/tekbot_control/lib/python3.10/site-packages'
[2.610s] Level 1:colcon.colcon_core.environment:checking '/home/innovator/2025-Team-Innovators-Docs/IT/week-3/ros2_ws/install/tekbot_control/bin'
[2.612s] INFO:colcon.colcon_core.shell:Creating package script '/home/innovator/2025-Team-Innovators-Docs/IT/week-3/ros2_ws/install/tekbot_control/share/tekbot_control/package.ps1'
[2.612s] INFO:colcon.colcon_core.shell:Creating package descriptor '/home/innovator/2025-Team-Innovators-Docs/IT/week-3/ros2_ws/install/tekbot_control/share/tekbot_control/package.dsv'
[2.613s] INFO:colcon.colcon_core.shell:Creating package script '/home/innovator/2025-Team-Innovators-Docs/IT/week-3/ros2_ws/install/tekbot_control/share/tekbot_control/package.sh'
[2.618s] INFO:colcon.colcon_core.shell:Creating package script '/home/innovator/2025-Team-Innovators-Docs/IT/week-3/ros2_ws/install/tekbot_control/share/tekbot_control/package.bash'
[2.619s] INFO:colcon.colcon_core.shell:Creating package script '/home/innovator/2025-Team-Innovators-Docs/IT/week-3/ros2_ws/install/tekbot_control/share/tekbot_control/package.zsh'
[2.621s] Level 1:colcon.colcon_core.environment:create_file_with_runtime_dependencies(/home/innovator/2025-Team-Innovators-Docs/IT/week-3/ros2_ws/install/tekbot_control/share/colcon-core/packages/tekbot_control)
[2.624s] Level 1:colcon.colcon_core.environment:create_environment_scripts_only(tekbot_control)
[2.625s] Level 1:colcon.colcon_core.environment:checking '/home/innovator/2025-Team-Innovators-Docs/IT/week-3/ros2_ws/install/tekbot_control' for CMake module files
[2.628s] Level 1:colcon.colcon_core.environment:checking '/home/innovator/2025-Team-Innovators-Docs/IT/week-3/ros2_ws/install/tekbot_control' for CMake config files
[2.629s] Level 1:colcon.colcon_core.shell:create_environment_hook('tekbot_control', 'cmake_prefix_path')
[2.630s] INFO:colcon.colcon_core.shell:Creating environment hook '/home/innovator/2025-Team-Innovators-Docs/IT/week-3/ros2_ws/install/tekbot_control/share/tekbot_control/hook/cmake_prefix_path.ps1'
[2.632s] INFO:colcon.colcon_core.shell:Creating environment descriptor '/home/innovator/2025-Team-Innovators-Docs/IT/week-3/ros2_ws/install/tekbot_control/share/tekbot_control/hook/cmake_prefix_path.dsv'
[2.634s] INFO:colcon.colcon_core.shell:Creating environment hook '/home/innovator/2025-Team-Innovators-Docs/IT/week-3/ros2_ws/install/tekbot_control/share/tekbot_control/hook/cmake_prefix_path.sh'
[2.637s] Level 1:colcon.colcon_core.environment:checking '/home/innovator/2025-Team-Innovators-Docs/IT/week-3/ros2_ws/install/tekbot_control/bin'
[2.637s] Level 1:colcon.colcon_core.environment:checking '/home/innovator/2025-Team-Innovators-Docs/IT/week-3/ros2_ws/install/tekbot_control/lib/pkgconfig/tekbot_control.pc'
[2.638s] Level 1:colcon.colcon_core.environment:checking '/home/innovator/2025-Team-Innovators-Docs/IT/week-3/ros2_ws/install/tekbot_control/lib/python3.10/site-packages'
[2.638s] Level 1:colcon.colcon_core.environment:checking '/home/innovator/2025-Team-Innovators-Docs/IT/week-3/ros2_ws/install/tekbot_control/bin'
[2.639s] INFO:colcon.colcon_core.shell:Creating package script '/home/innovator/2025-Team-Innovators-Docs/IT/week-3/ros2_ws/install/tekbot_control/share/tekbot_control/package.ps1'
[2.641s] DEBUG:colcon.colcon_core.event_handler.log_command:Invoked command in '/home/innovator/2025-Team-Innovators-Docs/IT/week-3/ros2_ws/build/tekbot_control' returned '0': CMAKE_PREFIX_PATH=${CMAKE_PREFIX_PATH}:/home/innovator/2025-Team-Innovators-Docs/IT/week-3/ros2_ws/install/pathfinding_nav:/opt/ros/humble /usr/bin/cmake --build /home/innovator/2025-Team-Innovators-Docs/IT/week-3/ros2_ws/build/tekbot_control -- -j4 -l4
[2.642s] INFO:colcon.colcon_core.shell:Creating package descriptor '/home/innovator/2025-Team-Innovators-Docs/IT/week-3/ros2_ws/install/tekbot_control/share/tekbot_control/package.dsv'
[2.643s] INFO:colcon.colcon_core.shell:Creating package script '/home/innovator/2025-Team-Innovators-Docs/IT/week-3/ros2_ws/install/tekbot_control/share/tekbot_control/package.sh'
[2.646s] DEBUG:colcon.colcon_core.event_handler.log_command:Invoking command in '/home/innovator/2025-Team-Innovators-Docs/IT/week-3/ros2_ws/build/tekbot_control': CMAKE_PREFIX_PATH=${CMAKE_PREFIX_PATH}:/home/innovator/2025-Team-Innovators-Docs/IT/week-3/ros2_ws/install/pathfinding_nav:/opt/ros/humble /usr/bin/cmake --install /home/innovator/2025-Team-Innovators-Docs/IT/week-3/ros2_ws/build/tekbot_control
[2.647s] INFO:colcon.colcon_core.shell:Creating package script '/home/innovator/2025-Team-Innovators-Docs/IT/week-3/ros2_ws/install/tekbot_control/share/tekbot_control/package.bash'
[2.650s] INFO:colcon.colcon_core.shell:Creating package script '/home/innovator/2025-Team-Innovators-Docs/IT/week-3/ros2_ws/install/tekbot_control/share/tekbot_control/package.zsh'
[2.652s] Level 1:colcon.colcon_core.environment:create_file_with_runtime_dependencies(/home/innovator/2025-Team-Innovators-Docs/IT/week-3/ros2_ws/install/tekbot_control/share/colcon-core/packages/tekbot_control)
[2.677s] Level 1:colcon.colcon_core.environment:create_environment_scripts_only(maze_solving)
[2.678s] Level 1:colcon.colcon_core.environment:checking '/home/innovator/2025-Team-Innovators-Docs/IT/week-3/ros2_ws/install/maze_solving' for CMake module files
[2.682s] Level 1:colcon.colcon_core.environment:checking '/home/innovator/2025-Team-Innovators-Docs/IT/week-3/ros2_ws/install/maze_solving' for CMake config files
[2.686s] DEBUG:colcon.colcon_core.event_handler.log_command:Invoked command in '/home/innovator/2025-Team-Innovators-Docs/IT/week-3/ros2_ws/src/pathfinding_nav' returned '0': PYTHONPATH=/home/innovator/2025-Team-Innovators-Docs/IT/week-3/ros2_ws/build/pathfinding_nav/prefix_override:/usr/lib/python3/dist-packages/colcon_core/task/python/colcon_distutils_commands:/home/innovator/2025-Team-Innovators-Docs/IT/week-3/ros2_ws/install/pathfinding_nav/lib/python3.10/site-packages:${PYTHONPATH} /usr/bin/python3 -W ignore:setup.py install is deprecated -W ignore:easy_install command is deprecated setup.py egg_info --egg-base ../../build/pathfinding_nav build --build-base /home/innovator/2025-Team-Innovators-Docs/IT/week-3/ros2_ws/build/pathfinding_nav/build install --record /home/innovator/2025-Team-Innovators-Docs/IT/week-3/ros2_ws/build/pathfinding_nav/install.log --single-version-externally-managed install_data
[2.690s] Level 1:colcon.colcon_core.shell:create_environment_hook('maze_solving', 'cmake_prefix_path')
[2.690s] INFO:colcon.colcon_core.shell:Creating environment hook '/home/innovator/2025-Team-Innovators-Docs/IT/week-3/ros2_ws/install/maze_solving/share/maze_solving/hook/cmake_prefix_path.ps1'
[2.692s] INFO:colcon.colcon_core.shell:Creating environment descriptor '/home/innovator/2025-Team-Innovators-Docs/IT/week-3/ros2_ws/install/maze_solving/share/maze_solving/hook/cmake_prefix_path.dsv'
[2.695s] INFO:colcon.colcon_core.shell:Creating environment hook '/home/innovator/2025-Team-Innovators-Docs/IT/week-3/ros2_ws/install/maze_solving/share/maze_solving/hook/cmake_prefix_path.sh'
[2.698s] Level 1:colcon.colcon_core.environment:checking '/home/innovator/2025-Team-Innovators-Docs/IT/week-3/ros2_ws/install/maze_solving/bin'
[2.699s] Level 1:colcon.colcon_core.environment:checking '/home/innovator/2025-Team-Innovators-Docs/IT/week-3/ros2_ws/install/maze_solving/lib/pkgconfig/maze_solving.pc'
[2.701s] Level 1:colcon.colcon_core.environment:checking '/home/innovator/2025-Team-Innovators-Docs/IT/week-3/ros2_ws/install/maze_solving/lib/python3.10/site-packages'
[2.701s] Level 1:colcon.colcon_core.environment:checking '/home/innovator/2025-Team-Innovators-Docs/IT/week-3/ros2_ws/install/maze_solving/bin'
[2.701s] INFO:colcon.colcon_core.shell:Creating package script '/home/innovator/2025-Team-Innovators-Docs/IT/week-3/ros2_ws/install/maze_solving/share/maze_solving/package.ps1'
[2.707s] INFO:colcon.colcon_core.shell:Creating package descriptor '/home/innovator/2025-Team-Innovators-Docs/IT/week-3/ros2_ws/install/maze_solving/share/maze_solving/package.dsv'
[2.711s] INFO:colcon.colcon_core.shell:Creating package script '/home/innovator/2025-Team-Innovators-Docs/IT/week-3/ros2_ws/install/maze_solving/share/maze_solving/package.sh'
[2.715s] INFO:colcon.colcon_core.shell:Creating package script '/home/innovator/2025-Team-Innovators-Docs/IT/week-3/ros2_ws/install/maze_solving/share/maze_solving/package.bash'
[2.718s] INFO:colcon.colcon_core.shell:Creating package script '/home/innovator/2025-Team-Innovators-Docs/IT/week-3/ros2_ws/install/maze_solving/share/maze_solving/package.zsh'
[2.720s] Level 1:colcon.colcon_core.environment:create_file_with_runtime_dependencies(/home/innovator/2025-Team-Innovators-Docs/IT/week-3/ros2_ws/install/maze_solving/share/colcon-core/packages/maze_solving)
[2.727s] DEBUG:colcon.colcon_core.event_handler.log_command:Invoked command in '/home/innovator/2025-Team-Innovators-Docs/IT/week-3/ros2_ws/build/tekbot_control' returned '0': CMAKE_PREFIX_PATH=${CMAKE_PREFIX_PATH}:/home/innovator/2025-Team-Innovators-Docs/IT/week-3/ros2_ws/install/pathfinding_nav:/opt/ros/humble /usr/bin/cmake --install /home/innovator/2025-Team-Innovators-Docs/IT/week-3/ros2_ws/build/tekbot_control
[2.727s] Level 1:colcon.colcon_core.environment:create_environment_scripts_only(maze_solving)
[2.728s] Level 1:colcon.colcon_core.environment:checking '/home/innovator/2025-Team-Innovators-Docs/IT/week-3/ros2_ws/install/maze_solving' for CMake module files
[2.729s] Level 1:colcon.colcon_core.environment:checking '/home/innovator/2025-Team-Innovators-Docs/IT/week-3/ros2_ws/install/maze_solving' for CMake config files
[2.729s] Level 1:colcon.colcon_core.shell:create_environment_hook('maze_solving', 'cmake_prefix_path')
[2.730s] INFO:colcon.colcon_core.shell:Creating environment hook '/home/innovator/2025-Team-Innovators-Docs/IT/week-3/ros2_ws/install/maze_solving/share/maze_solving/hook/cmake_prefix_path.ps1'
[2.734s] INFO:colcon.colcon_core.shell:Creating environment descriptor '/home/innovator/2025-Team-Innovators-Docs/IT/week-3/ros2_ws/install/maze_solving/share/maze_solving/hook/cmake_prefix_path.dsv'
[2.738s] INFO:colcon.colcon_core.shell:Creating environment hook '/home/innovator/2025-Team-Innovators-Docs/IT/week-3/ros2_ws/install/maze_solving/share/maze_solving/hook/cmake_prefix_path.sh'
[2.742s] Level 1:colcon.colcon_core.environment:checking '/home/innovator/2025-Team-Innovators-Docs/IT/week-3/ros2_ws/install/maze_solving/bin'
[2.745s] Level 1:colcon.colcon_core.environment:checking '/home/innovator/2025-Team-Innovators-Docs/IT/week-3/ros2_ws/install/maze_solving/lib/pkgconfig/maze_solving.pc'
[2.746s] Level 1:colcon.colcon_core.environment:checking '/home/innovator/2025-Team-Innovators-Docs/IT/week-3/ros2_ws/install/maze_solving/lib/python3.10/site-packages'
[2.746s] Level 1:colcon.colcon_core.environment:checking '/home/innovator/2025-Team-Innovators-Docs/IT/week-3/ros2_ws/install/maze_solving/bin'
[2.747s] INFO:colcon.colcon_core.shell:Creating package script '/home/innovator/2025-Team-Innovators-Docs/IT/week-3/ros2_ws/install/maze_solving/share/maze_solving/package.ps1'
[2.749s] INFO:colcon.colcon_core.shell:Creating package descriptor '/home/innovator/2025-Team-Innovators-Docs/IT/week-3/ros2_ws/install/maze_solving/share/maze_solving/package.dsv'
[2.753s] INFO:colcon.colcon_core.shell:Creating package script '/home/innovator/2025-Team-Innovators-Docs/IT/week-3/ros2_ws/install/maze_solving/share/maze_solving/package.sh'
[2.758s] INFO:colcon.colcon_core.shell:Creating package script '/home/innovator/2025-Team-Innovators-Docs/IT/week-3/ros2_ws/install/maze_solving/share/maze_solving/package.bash'
[2.761s] INFO:colcon.colcon_core.shell:Creating package script '/home/innovator/2025-Team-Innovators-Docs/IT/week-3/ros2_ws/install/maze_solving/share/maze_solving/package.zsh'
[2.762s] Level 1:colcon.colcon_core.environment:create_file_with_runtime_dependencies(/home/innovator/2025-Team-Innovators-Docs/IT/week-3/ros2_ws/install/maze_solving/share/colcon-core/packages/maze_solving)
[2.771s] DEBUG:colcon.colcon_core.event_handler.log_command:Invoked command in '/home/innovator/2025-Team-Innovators-Docs/IT/week-3/ros2_ws/build/maze_solving' returned '0': CMAKE_PREFIX_PATH=${CMAKE_PREFIX_PATH}:/home/innovator/2025-Team-Innovators-Docs/IT/week-3/ros2_ws/install/pathfinding_nav:/opt/ros/humble /usr/bin/cmake --install /home/innovator/2025-Team-Innovators-Docs/IT/week-3/ros2_ws/build/maze_solving
[3.225s] DEBUG:colcon.colcon_core.event_handler.log_command:Invoked command in '/home/innovator/2025-Team-Innovators-Docs/IT/week-3/ros2_ws/build/tekbot_description' returned '0': CMAKE_PREFIX_PATH=${CMAKE_PREFIX_PATH}:/home/innovator/2025-Team-Innovators-Docs/IT/week-3/ros2_ws/install/pathfinding_nav:/opt/ros/humble /usr/bin/cmake /home/innovator/2025-Team-Innovators-Docs/IT/week-3/ros2_ws/src/tekbot_sim/tekbot/tekbot_description -DCMAKE_INSTALL_PREFIX=/home/innovator/2025-Team-Innovators-Docs/IT/week-3/ros2_ws/install/tekbot_description
[3.228s] DEBUG:colcon.colcon_core.event_handler.log_command:Invoking command in '/home/innovator/2025-Team-Innovators-Docs/IT/week-3/ros2_ws/build/tekbot_description': CMAKE_PREFIX_PATH=${CMAKE_PREFIX_PATH}:/home/innovator/2025-Team-Innovators-Docs/IT/week-3/ros2_ws/install/pathfinding_nav:/opt/ros/humble /usr/bin/cmake --build /home/innovator/2025-Team-Innovators-Docs/IT/week-3/ros2_ws/build/tekbot_description -- -j4 -l4
[3.274s] DEBUG:colcon.colcon_core.event_handler.log_command:Invoked command in '/home/innovator/2025-Team-Innovators-Docs/IT/week-3/ros2_ws/build/tekbot_description' returned '0': CMAKE_PREFIX_PATH=${CMAKE_PREFIX_PATH}:/home/innovator/2025-Team-Innovators-Docs/IT/week-3/ros2_ws/install/pathfinding_nav:/opt/ros/humble /usr/bin/cmake --build /home/innovator/2025-Team-Innovators-Docs/IT/week-3/ros2_ws/build/tekbot_description -- -j4 -l4
[3.276s] DEBUG:colcon.colcon_core.event_handler.log_command:Invoking command in '/home/innovator/2025-Team-Innovators-Docs/IT/week-3/ros2_ws/build/tekbot_description': CMAKE_PREFIX_PATH=${CMAKE_PREFIX_PATH}:/home/innovator/2025-Team-Innovators-Docs/IT/week-3/ros2_ws/install/pathfinding_nav:/opt/ros/humble /usr/bin/cmake --install /home/innovator/2025-Team-Innovators-Docs/IT/week-3/ros2_ws/build/tekbot_description
[3.292s] Level 1:colcon.colcon_core.environment:create_environment_scripts_only(tekbot_description)
[3.293s] Level 1:colcon.colcon_core.environment:checking '/home/innovator/2025-Team-Innovators-Docs/IT/week-3/ros2_ws/install/tekbot_description' for CMake module files
[3.293s] DEBUG:colcon.colcon_core.event_handler.log_command:Invoked command in '/home/innovator/2025-Team-Innovators-Docs/IT/week-3/ros2_ws/build/tekbot_description' returned '0': CMAKE_PREFIX_PATH=${CMAKE_PREFIX_PATH}:/home/innovator/2025-Team-Innovators-Docs/IT/week-3/ros2_ws/install/pathfinding_nav:/opt/ros/humble /usr/bin/cmake --install /home/innovator/2025-Team-Innovators-Docs/IT/week-3/ros2_ws/build/tekbot_description
[3.294s] Level 1:colcon.colcon_core.environment:checking '/home/innovator/2025-Team-Innovators-Docs/IT/week-3/ros2_ws/install/tekbot_description' for CMake config files
[3.295s] Level 1:colcon.colcon_core.shell:create_environment_hook('tekbot_description', 'cmake_prefix_path')
[3.295s] INFO:colcon.colcon_core.shell:Creating environment hook '/home/innovator/2025-Team-Innovators-Docs/IT/week-3/ros2_ws/install/tekbot_description/share/tekbot_description/hook/cmake_prefix_path.ps1'
[3.296s] INFO:colcon.colcon_core.shell:Creating environment descriptor '/home/innovator/2025-Team-Innovators-Docs/IT/week-3/ros2_ws/install/tekbot_description/share/tekbot_description/hook/cmake_prefix_path.dsv'
[3.296s] INFO:colcon.colcon_core.shell:Creating environment hook '/home/innovator/2025-Team-Innovators-Docs/IT/week-3/ros2_ws/install/tekbot_description/share/tekbot_description/hook/cmake_prefix_path.sh'
[3.297s] Level 1:colcon.colcon_core.environment:checking '/home/innovator/2025-Team-Innovators-Docs/IT/week-3/ros2_ws/install/tekbot_description/bin'
[3.297s] Level 1:colcon.colcon_core.environment:checking '/home/innovator/2025-Team-Innovators-Docs/IT/week-3/ros2_ws/install/tekbot_description/lib/pkgconfig/tekbot_description.pc'
[3.298s] Level 1:colcon.colcon_core.environment:checking '/home/innovator/2025-Team-Innovators-Docs/IT/week-3/ros2_ws/install/tekbot_description/lib/python3.10/site-packages'
[3.298s] Level 1:colcon.colcon_core.environment:checking '/home/innovator/2025-Team-Innovators-Docs/IT/week-3/ros2_ws/install/tekbot_description/bin'
[3.298s] INFO:colcon.colcon_core.shell:Creating package script '/home/innovator/2025-Team-Innovators-Docs/IT/week-3/ros2_ws/install/tekbot_description/share/tekbot_description/package.ps1'
[3.299s] INFO:colcon.colcon_core.shell:Creating package descriptor '/home/innovator/2025-Team-Innovators-Docs/IT/week-3/ros2_ws/install/tekbot_description/share/tekbot_description/package.dsv'
[3.300s] INFO:colcon.colcon_core.shell:Creating package script '/home/innovator/2025-Team-Innovators-Docs/IT/week-3/ros2_ws/install/tekbot_description/share/tekbot_description/package.sh'
[3.300s] INFO:colcon.colcon_core.shell:Creating package script '/home/innovator/2025-Team-Innovators-Docs/IT/week-3/ros2_ws/install/tekbot_description/share/tekbot_description/package.bash'
[3.301s] INFO:colcon.colcon_core.shell:Creating package script '/home/innovator/2025-Team-Innovators-Docs/IT/week-3/ros2_ws/install/tekbot_description/share/tekbot_description/package.zsh'
[3.301s] Level 1:colcon.colcon_core.environment:create_file_with_runtime_dependencies(/home/innovator/2025-Team-Innovators-Docs/IT/week-3/ros2_ws/install/tekbot_description/share/colcon-core/packages/tekbot_description)
[3.302s] Level 1:colcon.colcon_core.environment:create_environment_scripts_only(tekbot_description)
[3.302s] Level 1:colcon.colcon_core.environment:checking '/home/innovator/2025-Team-Innovators-Docs/IT/week-3/ros2_ws/install/tekbot_description' for CMake module files
[3.303s] Level 1:colcon.colcon_core.environment:checking '/home/innovator/2025-Team-Innovators-Docs/IT/week-3/ros2_ws/install/tekbot_description' for CMake config files
[3.304s] Level 1:colcon.colcon_core.shell:create_environment_hook('tekbot_description', 'cmake_prefix_path')
[3.304s] INFO:colcon.colcon_core.shell:Creating environment hook '/home/innovator/2025-Team-Innovators-Docs/IT/week-3/ros2_ws/install/tekbot_description/share/tekbot_description/hook/cmake_prefix_path.ps1'
[3.305s] INFO:colcon.colcon_core.shell:Creating environment descriptor '/home/innovator/2025-Team-Innovators-Docs/IT/week-3/ros2_ws/install/tekbot_description/share/tekbot_description/hook/cmake_prefix_path.dsv'
[3.305s] INFO:colcon.colcon_core.shell:Creating environment hook '/home/innovator/2025-Team-Innovators-Docs/IT/week-3/ros2_ws/install/tekbot_description/share/tekbot_description/hook/cmake_prefix_path.sh'
[3.306s] Level 1:colcon.colcon_core.environment:checking '/home/innovator/2025-Team-Innovators-Docs/IT/week-3/ros2_ws/install/tekbot_description/bin'
[3.306s] Level 1:colcon.colcon_core.environment:checking '/home/innovator/2025-Team-Innovators-Docs/IT/week-3/ros2_ws/install/tekbot_description/lib/pkgconfig/tekbot_description.pc'
[3.306s] Level 1:colcon.colcon_core.environment:checking '/home/innovator/2025-Team-Innovators-Docs/IT/week-3/ros2_ws/install/tekbot_description/lib/python3.10/site-packages'
[3.306s] Level 1:colcon.colcon_core.environment:checking '/home/innovator/2025-Team-Innovators-Docs/IT/week-3/ros2_ws/install/tekbot_description/bin'
[3.307s] INFO:colcon.colcon_core.shell:Creating package script '/home/innovator/2025-Team-Innovators-Docs/IT/week-3/ros2_ws/install/tekbot_description/share/tekbot_description/package.ps1'
[3.307s] INFO:colcon.colcon_core.shell:Creating package descriptor '/home/innovator/2025-Team-Innovators-Docs/IT/week-3/ros2_ws/install/tekbot_description/share/tekbot_description/package.dsv'
[3.308s] INFO:colcon.colcon_core.shell:Creating package script '/home/innovator/2025-Team-Innovators-Docs/IT/week-3/ros2_ws/install/tekbot_description/share/tekbot_description/package.sh'
[3.308s] INFO:colcon.colcon_core.shell:Creating package script '/home/innovator/2025-Team-Innovators-Docs/IT/week-3/ros2_ws/install/tekbot_description/share/tekbot_description/package.bash'
[3.309s] INFO:colcon.colcon_core.shell:Creating package script '/home/innovator/2025-Team-Innovators-Docs/IT/week-3/ros2_ws/install/tekbot_description/share/tekbot_description/package.zsh'
[3.309s] Level 1:colcon.colcon_core.environment:create_file_with_runtime_dependencies(/home/innovator/2025-Team-Innovators-Docs/IT/week-3/ros2_ws/install/tekbot_description/share/colcon-core/packages/tekbot_description)
[3.309s] DEBUG:colcon.colcon_parallel_executor.executor.parallel:closing loop
[3.310s] DEBUG:colcon.colcon_parallel_executor.executor.parallel:loop closed
[3.310s] DEBUG:colcon.colcon_parallel_executor.executor.parallel:run_until_complete finished with '0'
[3.310s] DEBUG:colcon.colcon_core.event_reactor:joining thread
[3.317s] INFO:colcon.colcon_core.plugin_system:Skipping extension 'colcon_notification.desktop_notification.terminal_notifier': Not used on non-Darwin systems
[3.317s] INFO:colcon.colcon_core.plugin_system:Skipping extension 'colcon_notification.desktop_notification.win32': Not used on non-Windows systems
[3.318s] INFO:colcon.colcon_notification.desktop_notification:Sending desktop notification using 'notify2'
[3.332s] DEBUG:colcon.colcon_core.event_reactor:joined thread
[3.332s] INFO:colcon.colcon_core.shell:Creating prefix script '/home/innovator/2025-Team-Innovators-Docs/IT/week-3/ros2_ws/install/local_setup.ps1'
[3.333s] INFO:colcon.colcon_core.shell:Creating prefix util module '/home/innovator/2025-Team-Innovators-Docs/IT/week-3/ros2_ws/install/_local_setup_util_ps1.py'
[3.336s] INFO:colcon.colcon_core.shell:Creating prefix chain script '/home/innovator/2025-Team-Innovators-Docs/IT/week-3/ros2_ws/install/setup.ps1'
[3.338s] INFO:colcon.colcon_core.shell:Creating prefix script '/home/innovator/2025-Team-Innovators-Docs/IT/week-3/ros2_ws/install/local_setup.sh'
[3.338s] INFO:colcon.colcon_core.shell:Creating prefix util module '/home/innovator/2025-Team-Innovators-Docs/IT/week-3/ros2_ws/install/_local_setup_util_sh.py'
[3.339s] INFO:colcon.colcon_core.shell:Creating prefix chain script '/home/innovator/2025-Team-Innovators-Docs/IT/week-3/ros2_ws/install/setup.sh'
[3.341s] INFO:colcon.colcon_core.shell:Creating prefix script '/home/innovator/2025-Team-Innovators-Docs/IT/week-3/ros2_ws/install/local_setup.bash'
[3.341s] INFO:colcon.colcon_core.shell:Creating prefix chain script '/home/innovator/2025-Team-Innovators-Docs/IT/week-3/ros2_ws/install/setup.bash'
[3.344s] INFO:colcon.colcon_core.shell:Creating prefix script '/home/innovator/2025-Team-Innovators-Docs/IT/week-3/ros2_ws/install/local_setup.zsh'
[3.344s] INFO:colcon.colcon_core.shell:Creating prefix chain script '/home/innovator/2025-Team-Innovators-Docs/IT/week-3/ros2_ws/install/setup.zsh'
