[0.141s] DEBUG:colcon:Command line arguments: ['/usr/bin/colcon', 'build']
[0.141s] DEBUG:colcon:Parsed command line arguments: Namespace(log_base=None, log_level=None, verb_name='build', build_base='build', install_base='install', merge_install=False, symlink_install=False, test_result_base=None, continue_on_error=False, executor='parallel', parallel_workers=4, event_handlers=None, ignore_user_meta=False, metas=['./colcon.meta'], base_paths=['.'], packages_ignore=None, packages_ignore_regex=None, paths=None, packages_up_to=None, packages_up_to_regex=None, packages_above=None, packages_above_and_dependencies=None, packages_above_depth=None, packages_select_by_dep=None, packages_skip_by_dep=None, packages_skip_up_to=None, packages_select_build_failed=False, packages_skip_build_finished=False, packages_select_test_failures=False, packages_skip_test_passed=False, packages_select=None, packages_skip=None, packages_select_regex=None, packages_skip_regex=None, packages_start=None, packages_end=None, allow_overriding=[], cmake_args=None, cmake_target=None, cmake_target_skip_unavailable=False, cmake_clean_cache=False, cmake_clean_first=False, cmake_force_configure=False, ament_cmake_args=None, catkin_cmake_args=None, catkin_skip_building_tests=False, mixin_files=None, mixin=None, verb_parser=<colcon_mixin.mixin.mixin_argument.MixinArgumentDecorator object at 0x733c16340d90>, verb_extension=<colcon_core.verb.build.BuildVerb object at 0x733c16445d20>, main=<bound method BuildVerb.main of <colcon_core.verb.build.BuildVerb object at 0x733c16445d20>>, mixin_verb=('build',))
[0.301s] Level 1:colcon.colcon_core.package_discovery:discover_packages(colcon_meta) check parameters
[0.301s] Level 1:colcon.colcon_core.package_discovery:discover_packages(recursive) check parameters
[0.301s] Level 1:colcon.colcon_core.package_discovery:discover_packages(ignore) check parameters
[0.301s] Level 1:colcon.colcon_core.package_discovery:discover_packages(path) check parameters
[0.301s] Level 1:colcon.colcon_core.package_discovery:discover_packages(colcon_meta) discover
[0.301s] Level 1:colcon.colcon_core.package_discovery:discover_packages(recursive) discover
[0.301s] INFO:colcon.colcon_core.package_discovery:Crawling recursively for packages in '/home/innovator/2025-Team-Innovators-Docs/IT/week-3/ros2_ws'
[0.301s] Level 1:colcon.colcon_core.package_identification:_identify(.) by extensions ['ignore', 'ignore_ament_install']
[0.301s] Level 1:colcon.colcon_core.package_identification:_identify(.) by extension 'ignore'
[0.301s] Level 1:colcon.colcon_core.package_identification:_identify(.) by extension 'ignore_ament_install'
[0.302s] Level 1:colcon.colcon_core.package_identification:_identify(.) by extensions ['colcon_pkg']
[0.302s] Level 1:colcon.colcon_core.package_identification:_identify(.) by extension 'colcon_pkg'
[0.302s] Level 1:colcon.colcon_core.package_identification:_identify(.) by extensions ['colcon_meta']
[0.302s] Level 1:colcon.colcon_core.package_identification:_identify(.) by extension 'colcon_meta'
[0.302s] Level 1:colcon.colcon_core.package_identification:_identify(.) by extensions ['ros']
[0.302s] Level 1:colcon.colcon_core.package_identification:_identify(.) by extension 'ros'
[0.314s] Level 1:colcon.colcon_core.package_identification:_identify(.) by extensions ['cmake', 'python']
[0.314s] Level 1:colcon.colcon_core.package_identification:_identify(.) by extension 'cmake'
[0.314s] Level 1:colcon.colcon_core.package_identification:_identify(.) by extension 'python'
[0.314s] Level 1:colcon.colcon_core.package_identification:_identify(.) by extensions ['python_setup_py']
[0.315s] Level 1:colcon.colcon_core.package_identification:_identify(.) by extension 'python_setup_py'
[0.315s] Level 1:colcon.colcon_core.package_identification:_identify(build) by extensions ['ignore', 'ignore_ament_install']
[0.315s] Level 1:colcon.colcon_core.package_identification:_identify(build) by extension 'ignore'
[0.315s] Level 1:colcon.colcon_core.package_identification:_identify(build) ignored
[0.315s] Level 1:colcon.colcon_core.package_identification:_identify(install) by extensions ['ignore', 'ignore_ament_install']
[0.315s] Level 1:colcon.colcon_core.package_identification:_identify(install) by extension 'ignore'
[0.315s] Level 1:colcon.colcon_core.package_identification:_identify(install) ignored
[0.315s] Level 1:colcon.colcon_core.package_identification:_identify(log) by extensions ['ignore', 'ignore_ament_install']
[0.315s] Level 1:colcon.colcon_core.package_identification:_identify(log) by extension 'ignore'
[0.315s] Level 1:colcon.colcon_core.package_identification:_identify(log) ignored
[0.315s] Level 1:colcon.colcon_core.package_identification:_identify(src) by extensions ['ignore', 'ignore_ament_install']
[0.316s] Level 1:colcon.colcon_core.package_identification:_identify(src) by extension 'ignore'
[0.316s] Level 1:colcon.colcon_core.package_identification:_identify(src) by extension 'ignore_ament_install'
[0.316s] Level 1:colcon.colcon_core.package_identification:_identify(src) by extensions ['colcon_pkg']
[0.316s] Level 1:colcon.colcon_core.package_identification:_identify(src) by extension 'colcon_pkg'
[0.316s] Level 1:colcon.colcon_core.package_identification:_identify(src) by extensions ['colcon_meta']
[0.316s] Level 1:colcon.colcon_core.package_identification:_identify(src) by extension 'colcon_meta'
[0.316s] Level 1:colcon.colcon_core.package_identification:_identify(src) by extensions ['ros']
[0.316s] Level 1:colcon.colcon_core.package_identification:_identify(src) by extension 'ros'
[0.316s] Level 1:colcon.colcon_core.package_identification:_identify(src) by extensions ['cmake', 'python']
[0.316s] Level 1:colcon.colcon_core.package_identification:_identify(src) by extension 'cmake'
[0.316s] Level 1:colcon.colcon_core.package_identification:_identify(src) by extension 'python'
[0.316s] Level 1:colcon.colcon_core.package_identification:_identify(src) by extensions ['python_setup_py']
[0.316s] Level 1:colcon.colcon_core.package_identification:_identify(src) by extension 'python_setup_py'
[0.316s] Level 1:colcon.colcon_core.package_identification:_identify(src/pathfinding_nav) by extensions ['ignore', 'ignore_ament_install']
[0.316s] Level 1:colcon.colcon_core.package_identification:_identify(src/pathfinding_nav) by extension 'ignore'
[0.316s] Level 1:colcon.colcon_core.package_identification:_identify(src/pathfinding_nav) by extension 'ignore_ament_install'
[0.316s] Level 1:colcon.colcon_core.package_identification:_identify(src/pathfinding_nav) by extensions ['colcon_pkg']
[0.316s] Level 1:colcon.colcon_core.package_identification:_identify(src/pathfinding_nav) by extension 'colcon_pkg'
[0.316s] Level 1:colcon.colcon_core.package_identification:_identify(src/pathfinding_nav) by extensions ['colcon_meta']
[0.317s] Level 1:colcon.colcon_core.package_identification:_identify(src/pathfinding_nav) by extension 'colcon_meta'
[0.317s] Level 1:colcon.colcon_core.package_identification:_identify(src/pathfinding_nav) by extensions ['ros']
[0.317s] Level 1:colcon.colcon_core.package_identification:_identify(src/pathfinding_nav) by extension 'ros'
[0.319s] DEBUG:colcon.colcon_core.package_identification:Package 'src/pathfinding_nav' with type 'ros.ament_python' and name 'pathfinding_nav'
[0.320s] Level 1:colcon.colcon_core.package_identification:_identify(src/tekbot_sim) by extensions ['ignore', 'ignore_ament_install']
[0.320s] Level 1:colcon.colcon_core.package_identification:_identify(src/tekbot_sim) by extension 'ignore'
[0.320s] Level 1:colcon.colcon_core.package_identification:_identify(src/tekbot_sim) by extension 'ignore_ament_install'
[0.320s] Level 1:colcon.colcon_core.package_identification:_identify(src/tekbot_sim) by extensions ['colcon_pkg']
[0.320s] Level 1:colcon.colcon_core.package_identification:_identify(src/tekbot_sim) by extension 'colcon_pkg'
[0.320s] Level 1:colcon.colcon_core.package_identification:_identify(src/tekbot_sim) by extensions ['colcon_meta']
[0.320s] Level 1:colcon.colcon_core.package_identification:_identify(src/tekbot_sim) by extension 'colcon_meta'
[0.320s] Level 1:colcon.colcon_core.package_identification:_identify(src/tekbot_sim) by extensions ['ros']
[0.320s] Level 1:colcon.colcon_core.package_identification:_identify(src/tekbot_sim) by extension 'ros'
[0.320s] Level 1:colcon.colcon_core.package_identification:_identify(src/tekbot_sim) by extensions ['cmake', 'python']
[0.320s] Level 1:colcon.colcon_core.package_identification:_identify(src/tekbot_sim) by extension 'cmake'
[0.320s] Level 1:colcon.colcon_core.package_identification:_identify(src/tekbot_sim) by extension 'python'
[0.320s] Level 1:colcon.colcon_core.package_identification:_identify(src/tekbot_sim) by extensions ['python_setup_py']
[0.320s] Level 1:colcon.colcon_core.package_identification:_identify(src/tekbot_sim) by extension 'python_setup_py'
[0.320s] Level 1:colcon.colcon_core.package_identification:_identify(src/tekbot_sim/maze_solving) by extensions ['ignore', 'ignore_ament_install']
[0.320s] Level 1:colcon.colcon_core.package_identification:_identify(src/tekbot_sim/maze_solving) by extension 'ignore'
[0.321s] Level 1:colcon.colcon_core.package_identification:_identify(src/tekbot_sim/maze_solving) by extension 'ignore_ament_install'
[0.321s] Level 1:colcon.colcon_core.package_identification:_identify(src/tekbot_sim/maze_solving) by extensions ['colcon_pkg']
[0.321s] Level 1:colcon.colcon_core.package_identification:_identify(src/tekbot_sim/maze_solving) by extension 'colcon_pkg'
[0.321s] Level 1:colcon.colcon_core.package_identification:_identify(src/tekbot_sim/maze_solving) by extensions ['colcon_meta']
[0.321s] Level 1:colcon.colcon_core.package_identification:_identify(src/tekbot_sim/maze_solving) by extension 'colcon_meta'
[0.321s] Level 1:colcon.colcon_core.package_identification:_identify(src/tekbot_sim/maze_solving) by extensions ['ros']
[0.321s] Level 1:colcon.colcon_core.package_identification:_identify(src/tekbot_sim/maze_solving) by extension 'ros'
[0.321s] DEBUG:colcon.colcon_core.package_identification:Package 'src/tekbot_sim/maze_solving' with type 'ros.ament_cmake' and name 'maze_solving'
[0.321s] Level 1:colcon.colcon_core.package_identification:_identify(src/tekbot_sim/tekbot) by extensions ['ignore', 'ignore_ament_install']
[0.322s] Level 1:colcon.colcon_core.package_identification:_identify(src/tekbot_sim/tekbot) by extension 'ignore'
[0.322s] Level 1:colcon.colcon_core.package_identification:_identify(src/tekbot_sim/tekbot) by extension 'ignore_ament_install'
[0.322s] Level 1:colcon.colcon_core.package_identification:_identify(src/tekbot_sim/tekbot) by extensions ['colcon_pkg']
[0.322s] Level 1:colcon.colcon_core.package_identification:_identify(src/tekbot_sim/tekbot) by extension 'colcon_pkg'
[0.322s] Level 1:colcon.colcon_core.package_identification:_identify(src/tekbot_sim/tekbot) by extensions ['colcon_meta']
[0.322s] Level 1:colcon.colcon_core.package_identification:_identify(src/tekbot_sim/tekbot) by extension 'colcon_meta'
[0.322s] Level 1:colcon.colcon_core.package_identification:_identify(src/tekbot_sim/tekbot) by extensions ['ros']
[0.322s] Level 1:colcon.colcon_core.package_identification:_identify(src/tekbot_sim/tekbot) by extension 'ros'
[0.322s] Level 1:colcon.colcon_core.package_identification:_identify(src/tekbot_sim/tekbot) by extensions ['cmake', 'python']
[0.322s] Level 1:colcon.colcon_core.package_identification:_identify(src/tekbot_sim/tekbot) by extension 'cmake'
[0.322s] Level 1:colcon.colcon_core.package_identification:_identify(src/tekbot_sim/tekbot) by extension 'python'
[0.322s] Level 1:colcon.colcon_core.package_identification:_identify(src/tekbot_sim/tekbot) by extensions ['python_setup_py']
[0.322s] Level 1:colcon.colcon_core.package_identification:_identify(src/tekbot_sim/tekbot) by extension 'python_setup_py'
[0.322s] Level 1:colcon.colcon_core.package_identification:_identify(src/tekbot_sim/tekbot/tekbot_control) by extensions ['ignore', 'ignore_ament_install']
[0.322s] Level 1:colcon.colcon_core.package_identification:_identify(src/tekbot_sim/tekbot/tekbot_control) by extension 'ignore'
[0.322s] Level 1:colcon.colcon_core.package_identification:_identify(src/tekbot_sim/tekbot/tekbot_control) by extension 'ignore_ament_install'
[0.323s] Level 1:colcon.colcon_core.package_identification:_identify(src/tekbot_sim/tekbot/tekbot_control) by extensions ['colcon_pkg']
[0.323s] Level 1:colcon.colcon_core.package_identification:_identify(src/tekbot_sim/tekbot/tekbot_control) by extension 'colcon_pkg'
[0.323s] Level 1:colcon.colcon_core.package_identification:_identify(src/tekbot_sim/tekbot/tekbot_control) by extensions ['colcon_meta']
[0.323s] Level 1:colcon.colcon_core.package_identification:_identify(src/tekbot_sim/tekbot/tekbot_control) by extension 'colcon_meta'
[0.323s] Level 1:colcon.colcon_core.package_identification:_identify(src/tekbot_sim/tekbot/tekbot_control) by extensions ['ros']
[0.323s] Level 1:colcon.colcon_core.package_identification:_identify(src/tekbot_sim/tekbot/tekbot_control) by extension 'ros'
[0.325s] DEBUG:colcon.colcon_core.package_identification:Package 'src/tekbot_sim/tekbot/tekbot_control' with type 'ros.ament_cmake' and name 'tekbot_control'
[0.325s] Level 1:colcon.colcon_core.package_identification:_identify(src/tekbot_sim/tekbot/tekbot_description) by extensions ['ignore', 'ignore_ament_install']
[0.325s] Level 1:colcon.colcon_core.package_identification:_identify(src/tekbot_sim/tekbot/tekbot_description) by extension 'ignore'
[0.325s] Level 1:colcon.colcon_core.package_identification:_identify(src/tekbot_sim/tekbot/tekbot_description) by extension 'ignore_ament_install'
[0.325s] Level 1:colcon.colcon_core.package_identification:_identify(src/tekbot_sim/tekbot/tekbot_description) by extensions ['colcon_pkg']
[0.325s] Level 1:colcon.colcon_core.package_identification:_identify(src/tekbot_sim/tekbot/tekbot_description) by extension 'colcon_pkg'
[0.325s] Level 1:colcon.colcon_core.package_identification:_identify(src/tekbot_sim/tekbot/tekbot_description) by extensions ['colcon_meta']
[0.325s] Level 1:colcon.colcon_core.package_identification:_identify(src/tekbot_sim/tekbot/tekbot_description) by extension 'colcon_meta'
[0.325s] Level 1:colcon.colcon_core.package_identification:_identify(src/tekbot_sim/tekbot/tekbot_description) by extensions ['ros']
[0.325s] Level 1:colcon.colcon_core.package_identification:_identify(src/tekbot_sim/tekbot/tekbot_description) by extension 'ros'
[0.326s] DEBUG:colcon.colcon_core.package_identification:Package 'src/tekbot_sim/tekbot/tekbot_description' with type 'ros.ament_cmake' and name 'tekbot_description'
[0.326s] Level 1:colcon.colcon_core.package_discovery:discover_packages(recursive) using defaults
[0.326s] Level 1:colcon.colcon_core.package_discovery:discover_packages(ignore) discover
[0.326s] Level 1:colcon.colcon_core.package_discovery:discover_packages(ignore) using defaults
[0.326s] Level 1:colcon.colcon_core.package_discovery:discover_packages(path) discover
[0.326s] Level 1:colcon.colcon_core.package_discovery:discover_packages(path) using defaults
[0.349s] Level 1:colcon.colcon_core.package_discovery:discover_packages(prefix_path) check parameters
[0.349s] Level 1:colcon.colcon_core.package_discovery:discover_packages(prefix_path) discover
[0.350s] Level 1:colcon.colcon_core.package_discovery:discover_packages(prefix_path) using defaults
[0.352s] Level 5:colcon.colcon_core.verb:set package 'maze_solving' build argument 'cmake_args' from command line to 'None'
[0.352s] Level 5:colcon.colcon_core.verb:set package 'maze_solving' build argument 'cmake_target' from command line to 'None'
[0.352s] Level 5:colcon.colcon_core.verb:set package 'maze_solving' build argument 'cmake_target_skip_unavailable' from command line to 'False'
[0.352s] Level 5:colcon.colcon_core.verb:set package 'maze_solving' build argument 'cmake_clean_cache' from command line to 'False'
[0.352s] Level 5:colcon.colcon_core.verb:set package 'maze_solving' build argument 'cmake_clean_first' from command line to 'False'
[0.352s] Level 5:colcon.colcon_core.verb:set package 'maze_solving' build argument 'cmake_force_configure' from command line to 'False'
[0.352s] Level 5:colcon.colcon_core.verb:set package 'maze_solving' build argument 'ament_cmake_args' from command line to 'None'
[0.352s] Level 5:colcon.colcon_core.verb:set package 'maze_solving' build argument 'catkin_cmake_args' from command line to 'None'
[0.352s] Level 5:colcon.colcon_core.verb:set package 'maze_solving' build argument 'catkin_skip_building_tests' from command line to 'False'
[0.352s] DEBUG:colcon.colcon_core.verb:Building package 'maze_solving' with the following arguments: {'ament_cmake_args': None, 'build_base': '/home/innovator/2025-Team-Innovators-Docs/IT/week-3/ros2_ws/build/maze_solving', 'catkin_cmake_args': None, 'catkin_skip_building_tests': False, 'cmake_args': None, 'cmake_clean_cache': False, 'cmake_clean_first': False, 'cmake_force_configure': False, 'cmake_target': None, 'cmake_target_skip_unavailable': False, 'install_base': '/home/innovator/2025-Team-Innovators-Docs/IT/week-3/ros2_ws/install/maze_solving', 'merge_install': False, 'path': '/home/innovator/2025-Team-Innovators-Docs/IT/week-3/ros2_ws/src/tekbot_sim/maze_solving', 'symlink_install': False, 'test_result_base': None}
[0.352s] Level 5:colcon.colcon_core.verb:set package 'pathfinding_nav' build argument 'cmake_args' from command line to 'None'
[0.352s] Level 5:colcon.colcon_core.verb:set package 'pathfinding_nav' build argument 'cmake_target' from command line to 'None'
[0.352s] Level 5:colcon.colcon_core.verb:set package 'pathfinding_nav' build argument 'cmake_target_skip_unavailable' from command line to 'False'
[0.352s] Level 5:colcon.colcon_core.verb:set package 'pathfinding_nav' build argument 'cmake_clean_cache' from command line to 'False'
[0.352s] Level 5:colcon.colcon_core.verb:set package 'pathfinding_nav' build argument 'cmake_clean_first' from command line to 'False'
[0.352s] Level 5:colcon.colcon_core.verb:set package 'pathfinding_nav' build argument 'cmake_force_configure' from command line to 'False'
[0.352s] Level 5:colcon.colcon_core.verb:set package 'pathfinding_nav' build argument 'ament_cmake_args' from command line to 'None'
[0.352s] Level 5:colcon.colcon_core.verb:set package 'pathfinding_nav' build argument 'catkin_cmake_args' from command line to 'None'
[0.353s] Level 5:colcon.colcon_core.verb:set package 'pathfinding_nav' build argument 'catkin_skip_building_tests' from command line to 'False'
[0.353s] DEBUG:colcon.colcon_core.verb:Building package 'pathfinding_nav' with the following arguments: {'ament_cmake_args': None, 'build_base': '/home/innovator/2025-Team-Innovators-Docs/IT/week-3/ros2_ws/build/pathfinding_nav', 'catkin_cmake_args': None, 'catkin_skip_building_tests': False, 'cmake_args': None, 'cmake_clean_cache': False, 'cmake_clean_first': False, 'cmake_force_configure': False, 'cmake_target': None, 'cmake_target_skip_unavailable': False, 'install_base': '/home/innovator/2025-Team-Innovators-Docs/IT/week-3/ros2_ws/install/pathfinding_nav', 'merge_install': False, 'path': '/home/innovator/2025-Team-Innovators-Docs/IT/week-3/ros2_ws/src/pathfinding_nav', 'symlink_install': False, 'test_result_base': None}
[0.353s] Level 5:colcon.colcon_core.verb:set package 'tekbot_control' build argument 'cmake_args' from command line to 'None'
[0.353s] Level 5:colcon.colcon_core.verb:set package 'tekbot_control' build argument 'cmake_target' from command line to 'None'
[0.353s] Level 5:colcon.colcon_core.verb:set package 'tekbot_control' build argument 'cmake_target_skip_unavailable' from command line to 'False'
[0.353s] Level 5:colcon.colcon_core.verb:set package 'tekbot_control' build argument 'cmake_clean_cache' from command line to 'False'
[0.353s] Level 5:colcon.colcon_core.verb:set package 'tekbot_control' build argument 'cmake_clean_first' from command line to 'False'
[0.353s] Level 5:colcon.colcon_core.verb:set package 'tekbot_control' build argument 'cmake_force_configure' from command line to 'False'
[0.353s] Level 5:colcon.colcon_core.verb:set package 'tekbot_control' build argument 'ament_cmake_args' from command line to 'None'
[0.353s] Level 5:colcon.colcon_core.verb:set package 'tekbot_control' build argument 'catkin_cmake_args' from command line to 'None'
[0.353s] Level 5:colcon.colcon_core.verb:set package 'tekbot_control' build argument 'catkin_skip_building_tests' from command line to 'False'
[0.353s] DEBUG:colcon.colcon_core.verb:Building package 'tekbot_control' with the following arguments: {'ament_cmake_args': None, 'build_base': '/home/innovator/2025-Team-Innovators-Docs/IT/week-3/ros2_ws/build/tekbot_control', 'catkin_cmake_args': None, 'catkin_skip_building_tests': False, 'cmake_args': None, 'cmake_clean_cache': False, 'cmake_clean_first': False, 'cmake_force_configure': False, 'cmake_target': None, 'cmake_target_skip_unavailable': False, 'install_base': '/home/innovator/2025-Team-Innovators-Docs/IT/week-3/ros2_ws/install/tekbot_control', 'merge_install': False, 'path': '/home/innovator/2025-Team-Innovators-Docs/IT/week-3/ros2_ws/src/tekbot_sim/tekbot/tekbot_control', 'symlink_install': False, 'test_result_base': None}
[0.354s] Level 5:colcon.colcon_core.verb:set package 'tekbot_description' build argument 'cmake_args' from command line to 'None'
[0.354s] Level 5:colcon.colcon_core.verb:set package 'tekbot_description' build argument 'cmake_target' from command line to 'None'
[0.354s] Level 5:colcon.colcon_core.verb:set package 'tekbot_description' build argument 'cmake_target_skip_unavailable' from command line to 'False'
[0.354s] Level 5:colcon.colcon_core.verb:set package 'tekbot_description' build argument 'cmake_clean_cache' from command line to 'False'
[0.354s] Level 5:colcon.colcon_core.verb:set package 'tekbot_description' build argument 'cmake_clean_first' from command line to 'False'
[0.354s] Level 5:colcon.colcon_core.verb:set package 'tekbot_description' build argument 'cmake_force_configure' from command line to 'False'
[0.354s] Level 5:colcon.colcon_core.verb:set package 'tekbot_description' build argument 'ament_cmake_args' from command line to 'None'
[0.354s] Level 5:colcon.colcon_core.verb:set package 'tekbot_description' build argument 'catkin_cmake_args' from command line to 'None'
[0.354s] Level 5:colcon.colcon_core.verb:set package 'tekbot_description' build argument 'catkin_skip_building_tests' from command line to 'False'
[0.354s] DEBUG:colcon.colcon_core.verb:Building package 'tekbot_description' with the following arguments: {'ament_cmake_args': None, 'build_base': '/home/innovator/2025-Team-Innovators-Docs/IT/week-3/ros2_ws/build/tekbot_description', 'catkin_cmake_args': None, 'catkin_skip_building_tests': False, 'cmake_args': None, 'cmake_clean_cache': False, 'cmake_clean_first': False, 'cmake_force_configure': False, 'cmake_target': None, 'cmake_target_skip_unavailable': False, 'install_base': '/home/innovator/2025-Team-Innovators-Docs/IT/week-3/ros2_ws/install/tekbot_description', 'merge_install': False, 'path': '/home/innovator/2025-Team-Innovators-Docs/IT/week-3/ros2_ws/src/tekbot_sim/tekbot/tekbot_description', 'symlink_install': False, 'test_result_base': None}
[0.354s] INFO:colcon.colcon_core.executor:Executing jobs using 'parallel' executor
[0.355s] DEBUG:colcon.colcon_parallel_executor.executor.parallel:run_until_complete
[0.356s] INFO:colcon.colcon_ros.task.ament_cmake.build:Building ROS package in '/home/innovator/2025-Team-Innovators-Docs/IT/week-3/ros2_ws/src/tekbot_sim/maze_solving' with build type 'ament_cmake'
[0.356s] INFO:colcon.colcon_cmake.task.cmake.build:Building CMake package in '/home/innovator/2025-Team-Innovators-Docs/IT/week-3/ros2_ws/src/tekbot_sim/maze_solving'
[0.358s] INFO:colcon.colcon_core.plugin_system:Skipping extension 'colcon_core.shell.bat': Not used on non-Windows systems
[0.358s] INFO:colcon.colcon_core.shell:Skip shell extension 'powershell' for command environment: Not usable outside of PowerShell
[0.358s] DEBUG:colcon.colcon_core.shell:Skip shell extension 'dsv' for command environment
[0.360s] INFO:colcon.colcon_ros.task.ament_python.build:Building ROS package in '/home/innovator/2025-Team-Innovators-Docs/IT/week-3/ros2_ws/src/pathfinding_nav' with build type 'ament_python'
[0.360s] Level 1:colcon.colcon_core.shell:create_environment_hook('pathfinding_nav', 'ament_prefix_path')
[0.360s] INFO:colcon.colcon_core.shell:Creating environment hook '/home/innovator/2025-Team-Innovators-Docs/IT/week-3/ros2_ws/install/pathfinding_nav/share/pathfinding_nav/hook/ament_prefix_path.ps1'
[0.361s] INFO:colcon.colcon_core.shell:Creating environment descriptor '/home/innovator/2025-Team-Innovators-Docs/IT/week-3/ros2_ws/install/pathfinding_nav/share/pathfinding_nav/hook/ament_prefix_path.dsv'
[0.362s] INFO:colcon.colcon_core.shell:Creating environment hook '/home/innovator/2025-Team-Innovators-Docs/IT/week-3/ros2_ws/install/pathfinding_nav/share/pathfinding_nav/hook/ament_prefix_path.sh'
[0.363s] INFO:colcon.colcon_core.shell:Skip shell extension 'powershell' for command environment: Not usable outside of PowerShell
[0.363s] DEBUG:colcon.colcon_core.shell:Skip shell extension 'dsv' for command environment
[0.364s] INFO:colcon.colcon_ros.task.ament_cmake.build:Building ROS package in '/home/innovator/2025-Team-Innovators-Docs/IT/week-3/ros2_ws/src/tekbot_sim/tekbot/tekbot_control' with build type 'ament_cmake'
[0.364s] INFO:colcon.colcon_cmake.task.cmake.build:Building CMake package in '/home/innovator/2025-Team-Innovators-Docs/IT/week-3/ros2_ws/src/tekbot_sim/tekbot/tekbot_control'
[0.364s] INFO:colcon.colcon_core.shell:Skip shell extension 'powershell' for command environment: Not usable outside of PowerShell
[0.364s] DEBUG:colcon.colcon_core.shell:Skip shell extension 'dsv' for command environment
[0.366s] INFO:colcon.colcon_ros.task.ament_cmake.build:Building ROS package in '/home/innovator/2025-Team-Innovators-Docs/IT/week-3/ros2_ws/src/tekbot_sim/tekbot/tekbot_description' with build type 'ament_cmake'
[0.366s] INFO:colcon.colcon_cmake.task.cmake.build:Building CMake package in '/home/innovator/2025-Team-Innovators-Docs/IT/week-3/ros2_ws/src/tekbot_sim/tekbot/tekbot_description'
[0.367s] INFO:colcon.colcon_core.shell:Skip shell extension 'powershell' for command environment: Not usable outside of PowerShell
[0.367s] DEBUG:colcon.colcon_core.shell:Skip shell extension 'dsv' for command environment
[0.377s] DEBUG:colcon.colcon_core.event_handler.log_command:Invoking command in '/home/innovator/2025-Team-Innovators-Docs/IT/week-3/ros2_ws/build/maze_solving': /usr/bin/cmake --build /home/innovator/2025-Team-Innovators-Docs/IT/week-3/ros2_ws/build/maze_solving -- -j4 -l4
[0.669s] WARNING:colcon.colcon_ros.task.ament_python.build:Package 'pathfinding_nav' doesn't explicitly install a marker in the package index (colcon-ros currently does it implicitly but that fallback will be removed in the future)
[0.669s] INFO:colcon.colcon_core.task.python.build:Building Python package in '/home/innovator/2025-Team-Innovators-Docs/IT/week-3/ros2_ws/src/pathfinding_nav'
[0.670s] INFO:colcon.colcon_core.shell:Skip shell extension 'powershell' for command environment: Not usable outside of PowerShell
[0.670s] DEBUG:colcon.colcon_core.shell:Skip shell extension 'dsv' for command environment
[0.676s] DEBUG:colcon.colcon_core.event_handler.log_command:Invoking command in '/home/innovator/2025-Team-Innovators-Docs/IT/week-3/ros2_ws/build/tekbot_control': /usr/bin/cmake --build /home/innovator/2025-Team-Innovators-Docs/IT/week-3/ros2_ws/build/tekbot_control -- -j4 -l4
[0.686s] DEBUG:colcon.colcon_core.event_handler.log_command:Invoking command in '/home/innovator/2025-Team-Innovators-Docs/IT/week-3/ros2_ws/build/tekbot_description': /usr/bin/cmake --build /home/innovator/2025-Team-Innovators-Docs/IT/week-3/ros2_ws/build/tekbot_description -- -j4 -l4
[0.689s] DEBUG:colcon.colcon_core.event_handler.log_command:Invoked command in '/home/innovator/2025-Team-Innovators-Docs/IT/week-3/ros2_ws/build/maze_solving' returned '0': /usr/bin/cmake --build /home/innovator/2025-Team-Innovators-Docs/IT/week-3/ros2_ws/build/maze_solving -- -j4 -l4
[0.698s] DEBUG:colcon.colcon_core.event_handler.log_command:Invoking command in '/home/innovator/2025-Team-Innovators-Docs/IT/week-3/ros2_ws/build/maze_solving': /usr/bin/cmake --install /home/innovator/2025-Team-Innovators-Docs/IT/week-3/ros2_ws/build/maze_solving
[0.783s] Level 1:colcon.colcon_core.environment:create_environment_scripts_only(tekbot_control)
[0.808s] Level 1:colcon.colcon_core.environment:checking '/home/innovator/2025-Team-Innovators-Docs/IT/week-3/ros2_ws/install/tekbot_control' for CMake module files
[0.810s] Level 1:colcon.colcon_core.environment:checking '/home/innovator/2025-Team-Innovators-Docs/IT/week-3/ros2_ws/install/tekbot_control' for CMake config files
[0.810s] Level 1:colcon.colcon_core.shell:create_environment_hook('tekbot_control', 'cmake_prefix_path')
[0.811s] INFO:colcon.colcon_core.shell:Creating environment hook '/home/innovator/2025-Team-Innovators-Docs/IT/week-3/ros2_ws/install/tekbot_control/share/tekbot_control/hook/cmake_prefix_path.ps1'
[0.811s] INFO:colcon.colcon_core.shell:Creating environment descriptor '/home/innovator/2025-Team-Innovators-Docs/IT/week-3/ros2_ws/install/tekbot_control/share/tekbot_control/hook/cmake_prefix_path.dsv'
[0.818s] INFO:colcon.colcon_core.shell:Creating environment hook '/home/innovator/2025-Team-Innovators-Docs/IT/week-3/ros2_ws/install/tekbot_control/share/tekbot_control/hook/cmake_prefix_path.sh'
[0.824s] Level 1:colcon.colcon_core.environment:checking '/home/innovator/2025-Team-Innovators-Docs/IT/week-3/ros2_ws/install/tekbot_control/bin'
[0.826s] Level 1:colcon.colcon_core.environment:checking '/home/innovator/2025-Team-Innovators-Docs/IT/week-3/ros2_ws/install/tekbot_control/lib/pkgconfig/tekbot_control.pc'
[0.826s] Level 1:colcon.colcon_core.environment:checking '/home/innovator/2025-Team-Innovators-Docs/IT/week-3/ros2_ws/install/tekbot_control/lib/python3.10/site-packages'
[0.826s] Level 1:colcon.colcon_core.environment:checking '/home/innovator/2025-Team-Innovators-Docs/IT/week-3/ros2_ws/install/tekbot_control/bin'
[0.826s] INFO:colcon.colcon_core.shell:Creating package script '/home/innovator/2025-Team-Innovators-Docs/IT/week-3/ros2_ws/install/tekbot_control/share/tekbot_control/package.ps1'
[0.832s] INFO:colcon.colcon_core.shell:Creating package descriptor '/home/innovator/2025-Team-Innovators-Docs/IT/week-3/ros2_ws/install/tekbot_control/share/tekbot_control/package.dsv'
[0.837s] INFO:colcon.colcon_core.shell:Creating package script '/home/innovator/2025-Team-Innovators-Docs/IT/week-3/ros2_ws/install/tekbot_control/share/tekbot_control/package.sh'
[0.841s] INFO:colcon.colcon_core.shell:Creating package script '/home/innovator/2025-Team-Innovators-Docs/IT/week-3/ros2_ws/install/tekbot_control/share/tekbot_control/package.bash'
[0.846s] INFO:colcon.colcon_core.shell:Creating package script '/home/innovator/2025-Team-Innovators-Docs/IT/week-3/ros2_ws/install/tekbot_control/share/tekbot_control/package.zsh'
[0.851s] Level 1:colcon.colcon_core.environment:create_file_with_runtime_dependencies(/home/innovator/2025-Team-Innovators-Docs/IT/week-3/ros2_ws/install/tekbot_control/share/colcon-core/packages/tekbot_control)
[0.859s] Level 1:colcon.colcon_core.environment:create_environment_scripts_only(tekbot_control)
[0.859s] Level 1:colcon.colcon_core.environment:checking '/home/innovator/2025-Team-Innovators-Docs/IT/week-3/ros2_ws/install/tekbot_control' for CMake module files
[0.863s] Level 1:colcon.colcon_core.environment:checking '/home/innovator/2025-Team-Innovators-Docs/IT/week-3/ros2_ws/install/tekbot_control' for CMake config files
[0.884s] DEBUG:colcon.colcon_core.event_handler.log_command:Invoked command in '/home/innovator/2025-Team-Innovators-Docs/IT/week-3/ros2_ws/build/tekbot_control' returned '0': /usr/bin/cmake --build /home/innovator/2025-Team-Innovators-Docs/IT/week-3/ros2_ws/build/tekbot_control -- -j4 -l4
[0.888s] Level 1:colcon.colcon_core.shell:create_environment_hook('tekbot_control', 'cmake_prefix_path')
[0.889s] INFO:colcon.colcon_core.shell:Creating environment hook '/home/innovator/2025-Team-Innovators-Docs/IT/week-3/ros2_ws/install/tekbot_control/share/tekbot_control/hook/cmake_prefix_path.ps1'
[0.892s] INFO:colcon.colcon_core.shell:Creating environment descriptor '/home/innovator/2025-Team-Innovators-Docs/IT/week-3/ros2_ws/install/tekbot_control/share/tekbot_control/hook/cmake_prefix_path.dsv'
[0.895s] INFO:colcon.colcon_core.shell:Creating environment hook '/home/innovator/2025-Team-Innovators-Docs/IT/week-3/ros2_ws/install/tekbot_control/share/tekbot_control/hook/cmake_prefix_path.sh'
[0.895s] DEBUG:colcon.colcon_core.event_handler.log_command:Invoking command in '/home/innovator/2025-Team-Innovators-Docs/IT/week-3/ros2_ws/build/tekbot_control': /usr/bin/cmake --install /home/innovator/2025-Team-Innovators-Docs/IT/week-3/ros2_ws/build/tekbot_control
[0.900s] Level 1:colcon.colcon_core.environment:checking '/home/innovator/2025-Team-Innovators-Docs/IT/week-3/ros2_ws/install/tekbot_control/bin'
[0.901s] Level 1:colcon.colcon_core.environment:checking '/home/innovator/2025-Team-Innovators-Docs/IT/week-3/ros2_ws/install/tekbot_control/lib/pkgconfig/tekbot_control.pc'
[0.901s] Level 1:colcon.colcon_core.environment:checking '/home/innovator/2025-Team-Innovators-Docs/IT/week-3/ros2_ws/install/tekbot_control/lib/python3.10/site-packages'
[0.901s] Level 1:colcon.colcon_core.environment:checking '/home/innovator/2025-Team-Innovators-Docs/IT/week-3/ros2_ws/install/tekbot_control/bin'
[0.902s] INFO:colcon.colcon_core.shell:Creating package script '/home/innovator/2025-Team-Innovators-Docs/IT/week-3/ros2_ws/install/tekbot_control/share/tekbot_control/package.ps1'
[0.903s] INFO:colcon.colcon_core.shell:Creating package descriptor '/home/innovator/2025-Team-Innovators-Docs/IT/week-3/ros2_ws/install/tekbot_control/share/tekbot_control/package.dsv'
[0.905s] INFO:colcon.colcon_core.shell:Creating package script '/home/innovator/2025-Team-Innovators-Docs/IT/week-3/ros2_ws/install/tekbot_control/share/tekbot_control/package.sh'
[0.906s] INFO:colcon.colcon_core.shell:Creating package script '/home/innovator/2025-Team-Innovators-Docs/IT/week-3/ros2_ws/install/tekbot_control/share/tekbot_control/package.bash'
[0.907s] INFO:colcon.colcon_core.shell:Creating package script '/home/innovator/2025-Team-Innovators-Docs/IT/week-3/ros2_ws/install/tekbot_control/share/tekbot_control/package.zsh'
[0.908s] Level 1:colcon.colcon_core.environment:create_file_with_runtime_dependencies(/home/innovator/2025-Team-Innovators-Docs/IT/week-3/ros2_ws/install/tekbot_control/share/colcon-core/packages/tekbot_control)
[0.908s] Level 1:colcon.colcon_core.environment:create_environment_scripts_only(tekbot_description)
[0.909s] Level 1:colcon.colcon_core.environment:checking '/home/innovator/2025-Team-Innovators-Docs/IT/week-3/ros2_ws/install/tekbot_description' for CMake module files
[0.910s] Level 1:colcon.colcon_core.environment:checking '/home/innovator/2025-Team-Innovators-Docs/IT/week-3/ros2_ws/install/tekbot_description' for CMake config files
[0.914s] Level 1:colcon.colcon_core.shell:create_environment_hook('tekbot_description', 'cmake_prefix_path')
[0.914s] INFO:colcon.colcon_core.shell:Creating environment hook '/home/innovator/2025-Team-Innovators-Docs/IT/week-3/ros2_ws/install/tekbot_description/share/tekbot_description/hook/cmake_prefix_path.ps1'
[0.915s] INFO:colcon.colcon_core.shell:Creating environment descriptor '/home/innovator/2025-Team-Innovators-Docs/IT/week-3/ros2_ws/install/tekbot_description/share/tekbot_description/hook/cmake_prefix_path.dsv'
[0.917s] INFO:colcon.colcon_core.shell:Creating environment hook '/home/innovator/2025-Team-Innovators-Docs/IT/week-3/ros2_ws/install/tekbot_description/share/tekbot_description/hook/cmake_prefix_path.sh'
[0.918s] DEBUG:colcon.colcon_core.event_handler.log_command:Invoked command in '/home/innovator/2025-Team-Innovators-Docs/IT/week-3/ros2_ws/build/tekbot_description' returned '0': /usr/bin/cmake --build /home/innovator/2025-Team-Innovators-Docs/IT/week-3/ros2_ws/build/tekbot_description -- -j4 -l4
[0.919s] Level 1:colcon.colcon_core.environment:checking '/home/innovator/2025-Team-Innovators-Docs/IT/week-3/ros2_ws/install/tekbot_description/bin'
[0.919s] Level 1:colcon.colcon_core.environment:checking '/home/innovator/2025-Team-Innovators-Docs/IT/week-3/ros2_ws/install/tekbot_description/lib/pkgconfig/tekbot_description.pc'
[0.919s] Level 1:colcon.colcon_core.environment:checking '/home/innovator/2025-Team-Innovators-Docs/IT/week-3/ros2_ws/install/tekbot_description/lib/python3.10/site-packages'
[0.919s] Level 1:colcon.colcon_core.environment:checking '/home/innovator/2025-Team-Innovators-Docs/IT/week-3/ros2_ws/install/tekbot_description/bin'
[0.920s] INFO:colcon.colcon_core.shell:Creating package script '/home/innovator/2025-Team-Innovators-Docs/IT/week-3/ros2_ws/install/tekbot_description/share/tekbot_description/package.ps1'
[0.921s] INFO:colcon.colcon_core.shell:Creating package descriptor '/home/innovator/2025-Team-Innovators-Docs/IT/week-3/ros2_ws/install/tekbot_description/share/tekbot_description/package.dsv'
[0.922s] INFO:colcon.colcon_core.shell:Creating package script '/home/innovator/2025-Team-Innovators-Docs/IT/week-3/ros2_ws/install/tekbot_description/share/tekbot_description/package.sh'
[0.924s] INFO:colcon.colcon_core.shell:Creating package script '/home/innovator/2025-Team-Innovators-Docs/IT/week-3/ros2_ws/install/tekbot_description/share/tekbot_description/package.bash'
[0.926s] INFO:colcon.colcon_core.shell:Creating package script '/home/innovator/2025-Team-Innovators-Docs/IT/week-3/ros2_ws/install/tekbot_description/share/tekbot_description/package.zsh'
[0.928s] Level 1:colcon.colcon_core.environment:create_file_with_runtime_dependencies(/home/innovator/2025-Team-Innovators-Docs/IT/week-3/ros2_ws/install/tekbot_description/share/colcon-core/packages/tekbot_description)
[0.931s] Level 1:colcon.colcon_core.environment:create_environment_scripts_only(tekbot_description)
[0.931s] Level 1:colcon.colcon_core.environment:checking '/home/innovator/2025-Team-Innovators-Docs/IT/week-3/ros2_ws/install/tekbot_description' for CMake module files
[0.933s] Level 1:colcon.colcon_core.environment:checking '/home/innovator/2025-Team-Innovators-Docs/IT/week-3/ros2_ws/install/tekbot_description' for CMake config files
[0.937s] DEBUG:colcon.colcon_core.event_handler.log_command:Invoking command in '/home/innovator/2025-Team-Innovators-Docs/IT/week-3/ros2_ws/build/tekbot_description': /usr/bin/cmake --install /home/innovator/2025-Team-Innovators-Docs/IT/week-3/ros2_ws/build/tekbot_description
[0.943s] Level 1:colcon.colcon_core.shell:create_environment_hook('tekbot_description', 'cmake_prefix_path')
[0.944s] INFO:colcon.colcon_core.shell:Creating environment hook '/home/innovator/2025-Team-Innovators-Docs/IT/week-3/ros2_ws/install/tekbot_description/share/tekbot_description/hook/cmake_prefix_path.ps1'
[0.949s] INFO:colcon.colcon_core.shell:Creating environment descriptor '/home/innovator/2025-Team-Innovators-Docs/IT/week-3/ros2_ws/install/tekbot_description/share/tekbot_description/hook/cmake_prefix_path.dsv'
[0.953s] INFO:colcon.colcon_core.shell:Creating environment hook '/home/innovator/2025-Team-Innovators-Docs/IT/week-3/ros2_ws/install/tekbot_description/share/tekbot_description/hook/cmake_prefix_path.sh'
[0.958s] Level 1:colcon.colcon_core.environment:checking '/home/innovator/2025-Team-Innovators-Docs/IT/week-3/ros2_ws/install/tekbot_description/bin'
[0.959s] Level 1:colcon.colcon_core.environment:checking '/home/innovator/2025-Team-Innovators-Docs/IT/week-3/ros2_ws/install/tekbot_description/lib/pkgconfig/tekbot_description.pc'
[0.960s] Level 1:colcon.colcon_core.environment:checking '/home/innovator/2025-Team-Innovators-Docs/IT/week-3/ros2_ws/install/tekbot_description/lib/python3.10/site-packages'
[0.961s] Level 1:colcon.colcon_core.environment:checking '/home/innovator/2025-Team-Innovators-Docs/IT/week-3/ros2_ws/install/tekbot_description/bin'
[0.962s] INFO:colcon.colcon_core.shell:Creating package script '/home/innovator/2025-Team-Innovators-Docs/IT/week-3/ros2_ws/install/tekbot_description/share/tekbot_description/package.ps1'
[0.966s] INFO:colcon.colcon_core.shell:Creating package descriptor '/home/innovator/2025-Team-Innovators-Docs/IT/week-3/ros2_ws/install/tekbot_description/share/tekbot_description/package.dsv'
[0.969s] INFO:colcon.colcon_core.shell:Creating package script '/home/innovator/2025-Team-Innovators-Docs/IT/week-3/ros2_ws/install/tekbot_description/share/tekbot_description/package.sh'
[0.973s] INFO:colcon.colcon_core.shell:Creating package script '/home/innovator/2025-Team-Innovators-Docs/IT/week-3/ros2_ws/install/tekbot_description/share/tekbot_description/package.bash'
[0.979s] INFO:colcon.colcon_core.shell:Creating package script '/home/innovator/2025-Team-Innovators-Docs/IT/week-3/ros2_ws/install/tekbot_description/share/tekbot_description/package.zsh'
[0.983s] Level 1:colcon.colcon_core.environment:create_file_with_runtime_dependencies(/home/innovator/2025-Team-Innovators-Docs/IT/week-3/ros2_ws/install/tekbot_description/share/colcon-core/packages/tekbot_description)
[0.984s] DEBUG:colcon.colcon_core.event_handler.log_command:Invoked command in '/home/innovator/2025-Team-Innovators-Docs/IT/week-3/ros2_ws/build/tekbot_control' returned '0': /usr/bin/cmake --install /home/innovator/2025-Team-Innovators-Docs/IT/week-3/ros2_ws/build/tekbot_control
[0.989s] Level 1:colcon.colcon_core.environment:create_environment_scripts_only(maze_solving)
[0.990s] Level 1:colcon.colcon_core.environment:checking '/home/innovator/2025-Team-Innovators-Docs/IT/week-3/ros2_ws/install/maze_solving' for CMake module files
[0.995s] Level 1:colcon.colcon_core.environment:checking '/home/innovator/2025-Team-Innovators-Docs/IT/week-3/ros2_ws/install/maze_solving' for CMake config files
[1.009s] Level 1:colcon.colcon_core.shell:create_environment_hook('maze_solving', 'cmake_prefix_path')
[1.010s] INFO:colcon.colcon_core.shell:Creating environment hook '/home/innovator/2025-Team-Innovators-Docs/IT/week-3/ros2_ws/install/maze_solving/share/maze_solving/hook/cmake_prefix_path.ps1'
[1.012s] INFO:colcon.colcon_core.shell:Creating environment descriptor '/home/innovator/2025-Team-Innovators-Docs/IT/week-3/ros2_ws/install/maze_solving/share/maze_solving/hook/cmake_prefix_path.dsv'
[1.017s] INFO:colcon.colcon_core.shell:Creating environment hook '/home/innovator/2025-Team-Innovators-Docs/IT/week-3/ros2_ws/install/maze_solving/share/maze_solving/hook/cmake_prefix_path.sh'
[1.025s] Level 1:colcon.colcon_core.environment:checking '/home/innovator/2025-Team-Innovators-Docs/IT/week-3/ros2_ws/install/maze_solving/bin'
[1.026s] Level 1:colcon.colcon_core.environment:checking '/home/innovator/2025-Team-Innovators-Docs/IT/week-3/ros2_ws/install/maze_solving/lib/pkgconfig/maze_solving.pc'
[1.027s] Level 1:colcon.colcon_core.environment:checking '/home/innovator/2025-Team-Innovators-Docs/IT/week-3/ros2_ws/install/maze_solving/lib/python3.10/site-packages'
[1.028s] Level 1:colcon.colcon_core.environment:checking '/home/innovator/2025-Team-Innovators-Docs/IT/week-3/ros2_ws/install/maze_solving/bin'
[1.028s] INFO:colcon.colcon_core.shell:Creating package script '/home/innovator/2025-Team-Innovators-Docs/IT/week-3/ros2_ws/install/maze_solving/share/maze_solving/package.ps1'
[1.031s] INFO:colcon.colcon_core.shell:Creating package descriptor '/home/innovator/2025-Team-Innovators-Docs/IT/week-3/ros2_ws/install/maze_solving/share/maze_solving/package.dsv'
[1.036s] INFO:colcon.colcon_core.shell:Creating package script '/home/innovator/2025-Team-Innovators-Docs/IT/week-3/ros2_ws/install/maze_solving/share/maze_solving/package.sh'
[1.039s] INFO:colcon.colcon_core.shell:Creating package script '/home/innovator/2025-Team-Innovators-Docs/IT/week-3/ros2_ws/install/maze_solving/share/maze_solving/package.bash'
[1.043s] INFO:colcon.colcon_core.shell:Creating package script '/home/innovator/2025-Team-Innovators-Docs/IT/week-3/ros2_ws/install/maze_solving/share/maze_solving/package.zsh'
[1.048s] Level 1:colcon.colcon_core.environment:create_file_with_runtime_dependencies(/home/innovator/2025-Team-Innovators-Docs/IT/week-3/ros2_ws/install/maze_solving/share/colcon-core/packages/maze_solving)
[1.055s] Level 1:colcon.colcon_core.environment:create_environment_scripts_only(maze_solving)
[1.055s] Level 1:colcon.colcon_core.environment:checking '/home/innovator/2025-Team-Innovators-Docs/IT/week-3/ros2_ws/install/maze_solving' for CMake module files
[1.056s] DEBUG:colcon.colcon_core.event_handler.log_command:Invoked command in '/home/innovator/2025-Team-Innovators-Docs/IT/week-3/ros2_ws/build/tekbot_description' returned '0': /usr/bin/cmake --install /home/innovator/2025-Team-Innovators-Docs/IT/week-3/ros2_ws/build/tekbot_description
[1.057s] Level 1:colcon.colcon_core.environment:checking '/home/innovator/2025-Team-Innovators-Docs/IT/week-3/ros2_ws/install/maze_solving' for CMake config files
[1.058s] DEBUG:colcon.colcon_core.event_handler.log_command:Invoked command in '/home/innovator/2025-Team-Innovators-Docs/IT/week-3/ros2_ws/build/maze_solving' returned '0': /usr/bin/cmake --install /home/innovator/2025-Team-Innovators-Docs/IT/week-3/ros2_ws/build/maze_solving
[1.058s] Level 1:colcon.colcon_core.shell:create_environment_hook('maze_solving', 'cmake_prefix_path')
[1.058s] INFO:colcon.colcon_core.shell:Creating environment hook '/home/innovator/2025-Team-Innovators-Docs/IT/week-3/ros2_ws/install/maze_solving/share/maze_solving/hook/cmake_prefix_path.ps1'
[1.059s] INFO:colcon.colcon_core.shell:Creating environment descriptor '/home/innovator/2025-Team-Innovators-Docs/IT/week-3/ros2_ws/install/maze_solving/share/maze_solving/hook/cmake_prefix_path.dsv'
[1.059s] INFO:colcon.colcon_core.shell:Creating environment hook '/home/innovator/2025-Team-Innovators-Docs/IT/week-3/ros2_ws/install/maze_solving/share/maze_solving/hook/cmake_prefix_path.sh'
[1.060s] Level 1:colcon.colcon_core.environment:checking '/home/innovator/2025-Team-Innovators-Docs/IT/week-3/ros2_ws/install/maze_solving/bin'
[1.060s] Level 1:colcon.colcon_core.environment:checking '/home/innovator/2025-Team-Innovators-Docs/IT/week-3/ros2_ws/install/maze_solving/lib/pkgconfig/maze_solving.pc'
[1.061s] Level 1:colcon.colcon_core.environment:checking '/home/innovator/2025-Team-Innovators-Docs/IT/week-3/ros2_ws/install/maze_solving/lib/python3.10/site-packages'
[1.061s] Level 1:colcon.colcon_core.environment:checking '/home/innovator/2025-Team-Innovators-Docs/IT/week-3/ros2_ws/install/maze_solving/bin'
[1.061s] INFO:colcon.colcon_core.shell:Creating package script '/home/innovator/2025-Team-Innovators-Docs/IT/week-3/ros2_ws/install/maze_solving/share/maze_solving/package.ps1'
[1.062s] INFO:colcon.colcon_core.shell:Creating package descriptor '/home/innovator/2025-Team-Innovators-Docs/IT/week-3/ros2_ws/install/maze_solving/share/maze_solving/package.dsv'
[1.063s] INFO:colcon.colcon_core.shell:Creating package script '/home/innovator/2025-Team-Innovators-Docs/IT/week-3/ros2_ws/install/maze_solving/share/maze_solving/package.sh'
[1.063s] INFO:colcon.colcon_core.shell:Creating package script '/home/innovator/2025-Team-Innovators-Docs/IT/week-3/ros2_ws/install/maze_solving/share/maze_solving/package.bash'
[1.064s] INFO:colcon.colcon_core.shell:Creating package script '/home/innovator/2025-Team-Innovators-Docs/IT/week-3/ros2_ws/install/maze_solving/share/maze_solving/package.zsh'
[1.064s] Level 1:colcon.colcon_core.environment:create_file_with_runtime_dependencies(/home/innovator/2025-Team-Innovators-Docs/IT/week-3/ros2_ws/install/maze_solving/share/colcon-core/packages/maze_solving)
[1.177s] DEBUG:colcon.colcon_core.event_handler.log_command:Invoking command in '/home/innovator/2025-Team-Innovators-Docs/IT/week-3/ros2_ws/src/pathfinding_nav': PYTHONPATH=/home/innovator/2025-Team-Innovators-Docs/IT/week-3/ros2_ws/build/pathfinding_nav/prefix_override:/usr/lib/python3/dist-packages/colcon_core/task/python/colcon_distutils_commands:/home/innovator/2025-Team-Innovators-Docs/IT/week-3/ros2_ws/install/pathfinding_nav/lib/python3.10/site-packages: /usr/bin/python3 -W ignore:setup.py install is deprecated -W ignore:easy_install command is deprecated setup.py egg_info --egg-base ../../build/pathfinding_nav build --build-base /home/innovator/2025-Team-Innovators-Docs/IT/week-3/ros2_ws/build/pathfinding_nav/build install --record /home/innovator/2025-Team-Innovators-Docs/IT/week-3/ros2_ws/build/pathfinding_nav/install.log --single-version-externally-managed install_data
[1.500s] Level 1:colcon.colcon_core.environment:checking '/home/innovator/2025-Team-Innovators-Docs/IT/week-3/ros2_ws/install/pathfinding_nav' for CMake module files
[1.500s] DEBUG:colcon.colcon_core.event_handler.log_command:Invoked command in '/home/innovator/2025-Team-Innovators-Docs/IT/week-3/ros2_ws/src/pathfinding_nav' returned '0': PYTHONPATH=/home/innovator/2025-Team-Innovators-Docs/IT/week-3/ros2_ws/build/pathfinding_nav/prefix_override:/usr/lib/python3/dist-packages/colcon_core/task/python/colcon_distutils_commands:/home/innovator/2025-Team-Innovators-Docs/IT/week-3/ros2_ws/install/pathfinding_nav/lib/python3.10/site-packages: /usr/bin/python3 -W ignore:setup.py install is deprecated -W ignore:easy_install command is deprecated setup.py egg_info --egg-base ../../build/pathfinding_nav build --build-base /home/innovator/2025-Team-Innovators-Docs/IT/week-3/ros2_ws/build/pathfinding_nav/build install --record /home/innovator/2025-Team-Innovators-Docs/IT/week-3/ros2_ws/build/pathfinding_nav/install.log --single-version-externally-managed install_data
[1.500s] Level 1:colcon.colcon_core.environment:checking '/home/innovator/2025-Team-Innovators-Docs/IT/week-3/ros2_ws/install/pathfinding_nav' for CMake config files
[1.501s] Level 1:colcon.colcon_core.environment:checking '/home/innovator/2025-Team-Innovators-Docs/IT/week-3/ros2_ws/install/pathfinding_nav/lib'
[1.501s] Level 1:colcon.colcon_core.environment:checking '/home/innovator/2025-Team-Innovators-Docs/IT/week-3/ros2_ws/install/pathfinding_nav/bin'
[1.501s] Level 1:colcon.colcon_core.environment:checking '/home/innovator/2025-Team-Innovators-Docs/IT/week-3/ros2_ws/install/pathfinding_nav/lib/pkgconfig/pathfinding_nav.pc'
[1.502s] Level 1:colcon.colcon_core.environment:checking '/home/innovator/2025-Team-Innovators-Docs/IT/week-3/ros2_ws/install/pathfinding_nav/lib/python3.10/site-packages'
[1.502s] Level 1:colcon.colcon_core.shell:create_environment_hook('pathfinding_nav', 'pythonpath')
[1.502s] INFO:colcon.colcon_core.shell:Creating environment hook '/home/innovator/2025-Team-Innovators-Docs/IT/week-3/ros2_ws/install/pathfinding_nav/share/pathfinding_nav/hook/pythonpath.ps1'
[1.502s] INFO:colcon.colcon_core.shell:Creating environment descriptor '/home/innovator/2025-Team-Innovators-Docs/IT/week-3/ros2_ws/install/pathfinding_nav/share/pathfinding_nav/hook/pythonpath.dsv'
[1.503s] INFO:colcon.colcon_core.shell:Creating environment hook '/home/innovator/2025-Team-Innovators-Docs/IT/week-3/ros2_ws/install/pathfinding_nav/share/pathfinding_nav/hook/pythonpath.sh'
[1.503s] Level 1:colcon.colcon_core.environment:checking '/home/innovator/2025-Team-Innovators-Docs/IT/week-3/ros2_ws/install/pathfinding_nav/bin'
[1.504s] Level 1:colcon.colcon_core.environment:create_environment_scripts_only(pathfinding_nav)
[1.504s] INFO:colcon.colcon_core.shell:Creating package script '/home/innovator/2025-Team-Innovators-Docs/IT/week-3/ros2_ws/install/pathfinding_nav/share/pathfinding_nav/package.ps1'
[1.504s] INFO:colcon.colcon_core.shell:Creating package descriptor '/home/innovator/2025-Team-Innovators-Docs/IT/week-3/ros2_ws/install/pathfinding_nav/share/pathfinding_nav/package.dsv'
[1.505s] INFO:colcon.colcon_core.shell:Creating package script '/home/innovator/2025-Team-Innovators-Docs/IT/week-3/ros2_ws/install/pathfinding_nav/share/pathfinding_nav/package.sh'
[1.505s] INFO:colcon.colcon_core.shell:Creating package script '/home/innovator/2025-Team-Innovators-Docs/IT/week-3/ros2_ws/install/pathfinding_nav/share/pathfinding_nav/package.bash'
[1.506s] INFO:colcon.colcon_core.shell:Creating package script '/home/innovator/2025-Team-Innovators-Docs/IT/week-3/ros2_ws/install/pathfinding_nav/share/pathfinding_nav/package.zsh'
[1.506s] Level 1:colcon.colcon_core.environment:create_file_with_runtime_dependencies(/home/innovator/2025-Team-Innovators-Docs/IT/week-3/ros2_ws/install/pathfinding_nav/share/colcon-core/packages/pathfinding_nav)
[1.507s] DEBUG:colcon.colcon_parallel_executor.executor.parallel:closing loop
[1.507s] DEBUG:colcon.colcon_parallel_executor.executor.parallel:loop closed
[1.507s] DEBUG:colcon.colcon_parallel_executor.executor.parallel:run_until_complete finished with '0'
[1.507s] DEBUG:colcon.colcon_core.event_reactor:joining thread
[1.513s] INFO:colcon.colcon_core.plugin_system:Skipping extension 'colcon_notification.desktop_notification.terminal_notifier': Not used on non-Darwin systems
[1.513s] INFO:colcon.colcon_core.plugin_system:Skipping extension 'colcon_notification.desktop_notification.win32': Not used on non-Windows systems
[1.513s] INFO:colcon.colcon_notification.desktop_notification:Sending desktop notification using 'notify2'
[1.525s] DEBUG:colcon.colcon_core.event_reactor:joined thread
[1.525s] INFO:colcon.colcon_core.shell:Creating prefix script '/home/innovator/2025-Team-Innovators-Docs/IT/week-3/ros2_ws/install/local_setup.ps1'
[1.526s] INFO:colcon.colcon_core.shell:Creating prefix util module '/home/innovator/2025-Team-Innovators-Docs/IT/week-3/ros2_ws/install/_local_setup_util_ps1.py'
[1.528s] INFO:colcon.colcon_core.shell:Creating prefix chain script '/home/innovator/2025-Team-Innovators-Docs/IT/week-3/ros2_ws/install/setup.ps1'
[1.529s] INFO:colcon.colcon_core.shell:Creating prefix script '/home/innovator/2025-Team-Innovators-Docs/IT/week-3/ros2_ws/install/local_setup.sh'
[1.530s] INFO:colcon.colcon_core.shell:Creating prefix util module '/home/innovator/2025-Team-Innovators-Docs/IT/week-3/ros2_ws/install/_local_setup_util_sh.py'
[1.531s] INFO:colcon.colcon_core.shell:Creating prefix chain script '/home/innovator/2025-Team-Innovators-Docs/IT/week-3/ros2_ws/install/setup.sh'
[1.532s] INFO:colcon.colcon_core.shell:Creating prefix script '/home/innovator/2025-Team-Innovators-Docs/IT/week-3/ros2_ws/install/local_setup.bash'
[1.533s] INFO:colcon.colcon_core.shell:Creating prefix chain script '/home/innovator/2025-Team-Innovators-Docs/IT/week-3/ros2_ws/install/setup.bash'
[1.533s] INFO:colcon.colcon_core.shell:Creating prefix script '/home/innovator/2025-Team-Innovators-Docs/IT/week-3/ros2_ws/install/local_setup.zsh'
[1.534s] INFO:colcon.colcon_core.shell:Creating prefix chain script '/home/innovator/2025-Team-Innovators-Docs/IT/week-3/ros2_ws/install/setup.zsh'
