-- The C compiler identification is GNU 11.4.0
-- The CXX compiler identification is GNU 11.4.0
-- Detecting C compiler ABI info
-- Detecting C compiler ABI info - done
-- Check for working C compiler: /usr/bin/cc - skipped
-- Detecting C compile features
-- Detecting C compile features - done
-- Detecting CXX compiler ABI info
-- Detecting CXX compiler ABI info - done
-- Check for working CXX compiler: /usr/bin/c++ - skipped
-- Detecting CXX compile features
-- Detecting CXX compile features - done
-- Found ament_cmake: 1.3.11 (/opt/ros/humble/share/ament_cmake/cmake)
-- Found Python3: /usr/bin/python3 (found version "3.10.12") found components: Interpreter 
-- Found urdf: 2.6.1 (/opt/ros/humble/share/urdf/cmake)
-- Found xacro: 2.0.13 (/opt/ros/humble/share/xacro/cmake)
-- Found rclcpp: 16.0.12 (/opt/ros/humble/share/rclcpp/cmake)
-- Found rosidl_generator_c: 3.1.6 (/opt/ros/humble/share/rosidl_generator_c/cmake)
-- Found rosidl_adapter: 3.1.6 (/opt/ros/humble/share/rosidl_adapter/cmake)
-- Found rosidl_generator_cpp: 3.1.6 (/opt/ros/humble/share/rosidl_generator_cpp/cmake)
-- Using all available rosidl_typesupport_c: rosidl_typesupport_fastrtps_c;rosidl_typesupport_introspection_c
-- Using all available rosidl_typesupport_cpp: rosidl_typesupport_fastrtps_cpp;rosidl_typesupport_introspection_cpp
-- Found rmw_implementation_cmake: 6.1.2 (/opt/ros/humble/share/rmw_implementation_cmake/cmake)
-- Found rmw_fastrtps_cpp: 6.2.7 (/opt/ros/humble/share/rmw_fastrtps_cpp/cmake)
-- Found TinyXML2 via Config file: TinyXML2_DIR-NOTFOUND
-- Found OpenSSL: /usr/lib/x86_64-linux-gnu/libcrypto.so (found version "3.0.2")  
-- Found TinyXML2 via Config file: TinyXML2_DIR-NOTFOUND
-- Found FastRTPS: /opt/ros/humble/include  
-- Found TinyXML2 via Config file: TinyXML2_DIR-NOTFOUND
-- Found TinyXML2 via Config file: TinyXML2_DIR-NOTFOUND
-- Using RMW implementation 'rmw_fastrtps_cpp' as default
-- Looking for pthread.h
-- Looking for pthread.h - found
-- Performing Test CMAKE_HAVE_LIBC_PTHREAD
-- Performing Test CMAKE_HAVE_LIBC_PTHREAD - Success
-- Found Threads: TRUE  
-- Found geometry_msgs: 4.8.0 (/opt/ros/humble/share/geometry_msgs/cmake)
-- Found ament_lint_auto: 0.12.12 (/opt/ros/humble/share/ament_lint_auto/cmake)
-- Added test 'flake8' to check Python code syntax and style conventions
-- Added test 'lint_cmake' to check CMake code style
-- Added test 'pep257' to check Python code against some of the docstring style conventions in PEP 257
-- Added test 'xmllint' to check XML markup files
-- Configuring done
-- Generating done
-- Build files have been written to: /home/innovator/2025-Team-Innovators-Docs/IT/week-3/ros2_ws/build/tekbot_description
-- Install configuration: ""
-- Installing: /home/innovator/2025-Team-Innovators-Docs/IT/week-3/ros2_ws/install/tekbot_description/share/ament_index/resource_index/package_run_dependencies/tekbot_description
-- Installing: /home/innovator/2025-Team-Innovators-Docs/IT/week-3/ros2_ws/install/tekbot_description/share/ament_index/resource_index/parent_prefix_path/tekbot_description
-- Installing: /home/innovator/2025-Team-Innovators-Docs/IT/week-3/ros2_ws/install/tekbot_description/share/tekbot_description/environment/ament_prefix_path.sh
-- Installing: /home/innovator/2025-Team-Innovators-Docs/IT/week-3/ros2_ws/install/tekbot_description/share/tekbot_description/environment/ament_prefix_path.dsv
-- Installing: /home/innovator/2025-Team-Innovators-Docs/IT/week-3/ros2_ws/install/tekbot_description/share/tekbot_description/environment/path.sh
-- Installing: /home/innovator/2025-Team-Innovators-Docs/IT/week-3/ros2_ws/install/tekbot_description/share/tekbot_description/environment/path.dsv
-- Installing: /home/innovator/2025-Team-Innovators-Docs/IT/week-3/ros2_ws/install/tekbot_description/share/tekbot_description/local_setup.bash
-- Installing: /home/innovator/2025-Team-Innovators-Docs/IT/week-3/ros2_ws/install/tekbot_description/share/tekbot_description/local_setup.sh
-- Installing: /home/innovator/2025-Team-Innovators-Docs/IT/week-3/ros2_ws/install/tekbot_description/share/tekbot_description/local_setup.zsh
-- Installing: /home/innovator/2025-Team-Innovators-Docs/IT/week-3/ros2_ws/install/tekbot_description/share/tekbot_description/local_setup.dsv
-- Installing: /home/innovator/2025-Team-Innovators-Docs/IT/week-3/ros2_ws/install/tekbot_description/share/tekbot_description/package.dsv
-- Installing: /home/innovator/2025-Team-Innovators-Docs/IT/week-3/ros2_ws/install/tekbot_description/share/ament_index/resource_index/packages/tekbot_description
-- Installing: /home/innovator/2025-Team-Innovators-Docs/IT/week-3/ros2_ws/install/tekbot_description/share/tekbot_description/cmake/ament_cmake_export_dependencies-extras.cmake
-- Installing: /home/innovator/2025-Team-Innovators-Docs/IT/week-3/ros2_ws/install/tekbot_description/share/tekbot_description/cmake/tekbot_descriptionConfig.cmake
-- Installing: /home/innovator/2025-Team-Innovators-Docs/IT/week-3/ros2_ws/install/tekbot_description/share/tekbot_description/cmake/tekbot_descriptionConfig-version.cmake
-- Installing: /home/innovator/2025-Team-Innovators-Docs/IT/week-3/ros2_ws/install/tekbot_description/share/tekbot_description/package.xml
-- Installing: /home/innovator/2025-Team-Innovators-Docs/IT/week-3/ros2_ws/install/tekbot_description/share/tekbot_description/launch
-- Installing: /home/innovator/2025-Team-Innovators-Docs/IT/week-3/ros2_ws/install/tekbot_description/share/tekbot_description/launch/description.launch.py
-- Installing: /home/innovator/2025-Team-Innovators-Docs/IT/week-3/ros2_ws/install/tekbot_description/share/tekbot_description/launch/rviz.launch.py
-- Installing: /home/innovator/2025-Team-Innovators-Docs/IT/week-3/ros2_ws/install/tekbot_description/share/tekbot_description/launch/gazebo.launch.py
-- Installing: /home/innovator/2025-Team-Innovators-Docs/IT/week-3/ros2_ws/install/tekbot_description/share/tekbot_description/urdf
-- Installing: /home/innovator/2025-Team-Innovators-Docs/IT/week-3/ros2_ws/install/tekbot_description/share/tekbot_description/urdf/wheel.urdf.xacro
-- Installing: /home/innovator/2025-Team-Innovators-Docs/IT/week-3/ros2_ws/install/tekbot_description/share/tekbot_description/urdf/cylinder.urdf.xacro
-- Installing: /home/innovator/2025-Team-Innovators-Docs/IT/week-3/ros2_ws/install/tekbot_description/share/tekbot_description/urdf/tekbot.urdf
-- Installing: /home/innovator/2025-Team-Innovators-Docs/IT/week-3/ros2_ws/install/tekbot_description/share/tekbot_description/rviz
-- Installing: /home/innovator/2025-Team-Innovators-Docs/IT/week-3/ros2_ws/install/tekbot_description/share/tekbot_description/rviz/tekbot_des.rviz
-- Installing: /home/innovator/2025-Team-Innovators-Docs/IT/week-3/ros2_ws/install/tekbot_description/share/tekbot_description/meshes
-- Installing: /home/innovator/2025-Team-Innovators-Docs/IT/week-3/ros2_ws/install/tekbot_description/share/tekbot_description/meshes/robot_base.stl
-- Installing: /home/innovator/2025-Team-Innovators-Docs/IT/week-3/ros2_ws/install/tekbot_description/share/tekbot_description/meshes/wheel.stl
-- Installing: /home/innovator/2025-Team-Innovators-Docs/IT/week-3/ros2_ws/install/tekbot_description/share/tekbot_description/meshes/tire.stl
