[0.411s] Invoking command in '/home/innovator/2025-Team-Innovators-Docs/IT/week-3/ros2_ws/build/tekbot_description': CMAKE_PREFIX_PATH=${CMAKE_PREFIX_PATH}:/home/innovator/2025-Team-Innovators-Docs/IT/week-3/ros2_ws/install/pathfinding_nav:/opt/ros/humble /usr/bin/cmake /home/innovator/2025-Team-Innovators-Docs/IT/week-3/ros2_ws/src/tekbot_sim/tekbot/tekbot_description -DCMAKE_INSTALL_PREFIX=/home/innovator/2025-Team-Innovators-Docs/IT/week-3/ros2_ws/install/tekbot_description
[0.524s] -- The C compiler identification is GNU 11.4.0
[0.651s] -- The CXX compiler identification is GNU 11.4.0
[0.663s] -- Detecting C compiler ABI info
[0.830s] -- Detecting C compiler ABI info - done
[0.856s] -- Check for working C compiler: /usr/bin/cc - skipped
[0.856s] -- Detecting C compile features
[0.858s] -- Detecting C compile features - done
[0.865s] -- Detecting CXX compiler ABI info
[1.033s] -- Detecting CXX compiler ABI info - done
[1.058s] -- Check for working CXX compiler: /usr/bin/c++ - skipped
[1.060s] -- Detecting CXX compile features
[1.060s] -- Detecting CXX compile features - done
[1.064s] -- Found ament_cmake: 1.3.11 (/opt/ros/humble/share/ament_cmake/cmake)
[1.384s] -- Found Python3: /usr/bin/python3 (found version "3.10.12") found components: Interpreter 
[1.608s] -- Found urdf: 2.6.1 (/opt/ros/humble/share/urdf/cmake)
[1.779s] -- Found xacro: 2.0.13 (/opt/ros/humble/share/xacro/cmake)
[1.789s] -- Found rclcpp: 16.0.12 (/opt/ros/humble/share/rclcpp/cmake)
[1.923s] -- Found rosidl_generator_c: 3.1.6 (/opt/ros/humble/share/rosidl_generator_c/cmake)
[1.960s] -- Found rosidl_adapter: 3.1.6 (/opt/ros/humble/share/rosidl_adapter/cmake)
[1.990s] -- Found rosidl_generator_cpp: 3.1.6 (/opt/ros/humble/share/rosidl_generator_cpp/cmake)
[2.036s] -- Using all available rosidl_typesupport_c: rosidl_typesupport_fastrtps_c;rosidl_typesupport_introspection_c
[2.058s] -- Using all available rosidl_typesupport_cpp: rosidl_typesupport_fastrtps_cpp;rosidl_typesupport_introspection_cpp
[2.159s] -- Found rmw_implementation_cmake: 6.1.2 (/opt/ros/humble/share/rmw_implementation_cmake/cmake)
[2.163s] -- Found rmw_fastrtps_cpp: 6.2.7 (/opt/ros/humble/share/rmw_fastrtps_cpp/cmake)
[2.211s] -- Found TinyXML2 via Config file: TinyXML2_DIR-NOTFOUND
[2.228s] -- Found OpenSSL: /usr/lib/x86_64-linux-gnu/libcrypto.so (found version "3.0.2")  
[2.228s] -- Found TinyXML2 via Config file: TinyXML2_DIR-NOTFOUND
[2.228s] -- Found FastRTPS: /opt/ros/humble/include  
[2.228s] -- Found TinyXML2 via Config file: TinyXML2_DIR-NOTFOUND
[2.235s] -- Found TinyXML2 via Config file: TinyXML2_DIR-NOTFOUND
[2.249s] -- Using RMW implementation 'rmw_fastrtps_cpp' as default
[2.262s] -- Looking for pthread.h
[2.347s] -- Looking for pthread.h - found
[2.347s] -- Performing Test CMAKE_HAVE_LIBC_PTHREAD
[2.433s] -- Performing Test CMAKE_HAVE_LIBC_PTHREAD - Success
[2.435s] -- Found Threads: TRUE  
[2.511s] -- Found geometry_msgs: 4.8.0 (/opt/ros/humble/share/geometry_msgs/cmake)
[2.532s] -- Found ament_lint_auto: 0.12.12 (/opt/ros/humble/share/ament_lint_auto/cmake)
[2.643s] -- Added test 'flake8' to check Python code syntax and style conventions
[2.644s] -- Added test 'lint_cmake' to check CMake code style
[2.646s] -- Added test 'pep257' to check Python code against some of the docstring style conventions in PEP 257
[2.649s] -- Added test 'xmllint' to check XML markup files
[2.654s] -- Configuring done
[2.660s] -- Generating done
[2.666s] -- Build files have been written to: /home/innovator/2025-Team-Innovators-Docs/IT/week-3/ros2_ws/build/tekbot_description
[2.681s] Invoked command in '/home/innovator/2025-Team-Innovators-Docs/IT/week-3/ros2_ws/build/tekbot_description' returned '0': CMAKE_PREFIX_PATH=${CMAKE_PREFIX_PATH}:/home/innovator/2025-Team-Innovators-Docs/IT/week-3/ros2_ws/install/pathfinding_nav:/opt/ros/humble /usr/bin/cmake /home/innovator/2025-Team-Innovators-Docs/IT/week-3/ros2_ws/src/tekbot_sim/tekbot/tekbot_description -DCMAKE_INSTALL_PREFIX=/home/innovator/2025-Team-Innovators-Docs/IT/week-3/ros2_ws/install/tekbot_description
[2.684s] Invoking command in '/home/innovator/2025-Team-Innovators-Docs/IT/week-3/ros2_ws/build/tekbot_description': CMAKE_PREFIX_PATH=${CMAKE_PREFIX_PATH}:/home/innovator/2025-Team-Innovators-Docs/IT/week-3/ros2_ws/install/pathfinding_nav:/opt/ros/humble /usr/bin/cmake --build /home/innovator/2025-Team-Innovators-Docs/IT/week-3/ros2_ws/build/tekbot_description -- -j4 -l4
[2.730s] Invoked command in '/home/innovator/2025-Team-Innovators-Docs/IT/week-3/ros2_ws/build/tekbot_description' returned '0': CMAKE_PREFIX_PATH=${CMAKE_PREFIX_PATH}:/home/innovator/2025-Team-Innovators-Docs/IT/week-3/ros2_ws/install/pathfinding_nav:/opt/ros/humble /usr/bin/cmake --build /home/innovator/2025-Team-Innovators-Docs/IT/week-3/ros2_ws/build/tekbot_description -- -j4 -l4
[2.732s] Invoking command in '/home/innovator/2025-Team-Innovators-Docs/IT/week-3/ros2_ws/build/tekbot_description': CMAKE_PREFIX_PATH=${CMAKE_PREFIX_PATH}:/home/innovator/2025-Team-Innovators-Docs/IT/week-3/ros2_ws/install/pathfinding_nav:/opt/ros/humble /usr/bin/cmake --install /home/innovator/2025-Team-Innovators-Docs/IT/week-3/ros2_ws/build/tekbot_description
[2.741s] -- Install configuration: ""
[2.742s] -- Installing: /home/innovator/2025-Team-Innovators-Docs/IT/week-3/ros2_ws/install/tekbot_description/share/ament_index/resource_index/package_run_dependencies/tekbot_description
[2.742s] -- Installing: /home/innovator/2025-Team-Innovators-Docs/IT/week-3/ros2_ws/install/tekbot_description/share/ament_index/resource_index/parent_prefix_path/tekbot_description
[2.742s] -- Installing: /home/innovator/2025-Team-Innovators-Docs/IT/week-3/ros2_ws/install/tekbot_description/share/tekbot_description/environment/ament_prefix_path.sh
[2.742s] -- Installing: /home/innovator/2025-Team-Innovators-Docs/IT/week-3/ros2_ws/install/tekbot_description/share/tekbot_description/environment/ament_prefix_path.dsv
[2.743s] -- Installing: /home/innovator/2025-Team-Innovators-Docs/IT/week-3/ros2_ws/install/tekbot_description/share/tekbot_description/environment/path.sh
[2.743s] -- Installing: /home/innovator/2025-Team-Innovators-Docs/IT/week-3/ros2_ws/install/tekbot_description/share/tekbot_description/environment/path.dsv
[2.743s] -- Installing: /home/innovator/2025-Team-Innovators-Docs/IT/week-3/ros2_ws/install/tekbot_description/share/tekbot_description/local_setup.bash
[2.743s] -- Installing: /home/innovator/2025-Team-Innovators-Docs/IT/week-3/ros2_ws/install/tekbot_description/share/tekbot_description/local_setup.sh
[2.743s] -- Installing: /home/innovator/2025-Team-Innovators-Docs/IT/week-3/ros2_ws/install/tekbot_description/share/tekbot_description/local_setup.zsh
[2.744s] -- Installing: /home/innovator/2025-Team-Innovators-Docs/IT/week-3/ros2_ws/install/tekbot_description/share/tekbot_description/local_setup.dsv
[2.744s] -- Installing: /home/innovator/2025-Team-Innovators-Docs/IT/week-3/ros2_ws/install/tekbot_description/share/tekbot_description/package.dsv
[2.744s] -- Installing: /home/innovator/2025-Team-Innovators-Docs/IT/week-3/ros2_ws/install/tekbot_description/share/ament_index/resource_index/packages/tekbot_description
[2.744s] -- Installing: /home/innovator/2025-Team-Innovators-Docs/IT/week-3/ros2_ws/install/tekbot_description/share/tekbot_description/cmake/ament_cmake_export_dependencies-extras.cmake
[2.744s] -- Installing: /home/innovator/2025-Team-Innovators-Docs/IT/week-3/ros2_ws/install/tekbot_description/share/tekbot_description/cmake/tekbot_descriptionConfig.cmake
[2.744s] -- Installing: /home/innovator/2025-Team-Innovators-Docs/IT/week-3/ros2_ws/install/tekbot_description/share/tekbot_description/cmake/tekbot_descriptionConfig-version.cmake
[2.745s] -- Installing: /home/innovator/2025-Team-Innovators-Docs/IT/week-3/ros2_ws/install/tekbot_description/share/tekbot_description/package.xml
[2.745s] -- Installing: /home/innovator/2025-Team-Innovators-Docs/IT/week-3/ros2_ws/install/tekbot_description/share/tekbot_description/launch
[2.745s] -- Installing: /home/innovator/2025-Team-Innovators-Docs/IT/week-3/ros2_ws/install/tekbot_description/share/tekbot_description/launch/description.launch.py
[2.745s] -- Installing: /home/innovator/2025-Team-Innovators-Docs/IT/week-3/ros2_ws/install/tekbot_description/share/tekbot_description/launch/rviz.launch.py
[2.745s] -- Installing: /home/innovator/2025-Team-Innovators-Docs/IT/week-3/ros2_ws/install/tekbot_description/share/tekbot_description/launch/gazebo.launch.py
[2.745s] -- Installing: /home/innovator/2025-Team-Innovators-Docs/IT/week-3/ros2_ws/install/tekbot_description/share/tekbot_description/urdf
[2.745s] -- Installing: /home/innovator/2025-Team-Innovators-Docs/IT/week-3/ros2_ws/install/tekbot_description/share/tekbot_description/urdf/wheel.urdf.xacro
[2.746s] -- Installing: /home/innovator/2025-Team-Innovators-Docs/IT/week-3/ros2_ws/install/tekbot_description/share/tekbot_description/urdf/cylinder.urdf.xacro
[2.746s] -- Installing: /home/innovator/2025-Team-Innovators-Docs/IT/week-3/ros2_ws/install/tekbot_description/share/tekbot_description/urdf/tekbot.urdf
[2.746s] -- Installing: /home/innovator/2025-Team-Innovators-Docs/IT/week-3/ros2_ws/install/tekbot_description/share/tekbot_description/rviz
[2.746s] -- Installing: /home/innovator/2025-Team-Innovators-Docs/IT/week-3/ros2_ws/install/tekbot_description/share/tekbot_description/rviz/tekbot_des.rviz
[2.746s] -- Installing: /home/innovator/2025-Team-Innovators-Docs/IT/week-3/ros2_ws/install/tekbot_description/share/tekbot_description/meshes
[2.746s] -- Installing: /home/innovator/2025-Team-Innovators-Docs/IT/week-3/ros2_ws/install/tekbot_description/share/tekbot_description/meshes/robot_base.stl
[2.746s] -- Installing: /home/innovator/2025-Team-Innovators-Docs/IT/week-3/ros2_ws/install/tekbot_description/share/tekbot_description/meshes/wheel.stl
[2.747s] -- Installing: /home/innovator/2025-Team-Innovators-Docs/IT/week-3/ros2_ws/install/tekbot_description/share/tekbot_description/meshes/tire.stl
[2.749s] Invoked command in '/home/innovator/2025-Team-Innovators-Docs/IT/week-3/ros2_ws/build/tekbot_description' returned '0': CMAKE_PREFIX_PATH=${CMAKE_PREFIX_PATH}:/home/innovator/2025-Team-Innovators-Docs/IT/week-3/ros2_ws/install/pathfinding_nav:/opt/ros/humble /usr/bin/cmake --install /home/innovator/2025-Team-Innovators-Docs/IT/week-3/ros2_ws/build/tekbot_description
