[0.257s] DEBUG:colcon:Command line arguments: ['/usr/bin/colcon', 'build']
[0.257s] DEBUG:colcon:Parsed command line arguments: Namespace(log_base=None, log_level=None, verb_name='build', build_base='build', install_base='install', merge_install=False, symlink_install=False, test_result_base=None, continue_on_error=False, executor='parallel', parallel_workers=4, event_handlers=None, ignore_user_meta=False, metas=['./colcon.meta'], base_paths=['.'], packages_ignore=None, packages_ignore_regex=None, paths=None, packages_up_to=None, packages_up_to_regex=None, packages_above=None, packages_above_and_dependencies=None, packages_above_depth=None, packages_select_by_dep=None, packages_skip_by_dep=None, packages_skip_up_to=None, packages_select_build_failed=False, packages_skip_build_finished=False, packages_select_test_failures=False, packages_skip_test_passed=False, packages_select=None, packages_skip=None, packages_select_regex=None, packages_skip_regex=None, packages_start=None, packages_end=None, allow_overriding=[], cmake_args=None, cmake_target=None, cmake_target_skip_unavailable=False, cmake_clean_cache=False, cmake_clean_first=False, cmake_force_configure=False, ament_cmake_args=None, catkin_cmake_args=None, catkin_skip_building_tests=False, mixin_files=None, mixin=None, verb_parser=<colcon_mixin.mixin.mixin_argument.MixinArgumentDecorator object at 0x7d873bc2cd90>, verb_extension=<colcon_core.verb.build.BuildVerb object at 0x7d873bd31d20>, main=<bound method BuildVerb.main of <colcon_core.verb.build.BuildVerb object at 0x7d873bd31d20>>, mixin_verb=('build',))
[0.559s] Level 1:colcon.colcon_core.package_discovery:discover_packages(colcon_meta) check parameters
[0.560s] Level 1:colcon.colcon_core.package_discovery:discover_packages(recursive) check parameters
[0.560s] Level 1:colcon.colcon_core.package_discovery:discover_packages(ignore) check parameters
[0.560s] Level 1:colcon.colcon_core.package_discovery:discover_packages(path) check parameters
[0.560s] Level 1:colcon.colcon_core.package_discovery:discover_packages(colcon_meta) discover
[0.560s] Level 1:colcon.colcon_core.package_discovery:discover_packages(recursive) discover
[0.560s] INFO:colcon.colcon_core.package_discovery:Crawling recursively for packages in '/home/innovator/2025-Team-Innovators-Docs/IT/week-3/ros2_ws'
[0.560s] Level 1:colcon.colcon_core.package_identification:_identify(.) by extensions ['ignore', 'ignore_ament_install']
[0.560s] Level 1:colcon.colcon_core.package_identification:_identify(.) by extension 'ignore'
[0.560s] Level 1:colcon.colcon_core.package_identification:_identify(.) by extension 'ignore_ament_install'
[0.560s] Level 1:colcon.colcon_core.package_identification:_identify(.) by extensions ['colcon_pkg']
[0.560s] Level 1:colcon.colcon_core.package_identification:_identify(.) by extension 'colcon_pkg'
[0.560s] Level 1:colcon.colcon_core.package_identification:_identify(.) by extensions ['colcon_meta']
[0.560s] Level 1:colcon.colcon_core.package_identification:_identify(.) by extension 'colcon_meta'
[0.560s] Level 1:colcon.colcon_core.package_identification:_identify(.) by extensions ['ros']
[0.560s] Level 1:colcon.colcon_core.package_identification:_identify(.) by extension 'ros'
[0.573s] Level 1:colcon.colcon_core.package_identification:_identify(.) by extensions ['cmake', 'python']
[0.573s] Level 1:colcon.colcon_core.package_identification:_identify(.) by extension 'cmake'
[0.573s] Level 1:colcon.colcon_core.package_identification:_identify(.) by extension 'python'
[0.573s] Level 1:colcon.colcon_core.package_identification:_identify(.) by extensions ['python_setup_py']
[0.573s] Level 1:colcon.colcon_core.package_identification:_identify(.) by extension 'python_setup_py'
[0.573s] Level 1:colcon.colcon_core.package_identification:_identify(build) by extensions ['ignore', 'ignore_ament_install']
[0.573s] Level 1:colcon.colcon_core.package_identification:_identify(build) by extension 'ignore'
[0.573s] Level 1:colcon.colcon_core.package_identification:_identify(build) ignored
[0.573s] Level 1:colcon.colcon_core.package_identification:_identify(install) by extensions ['ignore', 'ignore_ament_install']
[0.573s] Level 1:colcon.colcon_core.package_identification:_identify(install) by extension 'ignore'
[0.573s] Level 1:colcon.colcon_core.package_identification:_identify(install) ignored
[0.574s] Level 1:colcon.colcon_core.package_identification:_identify(log) by extensions ['ignore', 'ignore_ament_install']
[0.574s] Level 1:colcon.colcon_core.package_identification:_identify(log) by extension 'ignore'
[0.574s] Level 1:colcon.colcon_core.package_identification:_identify(log) ignored
[0.574s] Level 1:colcon.colcon_core.package_identification:_identify(src) by extensions ['ignore', 'ignore_ament_install']
[0.574s] Level 1:colcon.colcon_core.package_identification:_identify(src) by extension 'ignore'
[0.574s] Level 1:colcon.colcon_core.package_identification:_identify(src) by extension 'ignore_ament_install'
[0.574s] Level 1:colcon.colcon_core.package_identification:_identify(src) by extensions ['colcon_pkg']
[0.574s] Level 1:colcon.colcon_core.package_identification:_identify(src) by extension 'colcon_pkg'
[0.574s] Level 1:colcon.colcon_core.package_identification:_identify(src) by extensions ['colcon_meta']
[0.574s] Level 1:colcon.colcon_core.package_identification:_identify(src) by extension 'colcon_meta'
[0.574s] Level 1:colcon.colcon_core.package_identification:_identify(src) by extensions ['ros']
[0.574s] Level 1:colcon.colcon_core.package_identification:_identify(src) by extension 'ros'
[0.574s] Level 1:colcon.colcon_core.package_identification:_identify(src) by extensions ['cmake', 'python']
[0.574s] Level 1:colcon.colcon_core.package_identification:_identify(src) by extension 'cmake'
[0.574s] Level 1:colcon.colcon_core.package_identification:_identify(src) by extension 'python'
[0.574s] Level 1:colcon.colcon_core.package_identification:_identify(src) by extensions ['python_setup_py']
[0.574s] Level 1:colcon.colcon_core.package_identification:_identify(src) by extension 'python_setup_py'
[0.575s] Level 1:colcon.colcon_core.package_identification:_identify(src/pathfinding_nav) by extensions ['ignore', 'ignore_ament_install']
[0.575s] Level 1:colcon.colcon_core.package_identification:_identify(src/pathfinding_nav) by extension 'ignore'
[0.575s] Level 1:colcon.colcon_core.package_identification:_identify(src/pathfinding_nav) by extension 'ignore_ament_install'
[0.575s] Level 1:colcon.colcon_core.package_identification:_identify(src/pathfinding_nav) by extensions ['colcon_pkg']
[0.575s] Level 1:colcon.colcon_core.package_identification:_identify(src/pathfinding_nav) by extension 'colcon_pkg'
[0.575s] Level 1:colcon.colcon_core.package_identification:_identify(src/pathfinding_nav) by extensions ['colcon_meta']
[0.575s] Level 1:colcon.colcon_core.package_identification:_identify(src/pathfinding_nav) by extension 'colcon_meta'
[0.575s] Level 1:colcon.colcon_core.package_identification:_identify(src/pathfinding_nav) by extensions ['ros']
[0.575s] Level 1:colcon.colcon_core.package_identification:_identify(src/pathfinding_nav) by extension 'ros'
[0.578s] DEBUG:colcon.colcon_core.package_identification:Package 'src/pathfinding_nav' with type 'ros.ament_python' and name 'pathfinding_nav'
[0.578s] Level 1:colcon.colcon_core.package_identification:_identify(src/tekbot_sim) by extensions ['ignore', 'ignore_ament_install']
[0.578s] Level 1:colcon.colcon_core.package_identification:_identify(src/tekbot_sim) by extension 'ignore'
[0.578s] Level 1:colcon.colcon_core.package_identification:_identify(src/tekbot_sim) by extension 'ignore_ament_install'
[0.578s] Level 1:colcon.colcon_core.package_identification:_identify(src/tekbot_sim) by extensions ['colcon_pkg']
[0.578s] Level 1:colcon.colcon_core.package_identification:_identify(src/tekbot_sim) by extension 'colcon_pkg'
[0.578s] Level 1:colcon.colcon_core.package_identification:_identify(src/tekbot_sim) by extensions ['colcon_meta']
[0.579s] Level 1:colcon.colcon_core.package_identification:_identify(src/tekbot_sim) by extension 'colcon_meta'
[0.579s] Level 1:colcon.colcon_core.package_identification:_identify(src/tekbot_sim) by extensions ['ros']
[0.579s] Level 1:colcon.colcon_core.package_identification:_identify(src/tekbot_sim) by extension 'ros'
[0.579s] Level 1:colcon.colcon_core.package_identification:_identify(src/tekbot_sim) by extensions ['cmake', 'python']
[0.579s] Level 1:colcon.colcon_core.package_identification:_identify(src/tekbot_sim) by extension 'cmake'
[0.579s] Level 1:colcon.colcon_core.package_identification:_identify(src/tekbot_sim) by extension 'python'
[0.579s] Level 1:colcon.colcon_core.package_identification:_identify(src/tekbot_sim) by extensions ['python_setup_py']
[0.579s] Level 1:colcon.colcon_core.package_identification:_identify(src/tekbot_sim) by extension 'python_setup_py'
[0.579s] Level 1:colcon.colcon_core.package_identification:_identify(src/tekbot_sim/maze_solving) by extensions ['ignore', 'ignore_ament_install']
[0.579s] Level 1:colcon.colcon_core.package_identification:_identify(src/tekbot_sim/maze_solving) by extension 'ignore'
[0.579s] Level 1:colcon.colcon_core.package_identification:_identify(src/tekbot_sim/maze_solving) by extension 'ignore_ament_install'
[0.579s] Level 1:colcon.colcon_core.package_identification:_identify(src/tekbot_sim/maze_solving) by extensions ['colcon_pkg']
[0.579s] Level 1:colcon.colcon_core.package_identification:_identify(src/tekbot_sim/maze_solving) by extension 'colcon_pkg'
[0.579s] Level 1:colcon.colcon_core.package_identification:_identify(src/tekbot_sim/maze_solving) by extensions ['colcon_meta']
[0.579s] Level 1:colcon.colcon_core.package_identification:_identify(src/tekbot_sim/maze_solving) by extension 'colcon_meta'
[0.579s] Level 1:colcon.colcon_core.package_identification:_identify(src/tekbot_sim/maze_solving) by extensions ['ros']
[0.579s] Level 1:colcon.colcon_core.package_identification:_identify(src/tekbot_sim/maze_solving) by extension 'ros'
[0.581s] DEBUG:colcon.colcon_core.package_identification:Package 'src/tekbot_sim/maze_solving' with type 'ros.ament_cmake' and name 'maze_solving'
[0.581s] Level 1:colcon.colcon_core.package_identification:_identify(src/tekbot_sim/tekbot) by extensions ['ignore', 'ignore_ament_install']
[0.581s] Level 1:colcon.colcon_core.package_identification:_identify(src/tekbot_sim/tekbot) by extension 'ignore'
[0.581s] Level 1:colcon.colcon_core.package_identification:_identify(src/tekbot_sim/tekbot) by extension 'ignore_ament_install'
[0.581s] Level 1:colcon.colcon_core.package_identification:_identify(src/tekbot_sim/tekbot) by extensions ['colcon_pkg']
[0.581s] Level 1:colcon.colcon_core.package_identification:_identify(src/tekbot_sim/tekbot) by extension 'colcon_pkg'
[0.581s] Level 1:colcon.colcon_core.package_identification:_identify(src/tekbot_sim/tekbot) by extensions ['colcon_meta']
[0.581s] Level 1:colcon.colcon_core.package_identification:_identify(src/tekbot_sim/tekbot) by extension 'colcon_meta'
[0.581s] Level 1:colcon.colcon_core.package_identification:_identify(src/tekbot_sim/tekbot) by extensions ['ros']
[0.581s] Level 1:colcon.colcon_core.package_identification:_identify(src/tekbot_sim/tekbot) by extension 'ros'
[0.581s] Level 1:colcon.colcon_core.package_identification:_identify(src/tekbot_sim/tekbot) by extensions ['cmake', 'python']
[0.581s] Level 1:colcon.colcon_core.package_identification:_identify(src/tekbot_sim/tekbot) by extension 'cmake'
[0.582s] Level 1:colcon.colcon_core.package_identification:_identify(src/tekbot_sim/tekbot) by extension 'python'
[0.582s] Level 1:colcon.colcon_core.package_identification:_identify(src/tekbot_sim/tekbot) by extensions ['python_setup_py']
[0.582s] Level 1:colcon.colcon_core.package_identification:_identify(src/tekbot_sim/tekbot) by extension 'python_setup_py'
[0.582s] Level 1:colcon.colcon_core.package_identification:_identify(src/tekbot_sim/tekbot/tekbot_control) by extensions ['ignore', 'ignore_ament_install']
[0.582s] Level 1:colcon.colcon_core.package_identification:_identify(src/tekbot_sim/tekbot/tekbot_control) by extension 'ignore'
[0.582s] Level 1:colcon.colcon_core.package_identification:_identify(src/tekbot_sim/tekbot/tekbot_control) by extension 'ignore_ament_install'
[0.582s] Level 1:colcon.colcon_core.package_identification:_identify(src/tekbot_sim/tekbot/tekbot_control) by extensions ['colcon_pkg']
[0.582s] Level 1:colcon.colcon_core.package_identification:_identify(src/tekbot_sim/tekbot/tekbot_control) by extension 'colcon_pkg'
[0.582s] Level 1:colcon.colcon_core.package_identification:_identify(src/tekbot_sim/tekbot/tekbot_control) by extensions ['colcon_meta']
[0.582s] Level 1:colcon.colcon_core.package_identification:_identify(src/tekbot_sim/tekbot/tekbot_control) by extension 'colcon_meta'
[0.582s] Level 1:colcon.colcon_core.package_identification:_identify(src/tekbot_sim/tekbot/tekbot_control) by extensions ['ros']
[0.582s] Level 1:colcon.colcon_core.package_identification:_identify(src/tekbot_sim/tekbot/tekbot_control) by extension 'ros'
[0.584s] DEBUG:colcon.colcon_core.package_identification:Package 'src/tekbot_sim/tekbot/tekbot_control' with type 'ros.ament_cmake' and name 'tekbot_control'
[0.585s] Level 1:colcon.colcon_core.package_identification:_identify(src/tekbot_sim/tekbot/tekbot_description) by extensions ['ignore', 'ignore_ament_install']
[0.585s] Level 1:colcon.colcon_core.package_identification:_identify(src/tekbot_sim/tekbot/tekbot_description) by extension 'ignore'
[0.585s] Level 1:colcon.colcon_core.package_identification:_identify(src/tekbot_sim/tekbot/tekbot_description) by extension 'ignore_ament_install'
[0.585s] Level 1:colcon.colcon_core.package_identification:_identify(src/tekbot_sim/tekbot/tekbot_description) by extensions ['colcon_pkg']
[0.585s] Level 1:colcon.colcon_core.package_identification:_identify(src/tekbot_sim/tekbot/tekbot_description) by extension 'colcon_pkg'
[0.585s] Level 1:colcon.colcon_core.package_identification:_identify(src/tekbot_sim/tekbot/tekbot_description) by extensions ['colcon_meta']
[0.585s] Level 1:colcon.colcon_core.package_identification:_identify(src/tekbot_sim/tekbot/tekbot_description) by extension 'colcon_meta'
[0.585s] Level 1:colcon.colcon_core.package_identification:_identify(src/tekbot_sim/tekbot/tekbot_description) by extensions ['ros']
[0.585s] Level 1:colcon.colcon_core.package_identification:_identify(src/tekbot_sim/tekbot/tekbot_description) by extension 'ros'
[0.586s] DEBUG:colcon.colcon_core.package_identification:Package 'src/tekbot_sim/tekbot/tekbot_description' with type 'ros.ament_cmake' and name 'tekbot_description'
[0.586s] Level 1:colcon.colcon_core.package_discovery:discover_packages(recursive) using defaults
[0.586s] Level 1:colcon.colcon_core.package_discovery:discover_packages(ignore) discover
[0.586s] Level 1:colcon.colcon_core.package_discovery:discover_packages(ignore) using defaults
[0.586s] Level 1:colcon.colcon_core.package_discovery:discover_packages(path) discover
[0.586s] Level 1:colcon.colcon_core.package_discovery:discover_packages(path) using defaults
[0.627s] Level 1:colcon.colcon_core.package_discovery:discover_packages(prefix_path) check parameters
[0.627s] Level 1:colcon.colcon_core.package_discovery:discover_packages(prefix_path) discover
[0.630s] Level 1:colcon.colcon_core.package_discovery:discover_packages(prefix_path) using defaults
[0.632s] Level 5:colcon.colcon_core.verb:set package 'maze_solving' build argument 'cmake_args' from command line to 'None'
[0.632s] Level 5:colcon.colcon_core.verb:set package 'maze_solving' build argument 'cmake_target' from command line to 'None'
[0.632s] Level 5:colcon.colcon_core.verb:set package 'maze_solving' build argument 'cmake_target_skip_unavailable' from command line to 'False'
[0.632s] Level 5:colcon.colcon_core.verb:set package 'maze_solving' build argument 'cmake_clean_cache' from command line to 'False'
[0.632s] Level 5:colcon.colcon_core.verb:set package 'maze_solving' build argument 'cmake_clean_first' from command line to 'False'
[0.632s] Level 5:colcon.colcon_core.verb:set package 'maze_solving' build argument 'cmake_force_configure' from command line to 'False'
[0.632s] Level 5:colcon.colcon_core.verb:set package 'maze_solving' build argument 'ament_cmake_args' from command line to 'None'
[0.632s] Level 5:colcon.colcon_core.verb:set package 'maze_solving' build argument 'catkin_cmake_args' from command line to 'None'
[0.632s] Level 5:colcon.colcon_core.verb:set package 'maze_solving' build argument 'catkin_skip_building_tests' from command line to 'False'
[0.632s] DEBUG:colcon.colcon_core.verb:Building package 'maze_solving' with the following arguments: {'ament_cmake_args': None, 'build_base': '/home/innovator/2025-Team-Innovators-Docs/IT/week-3/ros2_ws/build/maze_solving', 'catkin_cmake_args': None, 'catkin_skip_building_tests': False, 'cmake_args': None, 'cmake_clean_cache': False, 'cmake_clean_first': False, 'cmake_force_configure': False, 'cmake_target': None, 'cmake_target_skip_unavailable': False, 'install_base': '/home/innovator/2025-Team-Innovators-Docs/IT/week-3/ros2_ws/install/maze_solving', 'merge_install': False, 'path': '/home/innovator/2025-Team-Innovators-Docs/IT/week-3/ros2_ws/src/tekbot_sim/maze_solving', 'symlink_install': False, 'test_result_base': None}
[0.632s] Level 5:colcon.colcon_core.verb:set package 'pathfinding_nav' build argument 'cmake_args' from command line to 'None'
[0.633s] Level 5:colcon.colcon_core.verb:set package 'pathfinding_nav' build argument 'cmake_target' from command line to 'None'
[0.633s] Level 5:colcon.colcon_core.verb:set package 'pathfinding_nav' build argument 'cmake_target_skip_unavailable' from command line to 'False'
[0.633s] Level 5:colcon.colcon_core.verb:set package 'pathfinding_nav' build argument 'cmake_clean_cache' from command line to 'False'
[0.633s] Level 5:colcon.colcon_core.verb:set package 'pathfinding_nav' build argument 'cmake_clean_first' from command line to 'False'
[0.633s] Level 5:colcon.colcon_core.verb:set package 'pathfinding_nav' build argument 'cmake_force_configure' from command line to 'False'
[0.633s] Level 5:colcon.colcon_core.verb:set package 'pathfinding_nav' build argument 'ament_cmake_args' from command line to 'None'
[0.633s] Level 5:colcon.colcon_core.verb:set package 'pathfinding_nav' build argument 'catkin_cmake_args' from command line to 'None'
[0.633s] Level 5:colcon.colcon_core.verb:set package 'pathfinding_nav' build argument 'catkin_skip_building_tests' from command line to 'False'
[0.633s] DEBUG:colcon.colcon_core.verb:Building package 'pathfinding_nav' with the following arguments: {'ament_cmake_args': None, 'build_base': '/home/innovator/2025-Team-Innovators-Docs/IT/week-3/ros2_ws/build/pathfinding_nav', 'catkin_cmake_args': None, 'catkin_skip_building_tests': False, 'cmake_args': None, 'cmake_clean_cache': False, 'cmake_clean_first': False, 'cmake_force_configure': False, 'cmake_target': None, 'cmake_target_skip_unavailable': False, 'install_base': '/home/innovator/2025-Team-Innovators-Docs/IT/week-3/ros2_ws/install/pathfinding_nav', 'merge_install': False, 'path': '/home/innovator/2025-Team-Innovators-Docs/IT/week-3/ros2_ws/src/pathfinding_nav', 'symlink_install': False, 'test_result_base': None}
[0.633s] Level 5:colcon.colcon_core.verb:set package 'tekbot_control' build argument 'cmake_args' from command line to 'None'
[0.633s] Level 5:colcon.colcon_core.verb:set package 'tekbot_control' build argument 'cmake_target' from command line to 'None'
[0.633s] Level 5:colcon.colcon_core.verb:set package 'tekbot_control' build argument 'cmake_target_skip_unavailable' from command line to 'False'
[0.633s] Level 5:colcon.colcon_core.verb:set package 'tekbot_control' build argument 'cmake_clean_cache' from command line to 'False'
[0.633s] Level 5:colcon.colcon_core.verb:set package 'tekbot_control' build argument 'cmake_clean_first' from command line to 'False'
[0.633s] Level 5:colcon.colcon_core.verb:set package 'tekbot_control' build argument 'cmake_force_configure' from command line to 'False'
[0.633s] Level 5:colcon.colcon_core.verb:set package 'tekbot_control' build argument 'ament_cmake_args' from command line to 'None'
[0.633s] Level 5:colcon.colcon_core.verb:set package 'tekbot_control' build argument 'catkin_cmake_args' from command line to 'None'
[0.633s] Level 5:colcon.colcon_core.verb:set package 'tekbot_control' build argument 'catkin_skip_building_tests' from command line to 'False'
[0.633s] DEBUG:colcon.colcon_core.verb:Building package 'tekbot_control' with the following arguments: {'ament_cmake_args': None, 'build_base': '/home/innovator/2025-Team-Innovators-Docs/IT/week-3/ros2_ws/build/tekbot_control', 'catkin_cmake_args': None, 'catkin_skip_building_tests': False, 'cmake_args': None, 'cmake_clean_cache': False, 'cmake_clean_first': False, 'cmake_force_configure': False, 'cmake_target': None, 'cmake_target_skip_unavailable': False, 'install_base': '/home/innovator/2025-Team-Innovators-Docs/IT/week-3/ros2_ws/install/tekbot_control', 'merge_install': False, 'path': '/home/innovator/2025-Team-Innovators-Docs/IT/week-3/ros2_ws/src/tekbot_sim/tekbot/tekbot_control', 'symlink_install': False, 'test_result_base': None}
[0.634s] Level 5:colcon.colcon_core.verb:set package 'tekbot_description' build argument 'cmake_args' from command line to 'None'
[0.634s] Level 5:colcon.colcon_core.verb:set package 'tekbot_description' build argument 'cmake_target' from command line to 'None'
[0.634s] Level 5:colcon.colcon_core.verb:set package 'tekbot_description' build argument 'cmake_target_skip_unavailable' from command line to 'False'
[0.634s] Level 5:colcon.colcon_core.verb:set package 'tekbot_description' build argument 'cmake_clean_cache' from command line to 'False'
[0.634s] Level 5:colcon.colcon_core.verb:set package 'tekbot_description' build argument 'cmake_clean_first' from command line to 'False'
[0.634s] Level 5:colcon.colcon_core.verb:set package 'tekbot_description' build argument 'cmake_force_configure' from command line to 'False'
[0.634s] Level 5:colcon.colcon_core.verb:set package 'tekbot_description' build argument 'ament_cmake_args' from command line to 'None'
[0.634s] Level 5:colcon.colcon_core.verb:set package 'tekbot_description' build argument 'catkin_cmake_args' from command line to 'None'
[0.634s] Level 5:colcon.colcon_core.verb:set package 'tekbot_description' build argument 'catkin_skip_building_tests' from command line to 'False'
[0.634s] DEBUG:colcon.colcon_core.verb:Building package 'tekbot_description' with the following arguments: {'ament_cmake_args': None, 'build_base': '/home/innovator/2025-Team-Innovators-Docs/IT/week-3/ros2_ws/build/tekbot_description', 'catkin_cmake_args': None, 'catkin_skip_building_tests': False, 'cmake_args': None, 'cmake_clean_cache': False, 'cmake_clean_first': False, 'cmake_force_configure': False, 'cmake_target': None, 'cmake_target_skip_unavailable': False, 'install_base': '/home/innovator/2025-Team-Innovators-Docs/IT/week-3/ros2_ws/install/tekbot_description', 'merge_install': False, 'path': '/home/innovator/2025-Team-Innovators-Docs/IT/week-3/ros2_ws/src/tekbot_sim/tekbot/tekbot_description', 'symlink_install': False, 'test_result_base': None}
[0.634s] INFO:colcon.colcon_core.executor:Executing jobs using 'parallel' executor
[0.635s] DEBUG:colcon.colcon_parallel_executor.executor.parallel:run_until_complete
[0.635s] INFO:colcon.colcon_ros.task.ament_cmake.build:Building ROS package in '/home/innovator/2025-Team-Innovators-Docs/IT/week-3/ros2_ws/src/tekbot_sim/maze_solving' with build type 'ament_cmake'
[0.636s] INFO:colcon.colcon_cmake.task.cmake.build:Building CMake package in '/home/innovator/2025-Team-Innovators-Docs/IT/week-3/ros2_ws/src/tekbot_sim/maze_solving'
[0.643s] INFO:colcon.colcon_core.plugin_system:Skipping extension 'colcon_core.shell.bat': Not used on non-Windows systems
[0.643s] INFO:colcon.colcon_core.shell:Skip shell extension 'powershell' for command environment: Not usable outside of PowerShell
[0.643s] DEBUG:colcon.colcon_core.shell:Skip shell extension 'dsv' for command environment
[0.645s] INFO:colcon.colcon_ros.task.ament_python.build:Building ROS package in '/home/innovator/2025-Team-Innovators-Docs/IT/week-3/ros2_ws/src/pathfinding_nav' with build type 'ament_python'
[0.645s] Level 1:colcon.colcon_core.shell:create_environment_hook('pathfinding_nav', 'ament_prefix_path')
[0.645s] INFO:colcon.colcon_core.shell:Creating environment hook '/home/innovator/2025-Team-Innovators-Docs/IT/week-3/ros2_ws/install/pathfinding_nav/share/pathfinding_nav/hook/ament_prefix_path.ps1'
[0.648s] INFO:colcon.colcon_core.shell:Creating environment descriptor '/home/innovator/2025-Team-Innovators-Docs/IT/week-3/ros2_ws/install/pathfinding_nav/share/pathfinding_nav/hook/ament_prefix_path.dsv'
[0.650s] INFO:colcon.colcon_core.shell:Creating environment hook '/home/innovator/2025-Team-Innovators-Docs/IT/week-3/ros2_ws/install/pathfinding_nav/share/pathfinding_nav/hook/ament_prefix_path.sh'
[0.652s] INFO:colcon.colcon_core.shell:Skip shell extension 'powershell' for command environment: Not usable outside of PowerShell
[0.652s] DEBUG:colcon.colcon_core.shell:Skip shell extension 'dsv' for command environment
[0.654s] INFO:colcon.colcon_ros.task.ament_cmake.build:Building ROS package in '/home/innovator/2025-Team-Innovators-Docs/IT/week-3/ros2_ws/src/tekbot_sim/tekbot/tekbot_control' with build type 'ament_cmake'
[0.654s] INFO:colcon.colcon_cmake.task.cmake.build:Building CMake package in '/home/innovator/2025-Team-Innovators-Docs/IT/week-3/ros2_ws/src/tekbot_sim/tekbot/tekbot_control'
[0.654s] INFO:colcon.colcon_core.shell:Skip shell extension 'powershell' for command environment: Not usable outside of PowerShell
[0.654s] DEBUG:colcon.colcon_core.shell:Skip shell extension 'dsv' for command environment
[0.656s] INFO:colcon.colcon_ros.task.ament_cmake.build:Building ROS package in '/home/innovator/2025-Team-Innovators-Docs/IT/week-3/ros2_ws/src/tekbot_sim/tekbot/tekbot_description' with build type 'ament_cmake'
[0.656s] INFO:colcon.colcon_cmake.task.cmake.build:Building CMake package in '/home/innovator/2025-Team-Innovators-Docs/IT/week-3/ros2_ws/src/tekbot_sim/tekbot/tekbot_description'
[0.657s] INFO:colcon.colcon_core.shell:Skip shell extension 'powershell' for command environment: Not usable outside of PowerShell
[0.657s] DEBUG:colcon.colcon_core.shell:Skip shell extension 'dsv' for command environment
[0.669s] DEBUG:colcon.colcon_core.event_handler.log_command:Invoking command in '/home/innovator/2025-Team-Innovators-Docs/IT/week-3/ros2_ws/build/maze_solving': /usr/bin/cmake --build /home/innovator/2025-Team-Innovators-Docs/IT/week-3/ros2_ws/build/maze_solving -- -j4 -l4
[0.914s] WARNING:colcon.colcon_ros.task.ament_python.build:Package 'pathfinding_nav' doesn't explicitly install a marker in the package index (colcon-ros currently does it implicitly but that fallback will be removed in the future)
[0.914s] INFO:colcon.colcon_core.task.python.build:Building Python package in '/home/innovator/2025-Team-Innovators-Docs/IT/week-3/ros2_ws/src/pathfinding_nav'
[0.914s] INFO:colcon.colcon_core.shell:Skip shell extension 'powershell' for command environment: Not usable outside of PowerShell
[0.915s] DEBUG:colcon.colcon_core.shell:Skip shell extension 'dsv' for command environment
[0.922s] DEBUG:colcon.colcon_core.event_handler.log_command:Invoking command in '/home/innovator/2025-Team-Innovators-Docs/IT/week-3/ros2_ws/build/tekbot_control': /usr/bin/cmake --build /home/innovator/2025-Team-Innovators-Docs/IT/week-3/ros2_ws/build/tekbot_control -- -j4 -l4
[0.931s] DEBUG:colcon.colcon_core.event_handler.log_command:Invoking command in '/home/innovator/2025-Team-Innovators-Docs/IT/week-3/ros2_ws/build/tekbot_description': /usr/bin/cmake --build /home/innovator/2025-Team-Innovators-Docs/IT/week-3/ros2_ws/build/tekbot_description -- -j4 -l4
[0.933s] DEBUG:colcon.colcon_core.event_handler.log_command:Invoked command in '/home/innovator/2025-Team-Innovators-Docs/IT/week-3/ros2_ws/build/maze_solving' returned '0': /usr/bin/cmake --build /home/innovator/2025-Team-Innovators-Docs/IT/week-3/ros2_ws/build/maze_solving -- -j4 -l4
[0.950s] DEBUG:colcon.colcon_core.event_handler.log_command:Invoking command in '/home/innovator/2025-Team-Innovators-Docs/IT/week-3/ros2_ws/build/maze_solving': /usr/bin/cmake --install /home/innovator/2025-Team-Innovators-Docs/IT/week-3/ros2_ws/build/maze_solving
[0.996s] DEBUG:colcon.colcon_core.event_handler.log_command:Invoked command in '/home/innovator/2025-Team-Innovators-Docs/IT/week-3/ros2_ws/build/tekbot_control' returned '0': /usr/bin/cmake --build /home/innovator/2025-Team-Innovators-Docs/IT/week-3/ros2_ws/build/tekbot_control -- -j4 -l4
[1.012s] Level 1:colcon.colcon_core.environment:create_environment_scripts_only(tekbot_control)
[1.013s] DEBUG:colcon.colcon_core.event_handler.log_command:Invoking command in '/home/innovator/2025-Team-Innovators-Docs/IT/week-3/ros2_ws/build/tekbot_control': /usr/bin/cmake --install /home/innovator/2025-Team-Innovators-Docs/IT/week-3/ros2_ws/build/tekbot_control
[1.067s] Level 1:colcon.colcon_core.environment:checking '/home/innovator/2025-Team-Innovators-Docs/IT/week-3/ros2_ws/install/tekbot_control' for CMake module files
[1.078s] Level 1:colcon.colcon_core.environment:checking '/home/innovator/2025-Team-Innovators-Docs/IT/week-3/ros2_ws/install/tekbot_control' for CMake config files
[1.088s] Level 1:colcon.colcon_core.shell:create_environment_hook('tekbot_control', 'cmake_prefix_path')
[1.089s] INFO:colcon.colcon_core.shell:Creating environment hook '/home/innovator/2025-Team-Innovators-Docs/IT/week-3/ros2_ws/install/tekbot_control/share/tekbot_control/hook/cmake_prefix_path.ps1'
[1.091s] INFO:colcon.colcon_core.shell:Creating environment descriptor '/home/innovator/2025-Team-Innovators-Docs/IT/week-3/ros2_ws/install/tekbot_control/share/tekbot_control/hook/cmake_prefix_path.dsv'
[1.093s] INFO:colcon.colcon_core.shell:Creating environment hook '/home/innovator/2025-Team-Innovators-Docs/IT/week-3/ros2_ws/install/tekbot_control/share/tekbot_control/hook/cmake_prefix_path.sh'
[1.097s] Level 1:colcon.colcon_core.environment:checking '/home/innovator/2025-Team-Innovators-Docs/IT/week-3/ros2_ws/install/tekbot_control/bin'
[1.098s] Level 1:colcon.colcon_core.environment:checking '/home/innovator/2025-Team-Innovators-Docs/IT/week-3/ros2_ws/install/tekbot_control/lib/pkgconfig/tekbot_control.pc'
[1.098s] Level 1:colcon.colcon_core.environment:checking '/home/innovator/2025-Team-Innovators-Docs/IT/week-3/ros2_ws/install/tekbot_control/lib/python3.10/site-packages'
[1.099s] Level 1:colcon.colcon_core.environment:checking '/home/innovator/2025-Team-Innovators-Docs/IT/week-3/ros2_ws/install/tekbot_control/bin'
[1.100s] INFO:colcon.colcon_core.shell:Creating package script '/home/innovator/2025-Team-Innovators-Docs/IT/week-3/ros2_ws/install/tekbot_control/share/tekbot_control/package.ps1'
[1.109s] INFO:colcon.colcon_core.shell:Creating package descriptor '/home/innovator/2025-Team-Innovators-Docs/IT/week-3/ros2_ws/install/tekbot_control/share/tekbot_control/package.dsv'
[1.114s] INFO:colcon.colcon_core.shell:Creating package script '/home/innovator/2025-Team-Innovators-Docs/IT/week-3/ros2_ws/install/tekbot_control/share/tekbot_control/package.sh'
[1.119s] INFO:colcon.colcon_core.shell:Creating package script '/home/innovator/2025-Team-Innovators-Docs/IT/week-3/ros2_ws/install/tekbot_control/share/tekbot_control/package.bash'
[1.126s] INFO:colcon.colcon_core.shell:Creating package script '/home/innovator/2025-Team-Innovators-Docs/IT/week-3/ros2_ws/install/tekbot_control/share/tekbot_control/package.zsh'
[1.128s] DEBUG:colcon.colcon_core.event_handler.log_command:Invoked command in '/home/innovator/2025-Team-Innovators-Docs/IT/week-3/ros2_ws/build/tekbot_control' returned '0': /usr/bin/cmake --install /home/innovator/2025-Team-Innovators-Docs/IT/week-3/ros2_ws/build/tekbot_control
[1.130s] Level 1:colcon.colcon_core.environment:create_file_with_runtime_dependencies(/home/innovator/2025-Team-Innovators-Docs/IT/week-3/ros2_ws/install/tekbot_control/share/colcon-core/packages/tekbot_control)
[1.135s] Level 1:colcon.colcon_core.environment:create_environment_scripts_only(tekbot_control)
[1.136s] Level 1:colcon.colcon_core.environment:checking '/home/innovator/2025-Team-Innovators-Docs/IT/week-3/ros2_ws/install/tekbot_control' for CMake module files
[1.144s] Level 1:colcon.colcon_core.environment:checking '/home/innovator/2025-Team-Innovators-Docs/IT/week-3/ros2_ws/install/tekbot_control' for CMake config files
[1.161s] Level 1:colcon.colcon_core.shell:create_environment_hook('tekbot_control', 'cmake_prefix_path')
[1.162s] INFO:colcon.colcon_core.shell:Creating environment hook '/home/innovator/2025-Team-Innovators-Docs/IT/week-3/ros2_ws/install/tekbot_control/share/tekbot_control/hook/cmake_prefix_path.ps1'
[1.164s] INFO:colcon.colcon_core.shell:Creating environment descriptor '/home/innovator/2025-Team-Innovators-Docs/IT/week-3/ros2_ws/install/tekbot_control/share/tekbot_control/hook/cmake_prefix_path.dsv'
[1.167s] INFO:colcon.colcon_core.shell:Creating environment hook '/home/innovator/2025-Team-Innovators-Docs/IT/week-3/ros2_ws/install/tekbot_control/share/tekbot_control/hook/cmake_prefix_path.sh'
[1.171s] Level 1:colcon.colcon_core.environment:checking '/home/innovator/2025-Team-Innovators-Docs/IT/week-3/ros2_ws/install/tekbot_control/bin'
[1.171s] Level 1:colcon.colcon_core.environment:checking '/home/innovator/2025-Team-Innovators-Docs/IT/week-3/ros2_ws/install/tekbot_control/lib/pkgconfig/tekbot_control.pc'
[1.172s] Level 1:colcon.colcon_core.environment:checking '/home/innovator/2025-Team-Innovators-Docs/IT/week-3/ros2_ws/install/tekbot_control/lib/python3.10/site-packages'
[1.172s] Level 1:colcon.colcon_core.environment:checking '/home/innovator/2025-Team-Innovators-Docs/IT/week-3/ros2_ws/install/tekbot_control/bin'
[1.173s] INFO:colcon.colcon_core.shell:Creating package script '/home/innovator/2025-Team-Innovators-Docs/IT/week-3/ros2_ws/install/tekbot_control/share/tekbot_control/package.ps1'
[1.179s] INFO:colcon.colcon_core.shell:Creating package descriptor '/home/innovator/2025-Team-Innovators-Docs/IT/week-3/ros2_ws/install/tekbot_control/share/tekbot_control/package.dsv'
[1.185s] INFO:colcon.colcon_core.shell:Creating package script '/home/innovator/2025-Team-Innovators-Docs/IT/week-3/ros2_ws/install/tekbot_control/share/tekbot_control/package.sh'
[1.190s] INFO:colcon.colcon_core.shell:Creating package script '/home/innovator/2025-Team-Innovators-Docs/IT/week-3/ros2_ws/install/tekbot_control/share/tekbot_control/package.bash'
[1.198s] INFO:colcon.colcon_core.shell:Creating package script '/home/innovator/2025-Team-Innovators-Docs/IT/week-3/ros2_ws/install/tekbot_control/share/tekbot_control/package.zsh'
[1.204s] Level 1:colcon.colcon_core.environment:create_file_with_runtime_dependencies(/home/innovator/2025-Team-Innovators-Docs/IT/week-3/ros2_ws/install/tekbot_control/share/colcon-core/packages/tekbot_control)
[1.211s] Level 1:colcon.colcon_core.environment:create_environment_scripts_only(maze_solving)
[1.212s] Level 1:colcon.colcon_core.environment:checking '/home/innovator/2025-Team-Innovators-Docs/IT/week-3/ros2_ws/install/maze_solving' for CMake module files
[1.220s] Level 1:colcon.colcon_core.environment:checking '/home/innovator/2025-Team-Innovators-Docs/IT/week-3/ros2_ws/install/maze_solving' for CMake config files
[1.235s] Level 1:colcon.colcon_core.shell:create_environment_hook('maze_solving', 'cmake_prefix_path')
[1.235s] INFO:colcon.colcon_core.shell:Creating environment hook '/home/innovator/2025-Team-Innovators-Docs/IT/week-3/ros2_ws/install/maze_solving/share/maze_solving/hook/cmake_prefix_path.ps1'
[1.237s] INFO:colcon.colcon_core.shell:Creating environment descriptor '/home/innovator/2025-Team-Innovators-Docs/IT/week-3/ros2_ws/install/maze_solving/share/maze_solving/hook/cmake_prefix_path.dsv'
[1.238s] INFO:colcon.colcon_core.shell:Creating environment hook '/home/innovator/2025-Team-Innovators-Docs/IT/week-3/ros2_ws/install/maze_solving/share/maze_solving/hook/cmake_prefix_path.sh'
[1.240s] Level 1:colcon.colcon_core.environment:checking '/home/innovator/2025-Team-Innovators-Docs/IT/week-3/ros2_ws/install/maze_solving/bin'
[1.240s] Level 1:colcon.colcon_core.environment:checking '/home/innovator/2025-Team-Innovators-Docs/IT/week-3/ros2_ws/install/maze_solving/lib/pkgconfig/maze_solving.pc'
[1.240s] Level 1:colcon.colcon_core.environment:checking '/home/innovator/2025-Team-Innovators-Docs/IT/week-3/ros2_ws/install/maze_solving/lib/python3.10/site-packages'
[1.240s] Level 1:colcon.colcon_core.environment:checking '/home/innovator/2025-Team-Innovators-Docs/IT/week-3/ros2_ws/install/maze_solving/bin'
[1.241s] INFO:colcon.colcon_core.shell:Creating package script '/home/innovator/2025-Team-Innovators-Docs/IT/week-3/ros2_ws/install/maze_solving/share/maze_solving/package.ps1'
[1.242s] INFO:colcon.colcon_core.shell:Creating package descriptor '/home/innovator/2025-Team-Innovators-Docs/IT/week-3/ros2_ws/install/maze_solving/share/maze_solving/package.dsv'
[1.243s] INFO:colcon.colcon_core.shell:Creating package script '/home/innovator/2025-Team-Innovators-Docs/IT/week-3/ros2_ws/install/maze_solving/share/maze_solving/package.sh'
[1.244s] INFO:colcon.colcon_core.shell:Creating package script '/home/innovator/2025-Team-Innovators-Docs/IT/week-3/ros2_ws/install/maze_solving/share/maze_solving/package.bash'
[1.246s] INFO:colcon.colcon_core.shell:Creating package script '/home/innovator/2025-Team-Innovators-Docs/IT/week-3/ros2_ws/install/maze_solving/share/maze_solving/package.zsh'
[1.247s] Level 1:colcon.colcon_core.environment:create_file_with_runtime_dependencies(/home/innovator/2025-Team-Innovators-Docs/IT/week-3/ros2_ws/install/maze_solving/share/colcon-core/packages/maze_solving)
[1.249s] Level 1:colcon.colcon_core.environment:create_environment_scripts_only(maze_solving)
[1.249s] Level 1:colcon.colcon_core.environment:checking '/home/innovator/2025-Team-Innovators-Docs/IT/week-3/ros2_ws/install/maze_solving' for CMake module files
[1.250s] Level 1:colcon.colcon_core.environment:checking '/home/innovator/2025-Team-Innovators-Docs/IT/week-3/ros2_ws/install/maze_solving' for CMake config files
[1.254s] Level 1:colcon.colcon_core.shell:create_environment_hook('maze_solving', 'cmake_prefix_path')
[1.254s] INFO:colcon.colcon_core.shell:Creating environment hook '/home/innovator/2025-Team-Innovators-Docs/IT/week-3/ros2_ws/install/maze_solving/share/maze_solving/hook/cmake_prefix_path.ps1'
[1.256s] INFO:colcon.colcon_core.shell:Creating environment descriptor '/home/innovator/2025-Team-Innovators-Docs/IT/week-3/ros2_ws/install/maze_solving/share/maze_solving/hook/cmake_prefix_path.dsv'
[1.257s] INFO:colcon.colcon_core.shell:Creating environment hook '/home/innovator/2025-Team-Innovators-Docs/IT/week-3/ros2_ws/install/maze_solving/share/maze_solving/hook/cmake_prefix_path.sh'
[1.259s] Level 1:colcon.colcon_core.environment:checking '/home/innovator/2025-Team-Innovators-Docs/IT/week-3/ros2_ws/install/maze_solving/bin'
[1.259s] Level 1:colcon.colcon_core.environment:checking '/home/innovator/2025-Team-Innovators-Docs/IT/week-3/ros2_ws/install/maze_solving/lib/pkgconfig/maze_solving.pc'
[1.259s] Level 1:colcon.colcon_core.environment:checking '/home/innovator/2025-Team-Innovators-Docs/IT/week-3/ros2_ws/install/maze_solving/lib/python3.10/site-packages'
[1.259s] Level 1:colcon.colcon_core.environment:checking '/home/innovator/2025-Team-Innovators-Docs/IT/week-3/ros2_ws/install/maze_solving/bin'
[1.260s] INFO:colcon.colcon_core.shell:Creating package script '/home/innovator/2025-Team-Innovators-Docs/IT/week-3/ros2_ws/install/maze_solving/share/maze_solving/package.ps1'
[1.261s] INFO:colcon.colcon_core.shell:Creating package descriptor '/home/innovator/2025-Team-Innovators-Docs/IT/week-3/ros2_ws/install/maze_solving/share/maze_solving/package.dsv'
[1.265s] INFO:colcon.colcon_core.shell:Creating package script '/home/innovator/2025-Team-Innovators-Docs/IT/week-3/ros2_ws/install/maze_solving/share/maze_solving/package.sh'
[1.266s] INFO:colcon.colcon_core.shell:Creating package script '/home/innovator/2025-Team-Innovators-Docs/IT/week-3/ros2_ws/install/maze_solving/share/maze_solving/package.bash'
[1.268s] INFO:colcon.colcon_core.shell:Creating package script '/home/innovator/2025-Team-Innovators-Docs/IT/week-3/ros2_ws/install/maze_solving/share/maze_solving/package.zsh'
[1.269s] Level 1:colcon.colcon_core.environment:create_file_with_runtime_dependencies(/home/innovator/2025-Team-Innovators-Docs/IT/week-3/ros2_ws/install/maze_solving/share/colcon-core/packages/maze_solving)
[1.296s] Level 1:colcon.colcon_core.environment:create_environment_scripts_only(tekbot_description)
[1.296s] Level 1:colcon.colcon_core.environment:checking '/home/innovator/2025-Team-Innovators-Docs/IT/week-3/ros2_ws/install/tekbot_description' for CMake module files
[1.303s] Level 1:colcon.colcon_core.environment:checking '/home/innovator/2025-Team-Innovators-Docs/IT/week-3/ros2_ws/install/tekbot_description' for CMake config files
[1.304s] DEBUG:colcon.colcon_core.event_handler.log_command:Invoked command in '/home/innovator/2025-Team-Innovators-Docs/IT/week-3/ros2_ws/build/maze_solving' returned '0': /usr/bin/cmake --install /home/innovator/2025-Team-Innovators-Docs/IT/week-3/ros2_ws/build/maze_solving
[1.305s] DEBUG:colcon.colcon_core.event_handler.log_command:Invoked command in '/home/innovator/2025-Team-Innovators-Docs/IT/week-3/ros2_ws/build/tekbot_description' returned '0': /usr/bin/cmake --build /home/innovator/2025-Team-Innovators-Docs/IT/week-3/ros2_ws/build/tekbot_description -- -j4 -l4
[1.305s] DEBUG:colcon.colcon_core.event_handler.log_command:Invoking command in '/home/innovator/2025-Team-Innovators-Docs/IT/week-3/ros2_ws/build/tekbot_description': /usr/bin/cmake --install /home/innovator/2025-Team-Innovators-Docs/IT/week-3/ros2_ws/build/tekbot_description
[1.308s] Level 1:colcon.colcon_core.shell:create_environment_hook('tekbot_description', 'cmake_prefix_path')
[1.308s] INFO:colcon.colcon_core.shell:Creating environment hook '/home/innovator/2025-Team-Innovators-Docs/IT/week-3/ros2_ws/install/tekbot_description/share/tekbot_description/hook/cmake_prefix_path.ps1'
[1.309s] INFO:colcon.colcon_core.shell:Creating environment descriptor '/home/innovator/2025-Team-Innovators-Docs/IT/week-3/ros2_ws/install/tekbot_description/share/tekbot_description/hook/cmake_prefix_path.dsv'
[1.310s] INFO:colcon.colcon_core.shell:Creating environment hook '/home/innovator/2025-Team-Innovators-Docs/IT/week-3/ros2_ws/install/tekbot_description/share/tekbot_description/hook/cmake_prefix_path.sh'
[1.311s] DEBUG:colcon.colcon_core.event_handler.log_command:Invoked command in '/home/innovator/2025-Team-Innovators-Docs/IT/week-3/ros2_ws/build/tekbot_description' returned '0': /usr/bin/cmake --install /home/innovator/2025-Team-Innovators-Docs/IT/week-3/ros2_ws/build/tekbot_description
[1.311s] Level 1:colcon.colcon_core.environment:checking '/home/innovator/2025-Team-Innovators-Docs/IT/week-3/ros2_ws/install/tekbot_description/bin'
[1.311s] Level 1:colcon.colcon_core.environment:checking '/home/innovator/2025-Team-Innovators-Docs/IT/week-3/ros2_ws/install/tekbot_description/lib/pkgconfig/tekbot_description.pc'
[1.312s] Level 1:colcon.colcon_core.environment:checking '/home/innovator/2025-Team-Innovators-Docs/IT/week-3/ros2_ws/install/tekbot_description/lib/python3.10/site-packages'
[1.312s] Level 1:colcon.colcon_core.environment:checking '/home/innovator/2025-Team-Innovators-Docs/IT/week-3/ros2_ws/install/tekbot_description/bin'
[1.312s] INFO:colcon.colcon_core.shell:Creating package script '/home/innovator/2025-Team-Innovators-Docs/IT/week-3/ros2_ws/install/tekbot_description/share/tekbot_description/package.ps1'
[1.313s] INFO:colcon.colcon_core.shell:Creating package descriptor '/home/innovator/2025-Team-Innovators-Docs/IT/week-3/ros2_ws/install/tekbot_description/share/tekbot_description/package.dsv'
[1.313s] INFO:colcon.colcon_core.shell:Creating package script '/home/innovator/2025-Team-Innovators-Docs/IT/week-3/ros2_ws/install/tekbot_description/share/tekbot_description/package.sh'
[1.314s] INFO:colcon.colcon_core.shell:Creating package script '/home/innovator/2025-Team-Innovators-Docs/IT/week-3/ros2_ws/install/tekbot_description/share/tekbot_description/package.bash'
[1.315s] INFO:colcon.colcon_core.shell:Creating package script '/home/innovator/2025-Team-Innovators-Docs/IT/week-3/ros2_ws/install/tekbot_description/share/tekbot_description/package.zsh'
[1.315s] Level 1:colcon.colcon_core.environment:create_file_with_runtime_dependencies(/home/innovator/2025-Team-Innovators-Docs/IT/week-3/ros2_ws/install/tekbot_description/share/colcon-core/packages/tekbot_description)
[1.317s] Level 1:colcon.colcon_core.environment:create_environment_scripts_only(tekbot_description)
[1.317s] Level 1:colcon.colcon_core.environment:checking '/home/innovator/2025-Team-Innovators-Docs/IT/week-3/ros2_ws/install/tekbot_description' for CMake module files
[1.318s] Level 1:colcon.colcon_core.environment:checking '/home/innovator/2025-Team-Innovators-Docs/IT/week-3/ros2_ws/install/tekbot_description' for CMake config files
[1.318s] Level 1:colcon.colcon_core.shell:create_environment_hook('tekbot_description', 'cmake_prefix_path')
[1.318s] INFO:colcon.colcon_core.shell:Creating environment hook '/home/innovator/2025-Team-Innovators-Docs/IT/week-3/ros2_ws/install/tekbot_description/share/tekbot_description/hook/cmake_prefix_path.ps1'
[1.319s] INFO:colcon.colcon_core.shell:Creating environment descriptor '/home/innovator/2025-Team-Innovators-Docs/IT/week-3/ros2_ws/install/tekbot_description/share/tekbot_description/hook/cmake_prefix_path.dsv'
[1.319s] INFO:colcon.colcon_core.shell:Creating environment hook '/home/innovator/2025-Team-Innovators-Docs/IT/week-3/ros2_ws/install/tekbot_description/share/tekbot_description/hook/cmake_prefix_path.sh'
[1.320s] Level 1:colcon.colcon_core.environment:checking '/home/innovator/2025-Team-Innovators-Docs/IT/week-3/ros2_ws/install/tekbot_description/bin'
[1.320s] Level 1:colcon.colcon_core.environment:checking '/home/innovator/2025-Team-Innovators-Docs/IT/week-3/ros2_ws/install/tekbot_description/lib/pkgconfig/tekbot_description.pc'
[1.320s] Level 1:colcon.colcon_core.environment:checking '/home/innovator/2025-Team-Innovators-Docs/IT/week-3/ros2_ws/install/tekbot_description/lib/python3.10/site-packages'
[1.320s] Level 1:colcon.colcon_core.environment:checking '/home/innovator/2025-Team-Innovators-Docs/IT/week-3/ros2_ws/install/tekbot_description/bin'
[1.321s] INFO:colcon.colcon_core.shell:Creating package script '/home/innovator/2025-Team-Innovators-Docs/IT/week-3/ros2_ws/install/tekbot_description/share/tekbot_description/package.ps1'
[1.321s] INFO:colcon.colcon_core.shell:Creating package descriptor '/home/innovator/2025-Team-Innovators-Docs/IT/week-3/ros2_ws/install/tekbot_description/share/tekbot_description/package.dsv'
[1.322s] INFO:colcon.colcon_core.shell:Creating package script '/home/innovator/2025-Team-Innovators-Docs/IT/week-3/ros2_ws/install/tekbot_description/share/tekbot_description/package.sh'
[1.322s] INFO:colcon.colcon_core.shell:Creating package script '/home/innovator/2025-Team-Innovators-Docs/IT/week-3/ros2_ws/install/tekbot_description/share/tekbot_description/package.bash'
[1.323s] INFO:colcon.colcon_core.shell:Creating package script '/home/innovator/2025-Team-Innovators-Docs/IT/week-3/ros2_ws/install/tekbot_description/share/tekbot_description/package.zsh'
[1.323s] Level 1:colcon.colcon_core.environment:create_file_with_runtime_dependencies(/home/innovator/2025-Team-Innovators-Docs/IT/week-3/ros2_ws/install/tekbot_description/share/colcon-core/packages/tekbot_description)
[1.787s] DEBUG:colcon.colcon_core.event_handler.log_command:Invoking command in '/home/innovator/2025-Team-Innovators-Docs/IT/week-3/ros2_ws/src/pathfinding_nav': PYTHONPATH=/home/innovator/2025-Team-Innovators-Docs/IT/week-3/ros2_ws/build/pathfinding_nav/prefix_override:/usr/lib/python3/dist-packages/colcon_core/task/python/colcon_distutils_commands:/home/innovator/2025-Team-Innovators-Docs/IT/week-3/ros2_ws/install/pathfinding_nav/lib/python3.10/site-packages: /usr/bin/python3 -W ignore:setup.py install is deprecated -W ignore:easy_install command is deprecated setup.py egg_info --egg-base ../../build/pathfinding_nav build --build-base /home/innovator/2025-Team-Innovators-Docs/IT/week-3/ros2_ws/build/pathfinding_nav/build install --record /home/innovator/2025-Team-Innovators-Docs/IT/week-3/ros2_ws/build/pathfinding_nav/install.log --single-version-externally-managed install_data
[2.072s] Level 1:colcon.colcon_core.environment:checking '/home/innovator/2025-Team-Innovators-Docs/IT/week-3/ros2_ws/install/pathfinding_nav' for CMake module files
[2.072s] DEBUG:colcon.colcon_core.event_handler.log_command:Invoked command in '/home/innovator/2025-Team-Innovators-Docs/IT/week-3/ros2_ws/src/pathfinding_nav' returned '0': PYTHONPATH=/home/innovator/2025-Team-Innovators-Docs/IT/week-3/ros2_ws/build/pathfinding_nav/prefix_override:/usr/lib/python3/dist-packages/colcon_core/task/python/colcon_distutils_commands:/home/innovator/2025-Team-Innovators-Docs/IT/week-3/ros2_ws/install/pathfinding_nav/lib/python3.10/site-packages: /usr/bin/python3 -W ignore:setup.py install is deprecated -W ignore:easy_install command is deprecated setup.py egg_info --egg-base ../../build/pathfinding_nav build --build-base /home/innovator/2025-Team-Innovators-Docs/IT/week-3/ros2_ws/build/pathfinding_nav/build install --record /home/innovator/2025-Team-Innovators-Docs/IT/week-3/ros2_ws/build/pathfinding_nav/install.log --single-version-externally-managed install_data
[2.073s] Level 1:colcon.colcon_core.environment:checking '/home/innovator/2025-Team-Innovators-Docs/IT/week-3/ros2_ws/install/pathfinding_nav' for CMake config files
[2.073s] Level 1:colcon.colcon_core.environment:checking '/home/innovator/2025-Team-Innovators-Docs/IT/week-3/ros2_ws/install/pathfinding_nav/lib'
[2.073s] Level 1:colcon.colcon_core.environment:checking '/home/innovator/2025-Team-Innovators-Docs/IT/week-3/ros2_ws/install/pathfinding_nav/bin'
[2.074s] Level 1:colcon.colcon_core.environment:checking '/home/innovator/2025-Team-Innovators-Docs/IT/week-3/ros2_ws/install/pathfinding_nav/lib/pkgconfig/pathfinding_nav.pc'
[2.074s] Level 1:colcon.colcon_core.environment:checking '/home/innovator/2025-Team-Innovators-Docs/IT/week-3/ros2_ws/install/pathfinding_nav/lib/python3.10/site-packages'
[2.074s] Level 1:colcon.colcon_core.shell:create_environment_hook('pathfinding_nav', 'pythonpath')
[2.074s] INFO:colcon.colcon_core.shell:Creating environment hook '/home/innovator/2025-Team-Innovators-Docs/IT/week-3/ros2_ws/install/pathfinding_nav/share/pathfinding_nav/hook/pythonpath.ps1'
[2.075s] INFO:colcon.colcon_core.shell:Creating environment descriptor '/home/innovator/2025-Team-Innovators-Docs/IT/week-3/ros2_ws/install/pathfinding_nav/share/pathfinding_nav/hook/pythonpath.dsv'
[2.075s] INFO:colcon.colcon_core.shell:Creating environment hook '/home/innovator/2025-Team-Innovators-Docs/IT/week-3/ros2_ws/install/pathfinding_nav/share/pathfinding_nav/hook/pythonpath.sh'
[2.076s] Level 1:colcon.colcon_core.environment:checking '/home/innovator/2025-Team-Innovators-Docs/IT/week-3/ros2_ws/install/pathfinding_nav/bin'
[2.076s] Level 1:colcon.colcon_core.environment:create_environment_scripts_only(pathfinding_nav)
[2.076s] INFO:colcon.colcon_core.shell:Creating package script '/home/innovator/2025-Team-Innovators-Docs/IT/week-3/ros2_ws/install/pathfinding_nav/share/pathfinding_nav/package.ps1'
[2.077s] INFO:colcon.colcon_core.shell:Creating package descriptor '/home/innovator/2025-Team-Innovators-Docs/IT/week-3/ros2_ws/install/pathfinding_nav/share/pathfinding_nav/package.dsv'
[2.077s] INFO:colcon.colcon_core.shell:Creating package script '/home/innovator/2025-Team-Innovators-Docs/IT/week-3/ros2_ws/install/pathfinding_nav/share/pathfinding_nav/package.sh'
[2.078s] INFO:colcon.colcon_core.shell:Creating package script '/home/innovator/2025-Team-Innovators-Docs/IT/week-3/ros2_ws/install/pathfinding_nav/share/pathfinding_nav/package.bash'
[2.079s] INFO:colcon.colcon_core.shell:Creating package script '/home/innovator/2025-Team-Innovators-Docs/IT/week-3/ros2_ws/install/pathfinding_nav/share/pathfinding_nav/package.zsh'
[2.079s] Level 1:colcon.colcon_core.environment:create_file_with_runtime_dependencies(/home/innovator/2025-Team-Innovators-Docs/IT/week-3/ros2_ws/install/pathfinding_nav/share/colcon-core/packages/pathfinding_nav)
[2.079s] DEBUG:colcon.colcon_parallel_executor.executor.parallel:closing loop
[2.080s] DEBUG:colcon.colcon_parallel_executor.executor.parallel:loop closed
[2.080s] DEBUG:colcon.colcon_parallel_executor.executor.parallel:run_until_complete finished with '0'
[2.080s] DEBUG:colcon.colcon_core.event_reactor:joining thread
[2.087s] INFO:colcon.colcon_core.plugin_system:Skipping extension 'colcon_notification.desktop_notification.terminal_notifier': Not used on non-Darwin systems
[2.088s] INFO:colcon.colcon_core.plugin_system:Skipping extension 'colcon_notification.desktop_notification.win32': Not used on non-Windows systems
[2.088s] INFO:colcon.colcon_notification.desktop_notification:Sending desktop notification using 'notify2'
[2.108s] DEBUG:colcon.colcon_core.event_reactor:joined thread
[2.110s] INFO:colcon.colcon_core.shell:Creating prefix script '/home/innovator/2025-Team-Innovators-Docs/IT/week-3/ros2_ws/install/local_setup.ps1'
[2.116s] INFO:colcon.colcon_core.shell:Creating prefix util module '/home/innovator/2025-Team-Innovators-Docs/IT/week-3/ros2_ws/install/_local_setup_util_ps1.py'
[2.123s] INFO:colcon.colcon_core.shell:Creating prefix chain script '/home/innovator/2025-Team-Innovators-Docs/IT/week-3/ros2_ws/install/setup.ps1'
[2.125s] INFO:colcon.colcon_core.shell:Creating prefix script '/home/innovator/2025-Team-Innovators-Docs/IT/week-3/ros2_ws/install/local_setup.sh'
[2.128s] INFO:colcon.colcon_core.shell:Creating prefix util module '/home/innovator/2025-Team-Innovators-Docs/IT/week-3/ros2_ws/install/_local_setup_util_sh.py'
[2.129s] INFO:colcon.colcon_core.shell:Creating prefix chain script '/home/innovator/2025-Team-Innovators-Docs/IT/week-3/ros2_ws/install/setup.sh'
[2.132s] INFO:colcon.colcon_core.shell:Creating prefix script '/home/innovator/2025-Team-Innovators-Docs/IT/week-3/ros2_ws/install/local_setup.bash'
[2.134s] INFO:colcon.colcon_core.shell:Creating prefix chain script '/home/innovator/2025-Team-Innovators-Docs/IT/week-3/ros2_ws/install/setup.bash'
[2.135s] INFO:colcon.colcon_core.shell:Creating prefix script '/home/innovator/2025-Team-Innovators-Docs/IT/week-3/ros2_ws/install/local_setup.zsh'
[2.137s] INFO:colcon.colcon_core.shell:Creating prefix chain script '/home/innovator/2025-Team-Innovators-Docs/IT/week-3/ros2_ws/install/setup.zsh'
