running egg_info
creating ../../build/pathfinding_nav/pathfinding_nav.egg-info
writing ../../build/pathfinding_nav/pathfinding_nav.egg-info/PKG-INFO
writing dependency_links to ../../build/pathfinding_nav/pathfinding_nav.egg-info/dependency_links.txt
writing entry points to ../../build/pathfinding_nav/pathfinding_nav.egg-info/entry_points.txt
writing requirements to ../../build/pathfinding_nav/pathfinding_nav.egg-info/requires.txt
writing top-level names to ../../build/pathfinding_nav/pathfinding_nav.egg-info/top_level.txt
writing manifest file '../../build/pathfinding_nav/pathfinding_nav.egg-info/SOURCES.txt'
reading manifest file '../../build/pathfinding_nav/pathfinding_nav.egg-info/SOURCES.txt'
writing manifest file '../../build/pathfinding_nav/pathfinding_nav.egg-info/SOURCES.txt'
running build
running build_py
creating /home/innovator/2025-Team-Innovators-Docs/IT/week-3/ros2_ws/build/pathfinding_nav/build
creating /home/innovator/2025-Team-Innovators-Docs/IT/week-3/ros2_ws/build/pathfinding_nav/build/lib
creating /home/innovator/2025-Team-Innovators-Docs/IT/week-3/ros2_ws/build/pathfinding_nav/build/lib/pathfinding_nav
copying pathfinding_nav/pathfinder.py -> /home/innovator/2025-Team-Innovators-Docs/IT/week-3/ros2_ws/build/pathfinding_nav/build/lib/pathfinding_nav
copying pathfinding_nav/__init__.py -> /home/innovator/2025-Team-Innovators-Docs/IT/week-3/ros2_ws/build/pathfinding_nav/build/lib/pathfinding_nav
running install
running install_lib
creating /home/innovator/2025-Team-Innovators-Docs/IT/week-3/ros2_ws/install/pathfinding_nav/lib/python3.10/site-packages/pathfinding_nav
copying /home/innovator/2025-Team-Innovators-Docs/IT/week-3/ros2_ws/build/pathfinding_nav/build/lib/pathfinding_nav/pathfinder.py -> /home/innovator/2025-Team-Innovators-Docs/IT/week-3/ros2_ws/install/pathfinding_nav/lib/python3.10/site-packages/pathfinding_nav
copying /home/innovator/2025-Team-Innovators-Docs/IT/week-3/ros2_ws/build/pathfinding_nav/build/lib/pathfinding_nav/__init__.py -> /home/innovator/2025-Team-Innovators-Docs/IT/week-3/ros2_ws/install/pathfinding_nav/lib/python3.10/site-packages/pathfinding_nav
byte-compiling /home/innovator/2025-Team-Innovators-Docs/IT/week-3/ros2_ws/install/pathfinding_nav/lib/python3.10/site-packages/pathfinding_nav/pathfinder.py to pathfinder.cpython-310.pyc
byte-compiling /home/innovator/2025-Team-Innovators-Docs/IT/week-3/ros2_ws/install/pathfinding_nav/lib/python3.10/site-packages/pathfinding_nav/__init__.py to __init__.cpython-310.pyc
running install_data
creating /home/innovator/2025-Team-Innovators-Docs/IT/week-3/ros2_ws/install/pathfinding_nav/share/pathfinding_nav/launch
copying launch/pathfinding_launch.py -> /home/innovator/2025-Team-Innovators-Docs/IT/week-3/ros2_ws/install/pathfinding_nav/share/pathfinding_nav/launch
copying package.xml -> /home/innovator/2025-Team-Innovators-Docs/IT/week-3/ros2_ws/install/pathfinding_nav/share/pathfinding_nav
running install_egg_info
Copying ../../build/pathfinding_nav/pathfinding_nav.egg-info to /home/innovator/2025-Team-Innovators-Docs/IT/week-3/ros2_ws/install/pathfinding_nav/lib/python3.10/site-packages/pathfinding_nav-0.1.0-py3.10.egg-info
running install_scripts
Installing pathfinder script to /home/innovator/2025-Team-Innovators-Docs/IT/week-3/ros2_ws/install/pathfinding_nav/lib/pathfinding_nav
writing list of installed files to '/home/innovator/2025-Team-Innovators-Docs/IT/week-3/ros2_ws/build/pathfinding_nav/install.log'
