[1.240s] Invoking command in '/home/innovator/2025-Team-Innovators-Docs/IT/week-3/ros2_ws/src/pathfinding_nav': PYTHONPATH=/home/innovator/2025-Team-Innovators-Docs/IT/week-3/ros2_ws/build/pathfinding_nav/prefix_override:/usr/lib/python3/dist-packages/colcon_core/task/python/colcon_distutils_commands:/home/innovator/2025-Team-Innovators-Docs/IT/week-3/ros2_ws/install/pathfinding_nav/lib/python3.10/site-packages:${PYTHONPATH} /usr/bin/python3 -W ignore:setup.py install is deprecated -W ignore:easy_install command is deprecated setup.py egg_info --egg-base ../../build/pathfinding_nav build --build-base /home/innovator/2025-Team-Innovators-Docs/IT/week-3/ros2_ws/build/pathfinding_nav/build install --record /home/innovator/2025-Team-Innovators-Docs/IT/week-3/ros2_ws/build/pathfinding_nav/install.log --single-version-externally-managed install_data
[2.024s] running egg_info
[2.024s] creating ../../build/pathfinding_nav/pathfinding_nav.egg-info
[2.024s] writing ../../build/pathfinding_nav/pathfinding_nav.egg-info/PKG-INFO
[2.024s] writing dependency_links to ../../build/pathfinding_nav/pathfinding_nav.egg-info/dependency_links.txt
[2.026s] writing entry points to ../../build/pathfinding_nav/pathfinding_nav.egg-info/entry_points.txt
[2.026s] writing requirements to ../../build/pathfinding_nav/pathfinding_nav.egg-info/requires.txt
[2.027s] writing top-level names to ../../build/pathfinding_nav/pathfinding_nav.egg-info/top_level.txt
[2.030s] writing manifest file '../../build/pathfinding_nav/pathfinding_nav.egg-info/SOURCES.txt'
[2.031s] reading manifest file '../../build/pathfinding_nav/pathfinding_nav.egg-info/SOURCES.txt'
[2.031s] writing manifest file '../../build/pathfinding_nav/pathfinding_nav.egg-info/SOURCES.txt'
[2.032s] running build
[2.032s] running build_py
[2.032s] creating /home/innovator/2025-Team-Innovators-Docs/IT/week-3/ros2_ws/build/pathfinding_nav/build
[2.032s] creating /home/innovator/2025-Team-Innovators-Docs/IT/week-3/ros2_ws/build/pathfinding_nav/build/lib
[2.032s] creating /home/innovator/2025-Team-Innovators-Docs/IT/week-3/ros2_ws/build/pathfinding_nav/build/lib/pathfinding_nav
[2.033s] copying pathfinding_nav/pathfinder.py -> /home/innovator/2025-Team-Innovators-Docs/IT/week-3/ros2_ws/build/pathfinding_nav/build/lib/pathfinding_nav
[2.034s] copying pathfinding_nav/__init__.py -> /home/innovator/2025-Team-Innovators-Docs/IT/week-3/ros2_ws/build/pathfinding_nav/build/lib/pathfinding_nav
[2.035s] running install
[2.035s] running install_lib
[2.036s] creating /home/innovator/2025-Team-Innovators-Docs/IT/week-3/ros2_ws/install/pathfinding_nav/lib/python3.10/site-packages/pathfinding_nav
[2.041s] copying /home/innovator/2025-Team-Innovators-Docs/IT/week-3/ros2_ws/build/pathfinding_nav/build/lib/pathfinding_nav/pathfinder.py -> /home/innovator/2025-Team-Innovators-Docs/IT/week-3/ros2_ws/install/pathfinding_nav/lib/python3.10/site-packages/pathfinding_nav
[2.042s] copying /home/innovator/2025-Team-Innovators-Docs/IT/week-3/ros2_ws/build/pathfinding_nav/build/lib/pathfinding_nav/__init__.py -> /home/innovator/2025-Team-Innovators-Docs/IT/week-3/ros2_ws/install/pathfinding_nav/lib/python3.10/site-packages/pathfinding_nav
[2.042s] byte-compiling /home/innovator/2025-Team-Innovators-Docs/IT/week-3/ros2_ws/install/pathfinding_nav/lib/python3.10/site-packages/pathfinding_nav/pathfinder.py to pathfinder.cpython-310.pyc
[2.047s] byte-compiling /home/innovator/2025-Team-Innovators-Docs/IT/week-3/ros2_ws/install/pathfinding_nav/lib/python3.10/site-packages/pathfinding_nav/__init__.py to __init__.cpython-310.pyc
[2.047s] running install_data
[2.052s] creating /home/innovator/2025-Team-Innovators-Docs/IT/week-3/ros2_ws/install/pathfinding_nav/share/pathfinding_nav/launch
[2.053s] copying launch/pathfinding_launch.py -> /home/innovator/2025-Team-Innovators-Docs/IT/week-3/ros2_ws/install/pathfinding_nav/share/pathfinding_nav/launch
[2.053s] copying package.xml -> /home/innovator/2025-Team-Innovators-Docs/IT/week-3/ros2_ws/install/pathfinding_nav/share/pathfinding_nav
[2.053s] running install_egg_info
[2.054s] Copying ../../build/pathfinding_nav/pathfinding_nav.egg-info to /home/innovator/2025-Team-Innovators-Docs/IT/week-3/ros2_ws/install/pathfinding_nav/lib/python3.10/site-packages/pathfinding_nav-0.1.0-py3.10.egg-info
[2.060s] running install_scripts
[2.104s] Installing pathfinder script to /home/innovator/2025-Team-Innovators-Docs/IT/week-3/ros2_ws/install/pathfinding_nav/lib/pathfinding_nav
[2.106s] writing list of installed files to '/home/innovator/2025-Team-Innovators-Docs/IT/week-3/ros2_ws/build/pathfinding_nav/install.log'
[2.158s] Invoked command in '/home/innovator/2025-Team-Innovators-Docs/IT/week-3/ros2_ws/src/pathfinding_nav' returned '0': PYTHONPATH=/home/innovator/2025-Team-Innovators-Docs/IT/week-3/ros2_ws/build/pathfinding_nav/prefix_override:/usr/lib/python3/dist-packages/colcon_core/task/python/colcon_distutils_commands:/home/innovator/2025-Team-Innovators-Docs/IT/week-3/ros2_ws/install/pathfinding_nav/lib/python3.10/site-packages:${PYTHONPATH} /usr/bin/python3 -W ignore:setup.py install is deprecated -W ignore:easy_install command is deprecated setup.py egg_info --egg-base ../../build/pathfinding_nav build --build-base /home/innovator/2025-Team-Innovators-Docs/IT/week-3/ros2_ws/build/pathfinding_nav/build install --record /home/innovator/2025-Team-Innovators-Docs/IT/week-3/ros2_ws/build/pathfinding_nav/install.log --single-version-externally-managed install_data
