[0.274s] Invoking command in '/home/innovator/2025-Team-Innovators-Docs/IT/week-3/ros2_ws/build/tekbot_control': /usr/bin/cmake --build /home/innovator/2025-Team-Innovators-Docs/IT/week-3/ros2_ws/build/tekbot_control -- -j4 -l4
[0.452s] Invoked command in '/home/innovator/2025-Team-Innovators-Docs/IT/week-3/ros2_ws/build/tekbot_control' returned '0': /usr/bin/cmake --build /home/innovator/2025-Team-Innovators-Docs/IT/week-3/ros2_ws/build/tekbot_control -- -j4 -l4
[0.453s] Invoking command in '/home/innovator/2025-Team-Innovators-Docs/IT/week-3/ros2_ws/build/tekbot_control': /usr/bin/cmake --install /home/innovator/2025-Team-Innovators-Docs/IT/week-3/ros2_ws/build/tekbot_control
[0.473s] -- Install configuration: ""
[0.473s] -- Up-to-date: /home/innovator/2025-Team-Innovators-Docs/IT/week-3/ros2_ws/install/tekbot_control/share/ament_index/resource_index/package_run_dependencies/tekbot_control
[0.473s] -- Up-to-date: /home/innovator/2025-Team-Innovators-Docs/IT/week-3/ros2_ws/install/tekbot_control/share/ament_index/resource_index/parent_prefix_path/tekbot_control
[0.473s] -- Up-to-date: /home/innovator/2025-Team-Innovators-Docs/IT/week-3/ros2_ws/install/tekbot_control/share/tekbot_control/environment/ament_prefix_path.sh
[0.474s] -- Up-to-date: /home/innovator/2025-Team-Innovators-Docs/IT/week-3/ros2_ws/install/tekbot_control/share/tekbot_control/environment/ament_prefix_path.dsv
[0.474s] -- Up-to-date: /home/innovator/2025-Team-Innovators-Docs/IT/week-3/ros2_ws/install/tekbot_control/share/tekbot_control/environment/path.sh
[0.474s] -- Up-to-date: /home/innovator/2025-Team-Innovators-Docs/IT/week-3/ros2_ws/install/tekbot_control/share/tekbot_control/environment/path.dsv
[0.474s] -- Up-to-date: /home/innovator/2025-Team-Innovators-Docs/IT/week-3/ros2_ws/install/tekbot_control/share/tekbot_control/local_setup.bash
[0.474s] -- Up-to-date: /home/innovator/2025-Team-Innovators-Docs/IT/week-3/ros2_ws/install/tekbot_control/share/tekbot_control/local_setup.sh
[0.479s] -- Up-to-date: /home/innovator/2025-Team-Innovators-Docs/IT/week-3/ros2_ws/install/tekbot_control/share/tekbot_control/local_setup.zsh
[0.479s] -- Up-to-date: /home/innovator/2025-Team-Innovators-Docs/IT/week-3/ros2_ws/install/tekbot_control/share/tekbot_control/local_setup.dsv
[0.483s] -- Installing: /home/innovator/2025-Team-Innovators-Docs/IT/week-3/ros2_ws/install/tekbot_control/share/tekbot_control/package.dsv
[0.483s] -- Up-to-date: /home/innovator/2025-Team-Innovators-Docs/IT/week-3/ros2_ws/install/tekbot_control/share/ament_index/resource_index/packages/tekbot_control
[0.484s] -- Up-to-date: /home/innovator/2025-Team-Innovators-Docs/IT/week-3/ros2_ws/install/tekbot_control/share/tekbot_control/cmake/tekbot_controlConfig.cmake
[0.484s] -- Up-to-date: /home/innovator/2025-Team-Innovators-Docs/IT/week-3/ros2_ws/install/tekbot_control/share/tekbot_control/cmake/tekbot_controlConfig-version.cmake
[0.484s] -- Up-to-date: /home/innovator/2025-Team-Innovators-Docs/IT/week-3/ros2_ws/install/tekbot_control/share/tekbot_control/package.xml
[0.484s] -- Up-to-date: /home/innovator/2025-Team-Innovators-Docs/IT/week-3/ros2_ws/install/tekbot_control/share/tekbot_control/launch
[0.488s] -- Up-to-date: /home/innovator/2025-Team-Innovators-Docs/IT/week-3/ros2_ws/install/tekbot_control/share/tekbot_control/launch/ekf_localization.launch.py
[0.488s] -- Up-to-date: /home/innovator/2025-Team-Innovators-Docs/IT/week-3/ros2_ws/install/tekbot_control/share/tekbot_control/launch/tekbot_teleop_joy.launch.py
[0.488s] -- Up-to-date: /home/innovator/2025-Team-Innovators-Docs/IT/week-3/ros2_ws/install/tekbot_control/share/tekbot_control/config
[0.489s] -- Up-to-date: /home/innovator/2025-Team-Innovators-Docs/IT/week-3/ros2_ws/install/tekbot_control/share/tekbot_control/config/localization.yaml
[0.489s] -- Up-to-date: /home/innovator/2025-Team-Innovators-Docs/IT/week-3/ros2_ws/install/tekbot_control/share/tekbot_control/config/teleop_mactech.yaml
[0.516s] Invoked command in '/home/innovator/2025-Team-Innovators-Docs/IT/week-3/ros2_ws/build/tekbot_control' returned '0': /usr/bin/cmake --install /home/innovator/2025-Team-Innovators-Docs/IT/week-3/ros2_ws/build/tekbot_control
