[0.817s] Invoking command in '/home/innovator/2025-Team-Innovators-Docs/IT/week-3/ros2_ws/src/pathfinding_nav': PYTHONPATH=/home/innovator/2025-Team-Innovators-Docs/IT/week-3/ros2_ws/build/pathfinding_nav/prefix_override:/usr/lib/python3/dist-packages/colcon_core/task/python/colcon_distutils_commands:/home/innovator/2025-Team-Innovators-Docs/IT/week-3/ros2_ws/install/pathfinding_nav/lib/python3.10/site-packages: /usr/bin/python3 -W ignore:setup.py install is deprecated -W ignore:easy_install command is deprecated setup.py egg_info --egg-base ../../build/pathfinding_nav build --build-base /home/innovator/2025-Team-Innovators-Docs/IT/week-3/ros2_ws/build/pathfinding_nav/build install --record /home/innovator/2025-Team-Innovators-Docs/IT/week-3/ros2_ws/build/pathfinding_nav/install.log --single-version-externally-managed install_data
[1.042s] running egg_info
[1.042s] writing ../../build/pathfinding_nav/pathfinding_nav.egg-info/PKG-INFO
[1.043s] writing dependency_links to ../../build/pathfinding_nav/pathfinding_nav.egg-info/dependency_links.txt
[1.043s] writing entry points to ../../build/pathfinding_nav/pathfinding_nav.egg-info/entry_points.txt
[1.043s] writing requirements to ../../build/pathfinding_nav/pathfinding_nav.egg-info/requires.txt
[1.043s] writing top-level names to ../../build/pathfinding_nav/pathfinding_nav.egg-info/top_level.txt
[1.046s] reading manifest file '../../build/pathfinding_nav/pathfinding_nav.egg-info/SOURCES.txt'
[1.047s] writing manifest file '../../build/pathfinding_nav/pathfinding_nav.egg-info/SOURCES.txt'
[1.047s] running build
[1.047s] running build_py
[1.047s] copying pathfinding_nav/pathfinder.py -> /home/innovator/2025-Team-Innovators-Docs/IT/week-3/ros2_ws/build/pathfinding_nav/build/lib/pathfinding_nav
[1.047s] running install
[1.048s] running install_lib
[1.049s] copying /home/innovator/2025-Team-Innovators-Docs/IT/week-3/ros2_ws/build/pathfinding_nav/build/lib/pathfinding_nav/pathfinder.py -> /home/innovator/2025-Team-Innovators-Docs/IT/week-3/ros2_ws/install/pathfinding_nav/lib/python3.10/site-packages/pathfinding_nav
[1.049s] byte-compiling /home/innovator/2025-Team-Innovators-Docs/IT/week-3/ros2_ws/install/pathfinding_nav/lib/python3.10/site-packages/pathfinding_nav/pathfinder.py to pathfinder.cpython-310.pyc
[1.052s] running install_data
[1.052s] running install_egg_info
[1.054s] removing '/home/innovator/2025-Team-Innovators-Docs/IT/week-3/ros2_ws/install/pathfinding_nav/lib/python3.10/site-packages/pathfinding_nav-0.1.0-py3.10.egg-info' (and everything under it)
[1.054s] Copying ../../build/pathfinding_nav/pathfinding_nav.egg-info to /home/innovator/2025-Team-Innovators-Docs/IT/week-3/ros2_ws/install/pathfinding_nav/lib/python3.10/site-packages/pathfinding_nav-0.1.0-py3.10.egg-info
[1.055s] running install_scripts
[1.077s] Installing pathfinder script to /home/innovator/2025-Team-Innovators-Docs/IT/week-3/ros2_ws/install/pathfinding_nav/lib/pathfinding_nav
[1.078s] writing list of installed files to '/home/innovator/2025-Team-Innovators-Docs/IT/week-3/ros2_ws/build/pathfinding_nav/install.log'
[1.104s] Invoked command in '/home/innovator/2025-Team-Innovators-Docs/IT/week-3/ros2_ws/src/pathfinding_nav' returned '0': PYTHONPATH=/home/innovator/2025-Team-Innovators-Docs/IT/week-3/ros2_ws/build/pathfinding_nav/prefix_override:/usr/lib/python3/dist-packages/colcon_core/task/python/colcon_distutils_commands:/home/innovator/2025-Team-Innovators-Docs/IT/week-3/ros2_ws/install/pathfinding_nav/lib/python3.10/site-packages: /usr/bin/python3 -W ignore:setup.py install is deprecated -W ignore:easy_install command is deprecated setup.py egg_info --egg-base ../../build/pathfinding_nav build --build-base /home/innovator/2025-Team-Innovators-Docs/IT/week-3/ros2_ws/build/pathfinding_nav/build install --record /home/innovator/2025-Team-Innovators-Docs/IT/week-3/ros2_ws/build/pathfinding_nav/install.log --single-version-externally-managed install_data
